2025-11-23 10:39:58,273 DEBUG micropolis.main: Logging initialized. Console -> rich, File -> C:\Users\cyrex\files\projects\micropolis\logs\micropolis-20251123-103958.log
2025-11-23 10:39:58,278 INFO micropolis.engine: Welcome to Python Micropolis version 2025.11.11
2025-11-23 10:39:58,280 INFO micropolis.engine: Copyright (C) 2002 by Electronic Arts, Maxis. All rights reserved.
2025-11-23 10:39:58,308 DEBUG micropolis.engine: Map view surface not yet initialized (will be set during graphics setup)
2025-11-23 10:39:59,148 INFO micropolis.audio: Sound system initialized with 7 logical channels
2025-11-23 10:39:59,152 DEBUG root: Funds set to: $20000
2025-11-23 10:39:59,155 DEBUG root: Funds set to: $20000
2025-11-23 10:39:59,156 INFO root: Game level set to 0 (Easy) - Starting funds: $20000
2025-11-23 10:39:59,160 INFO root: Map cleared - all tiles set to DIRT
2025-11-23 10:39:59,164 DEBUG root: Funds set to: $0
2025-11-23 10:39:59,166 DEBUG root: Funds set to: $20000
2025-11-23 10:39:59,167 INFO root: Game level set to 0 (Easy) - Starting funds: $20000
2025-11-23 10:39:59,170 DEBUG micropolis.engine: Initializing pygame graphics...
2025-11-23 10:39:59,343 DEBUG micropolis.graphics_setup: [load_xpm_surface] Attempting to load: obj1-0.xpm
2025-11-23 10:39:59,347 DEBUG micropolis.graphics_setup: [get_resource_path] Looking for asset: filename='obj1-0.xpm', category=images, normalized='obj1-0.xpm'
2025-11-23 10:39:59,349 DEBUG micropolis.graphics_setup: [get_resource_path] Added image path variant: images/obj1-0.xpm
2025-11-23 10:39:59,351 DEBUG micropolis.graphics_setup: [get_resource_path] Trying candidate: 'obj1-0.xpm'
2025-11-23 10:39:59,354 INFO micropolis.graphics_setup: [get_resource_path] ✓ Resolved 'obj1-0.xpm' → 'C:\Users\cyrex\files\projects\micropolis\assets\images\obj1-0.png'
2025-11-23 10:39:59,358 DEBUG micropolis.graphics_setup: [load_xpm_surface] Resolved path: C:\Users\cyrex\files\projects\micropolis\assets\images\obj1-0.png
2025-11-23 10:39:59,361 INFO micropolis.graphics_setup: [load_xpm_surface] ✓ Successfully loaded obj1-0.xpm (32x32)
2025-11-23 10:39:59,364 DEBUG micropolis.graphics_setup: [load_xpm_surface] Attempting to load: obj1-1.xpm
2025-11-23 10:39:59,366 DEBUG micropolis.graphics_setup: [get_resource_path] Looking for asset: filename='obj1-1.xpm', category=images, normalized='obj1-1.xpm'
2025-11-23 10:39:59,370 DEBUG micropolis.graphics_setup: [get_resource_path] Added image path variant: images/obj1-1.xpm
2025-11-23 10:39:59,373 DEBUG micropolis.graphics_setup: [get_resource_path] Trying candidate: 'obj1-1.xpm'
2025-11-23 10:39:59,376 INFO micropolis.graphics_setup: [get_resource_path] ✓ Resolved 'obj1-1.xpm' → 'C:\Users\cyrex\files\projects\micropolis\assets\images\obj1-1.png'
2025-11-23 10:39:59,378 DEBUG micropolis.graphics_setup: [load_xpm_surface] Resolved path: C:\Users\cyrex\files\projects\micropolis\assets\images\obj1-1.png
2025-11-23 10:39:59,381 INFO micropolis.graphics_setup: [load_xpm_surface] ✓ Successfully loaded obj1-1.xpm (32x32)
2025-11-23 10:39:59,384 DEBUG micropolis.graphics_setup: [load_xpm_surface] Attempting to load: obj1-2.xpm
2025-11-23 10:39:59,386 DEBUG micropolis.graphics_setup: [get_resource_path] Looking for asset: filename='obj1-2.xpm', category=images, normalized='obj1-2.xpm'
2025-11-23 10:39:59,388 DEBUG micropolis.graphics_setup: [get_resource_path] Added image path variant: images/obj1-2.xpm
2025-11-23 10:39:59,391 DEBUG micropolis.graphics_setup: [get_resource_path] Trying candidate: 'obj1-2.xpm'
2025-11-23 10:39:59,394 INFO micropolis.graphics_setup: [get_resource_path] ✓ Resolved 'obj1-2.xpm' → 'C:\Users\cyrex\files\projects\micropolis\assets\images\obj1-2.png'
2025-11-23 10:39:59,397 DEBUG micropolis.graphics_setup: [load_xpm_surface] Resolved path: C:\Users\cyrex\files\projects\micropolis\assets\images\obj1-2.png
2025-11-23 10:39:59,400 INFO micropolis.graphics_setup: [load_xpm_surface] ✓ Successfully loaded obj1-2.xpm (32x32)
2025-11-23 10:39:59,402 DEBUG micropolis.graphics_setup: [load_xpm_surface] Attempting to load: obj1-3.xpm
2025-11-23 10:39:59,404 DEBUG micropolis.graphics_setup: [get_resource_path] Looking for asset: filename='obj1-3.xpm', category=images, normalized='obj1-3.xpm'
2025-11-23 10:39:59,407 DEBUG micropolis.graphics_setup: [get_resource_path] Added image path variant: images/obj1-3.xpm
2025-11-23 10:39:59,408 DEBUG micropolis.graphics_setup: [get_resource_path] Trying candidate: 'obj1-3.xpm'
2025-11-23 10:39:59,411 INFO micropolis.graphics_setup: [get_resource_path] ✓ Resolved 'obj1-3.xpm' → 'C:\Users\cyrex\files\projects\micropolis\assets\images\obj1-3.png'
2025-11-23 10:39:59,414 DEBUG micropolis.graphics_setup: [load_xpm_surface] Resolved path: C:\Users\cyrex\files\projects\micropolis\assets\images\obj1-3.png
2025-11-23 10:39:59,416 INFO micropolis.graphics_setup: [load_xpm_surface] ✓ Successfully loaded obj1-3.xpm (32x32)
2025-11-23 10:39:59,418 DEBUG micropolis.graphics_setup: [load_xpm_surface] Attempting to load: obj1-4.xpm
2025-11-23 10:39:59,421 DEBUG micropolis.graphics_setup: [get_resource_path] Looking for asset: filename='obj1-4.xpm', category=images, normalized='obj1-4.xpm'
2025-11-23 10:39:59,423 DEBUG micropolis.graphics_setup: [get_resource_path] Added image path variant: images/obj1-4.xpm
2025-11-23 10:39:59,425 DEBUG micropolis.graphics_setup: [get_resource_path] Trying candidate: 'obj1-4.xpm'
2025-11-23 10:39:59,428 INFO micropolis.graphics_setup: [get_resource_path] ✓ Resolved 'obj1-4.xpm' → 'C:\Users\cyrex\files\projects\micropolis\assets\images\obj1-4.png'
2025-11-23 10:39:59,430 DEBUG micropolis.graphics_setup: [load_xpm_surface] Resolved path: C:\Users\cyrex\files\projects\micropolis\assets\images\obj1-4.png
2025-11-23 10:39:59,433 INFO micropolis.graphics_setup: [load_xpm_surface] ✓ Successfully loaded obj1-4.xpm (32x32)
2025-11-23 10:39:59,435 DEBUG micropolis.graphics_setup: [load_xpm_surface] Attempting to load: obj2-0.xpm
2025-11-23 10:39:59,437 DEBUG micropolis.graphics_setup: [get_resource_path] Looking for asset: filename='obj2-0.xpm', category=images, normalized='obj2-0.xpm'
2025-11-23 10:39:59,439 DEBUG micropolis.graphics_setup: [get_resource_path] Added image path variant: images/obj2-0.xpm
2025-11-23 10:39:59,441 DEBUG micropolis.graphics_setup: [get_resource_path] Trying candidate: 'obj2-0.xpm'
2025-11-23 10:39:59,443 INFO micropolis.graphics_setup: [get_resource_path] ✓ Resolved 'obj2-0.xpm' → 'C:\Users\cyrex\files\projects\micropolis\assets\images\obj2-0.png'
2025-11-23 10:39:59,445 DEBUG micropolis.graphics_setup: [load_xpm_surface] Resolved path: C:\Users\cyrex\files\projects\micropolis\assets\images\obj2-0.png
2025-11-23 10:39:59,447 INFO micropolis.graphics_setup: [load_xpm_surface] ✓ Successfully loaded obj2-0.xpm (32x32)
2025-11-23 10:39:59,449 DEBUG micropolis.graphics_setup: [load_xpm_surface] Attempting to load: obj2-1.xpm
2025-11-23 10:39:59,451 DEBUG micropolis.graphics_setup: [get_resource_path] Looking for asset: filename='obj2-1.xpm', category=images, normalized='obj2-1.xpm'
2025-11-23 10:39:59,454 DEBUG micropolis.graphics_setup: [get_resource_path] Added image path variant: images/obj2-1.xpm
2025-11-23 10:39:59,455 DEBUG micropolis.graphics_setup: [get_resource_path] Trying candidate: 'obj2-1.xpm'
2025-11-23 10:39:59,458 INFO micropolis.graphics_setup: [get_resource_path] ✓ Resolved 'obj2-1.xpm' → 'C:\Users\cyrex\files\projects\micropolis\assets\images\obj2-1.png'
2025-11-23 10:39:59,460 DEBUG micropolis.graphics_setup: [load_xpm_surface] Resolved path: C:\Users\cyrex\files\projects\micropolis\assets\images\obj2-1.png
2025-11-23 10:39:59,462 INFO micropolis.graphics_setup: [load_xpm_surface] ✓ Successfully loaded obj2-1.xpm (32x32)
2025-11-23 10:39:59,464 DEBUG micropolis.graphics_setup: [load_xpm_surface] Attempting to load: obj2-2.xpm
2025-11-23 10:39:59,466 DEBUG micropolis.graphics_setup: [get_resource_path] Looking for asset: filename='obj2-2.xpm', category=images, normalized='obj2-2.xpm'
2025-11-23 10:39:59,469 DEBUG micropolis.graphics_setup: [get_resource_path] Added image path variant: images/obj2-2.xpm
2025-11-23 10:39:59,471 DEBUG micropolis.graphics_setup: [get_resource_path] Trying candidate: 'obj2-2.xpm'
2025-11-23 10:39:59,473 INFO micropolis.graphics_setup: [get_resource_path] ✓ Resolved 'obj2-2.xpm' → 'C:\Users\cyrex\files\projects\micropolis\assets\images\obj2-2.png'
2025-11-23 10:39:59,475 DEBUG micropolis.graphics_setup: [load_xpm_surface] Resolved path: C:\Users\cyrex\files\projects\micropolis\assets\images\obj2-2.png
2025-11-23 10:39:59,477 INFO micropolis.graphics_setup: [load_xpm_surface] ✓ Successfully loaded obj2-2.xpm (32x32)
2025-11-23 10:39:59,479 DEBUG micropolis.graphics_setup: [load_xpm_surface] Attempting to load: obj2-3.xpm
2025-11-23 10:39:59,480 DEBUG micropolis.graphics_setup: [get_resource_path] Looking for asset: filename='obj2-3.xpm', category=images, normalized='obj2-3.xpm'
2025-11-23 10:39:59,483 DEBUG micropolis.graphics_setup: [get_resource_path] Added image path variant: images/obj2-3.xpm
2025-11-23 10:39:59,484 DEBUG micropolis.graphics_setup: [get_resource_path] Trying candidate: 'obj2-3.xpm'
2025-11-23 10:39:59,487 INFO micropolis.graphics_setup: [get_resource_path] ✓ Resolved 'obj2-3.xpm' → 'C:\Users\cyrex\files\projects\micropolis\assets\images\obj2-3.png'
2025-11-23 10:39:59,489 DEBUG micropolis.graphics_setup: [load_xpm_surface] Resolved path: C:\Users\cyrex\files\projects\micropolis\assets\images\obj2-3.png
2025-11-23 10:39:59,491 INFO micropolis.graphics_setup: [load_xpm_surface] ✓ Successfully loaded obj2-3.xpm (32x32)
2025-11-23 10:39:59,492 DEBUG micropolis.graphics_setup: [load_xpm_surface] Attempting to load: obj2-4.xpm
2025-11-23 10:39:59,494 DEBUG micropolis.graphics_setup: [get_resource_path] Looking for asset: filename='obj2-4.xpm', category=images, normalized='obj2-4.xpm'
2025-11-23 10:39:59,496 DEBUG micropolis.graphics_setup: [get_resource_path] Added image path variant: images/obj2-4.xpm
2025-11-23 10:39:59,497 DEBUG micropolis.graphics_setup: [get_resource_path] Trying candidate: 'obj2-4.xpm'
2025-11-23 10:39:59,499 INFO micropolis.graphics_setup: [get_resource_path] ✓ Resolved 'obj2-4.xpm' → 'C:\Users\cyrex\files\projects\micropolis\assets\images\obj2-4.png'
2025-11-23 10:39:59,501 DEBUG micropolis.graphics_setup: [load_xpm_surface] Resolved path: C:\Users\cyrex\files\projects\micropolis\assets\images\obj2-4.png
2025-11-23 10:39:59,503 INFO micropolis.graphics_setup: [load_xpm_surface] ✓ Successfully loaded obj2-4.xpm (32x32)
2025-11-23 10:39:59,505 DEBUG micropolis.graphics_setup: [load_xpm_surface] Attempting to load: obj2-5.xpm
2025-11-23 10:39:59,507 DEBUG micropolis.graphics_setup: [get_resource_path] Looking for asset: filename='obj2-5.xpm', category=images, normalized='obj2-5.xpm'
2025-11-23 10:39:59,509 DEBUG micropolis.graphics_setup: [get_resource_path] Added image path variant: images/obj2-5.xpm
2025-11-23 10:39:59,510 DEBUG micropolis.graphics_setup: [get_resource_path] Trying candidate: 'obj2-5.xpm'
2025-11-23 10:39:59,512 INFO micropolis.graphics_setup: [get_resource_path] ✓ Resolved 'obj2-5.xpm' → 'C:\Users\cyrex\files\projects\micropolis\assets\images\obj2-5.png'
2025-11-23 10:39:59,515 DEBUG micropolis.graphics_setup: [load_xpm_surface] Resolved path: C:\Users\cyrex\files\projects\micropolis\assets\images\obj2-5.png
2025-11-23 10:39:59,517 INFO micropolis.graphics_setup: [load_xpm_surface] ✓ Successfully loaded obj2-5.xpm (32x32)
2025-11-23 10:39:59,519 DEBUG micropolis.graphics_setup: [load_xpm_surface] Attempting to load: obj2-6.xpm
2025-11-23 10:39:59,521 DEBUG micropolis.graphics_setup: [get_resource_path] Looking for asset: filename='obj2-6.xpm', category=images, normalized='obj2-6.xpm'
2025-11-23 10:39:59,522 DEBUG micropolis.graphics_setup: [get_resource_path] Added image path variant: images/obj2-6.xpm
2025-11-23 10:39:59,524 DEBUG micropolis.graphics_setup: [get_resource_path] Trying candidate: 'obj2-6.xpm'
2025-11-23 10:39:59,526 INFO micropolis.graphics_setup: [get_resource_path] ✓ Resolved 'obj2-6.xpm' → 'C:\Users\cyrex\files\projects\micropolis\assets\images\obj2-6.png'
2025-11-23 10:39:59,528 DEBUG micropolis.graphics_setup: [load_xpm_surface] Resolved path: C:\Users\cyrex\files\projects\micropolis\assets\images\obj2-6.png
2025-11-23 10:39:59,530 INFO micropolis.graphics_setup: [load_xpm_surface] ✓ Successfully loaded obj2-6.xpm (32x32)
2025-11-23 10:39:59,531 DEBUG micropolis.graphics_setup: [load_xpm_surface] Attempting to load: obj2-7.xpm
2025-11-23 10:39:59,532 DEBUG micropolis.graphics_setup: [get_resource_path] Looking for asset: filename='obj2-7.xpm', category=images, normalized='obj2-7.xpm'
2025-11-23 10:39:59,534 DEBUG micropolis.graphics_setup: [get_resource_path] Added image path variant: images/obj2-7.xpm
2025-11-23 10:39:59,535 DEBUG micropolis.graphics_setup: [get_resource_path] Trying candidate: 'obj2-7.xpm'
2025-11-23 10:39:59,536 INFO micropolis.graphics_setup: [get_resource_path] ✓ Resolved 'obj2-7.xpm' → 'C:\Users\cyrex\files\projects\micropolis\assets\images\obj2-7.png'
2025-11-23 10:39:59,538 DEBUG micropolis.graphics_setup: [load_xpm_surface] Resolved path: C:\Users\cyrex\files\projects\micropolis\assets\images\obj2-7.png
2025-11-23 10:39:59,539 INFO micropolis.graphics_setup: [load_xpm_surface] ✓ Successfully loaded obj2-7.xpm (32x32)
2025-11-23 10:39:59,540 DEBUG micropolis.graphics_setup: [load_xpm_surface] Attempting to load: obj3-0.xpm
2025-11-23 10:39:59,541 DEBUG micropolis.graphics_setup: [get_resource_path] Looking for asset: filename='obj3-0.xpm', category=images, normalized='obj3-0.xpm'
2025-11-23 10:39:59,542 DEBUG micropolis.graphics_setup: [get_resource_path] Added image path variant: images/obj3-0.xpm
2025-11-23 10:39:59,543 DEBUG micropolis.graphics_setup: [get_resource_path] Trying candidate: 'obj3-0.xpm'
2025-11-23 10:39:59,545 INFO micropolis.graphics_setup: [get_resource_path] ✓ Resolved 'obj3-0.xpm' → 'C:\Users\cyrex\files\projects\micropolis\assets\images\obj3-0.png'
2025-11-23 10:39:59,546 DEBUG micropolis.graphics_setup: [load_xpm_surface] Resolved path: C:\Users\cyrex\files\projects\micropolis\assets\images\obj3-0.png
2025-11-23 10:39:59,547 INFO micropolis.graphics_setup: [load_xpm_surface] ✓ Successfully loaded obj3-0.xpm (48x48)
2025-11-23 10:39:59,548 DEBUG micropolis.graphics_setup: [load_xpm_surface] Attempting to load: obj3-1.xpm
2025-11-23 10:39:59,549 DEBUG micropolis.graphics_setup: [get_resource_path] Looking for asset: filename='obj3-1.xpm', category=images, normalized='obj3-1.xpm'
2025-11-23 10:39:59,550 DEBUG micropolis.graphics_setup: [get_resource_path] Added image path variant: images/obj3-1.xpm
2025-11-23 10:39:59,551 DEBUG micropolis.graphics_setup: [get_resource_path] Trying candidate: 'obj3-1.xpm'
2025-11-23 10:39:59,552 INFO micropolis.graphics_setup: [get_resource_path] ✓ Resolved 'obj3-1.xpm' → 'C:\Users\cyrex\files\projects\micropolis\assets\images\obj3-1.png'
2025-11-23 10:39:59,553 DEBUG micropolis.graphics_setup: [load_xpm_surface] Resolved path: C:\Users\cyrex\files\projects\micropolis\assets\images\obj3-1.png
2025-11-23 10:39:59,554 INFO micropolis.graphics_setup: [load_xpm_surface] ✓ Successfully loaded obj3-1.xpm (48x48)
2025-11-23 10:39:59,555 DEBUG micropolis.graphics_setup: [load_xpm_surface] Attempting to load: obj3-2.xpm
2025-11-23 10:39:59,556 DEBUG micropolis.graphics_setup: [get_resource_path] Looking for asset: filename='obj3-2.xpm', category=images, normalized='obj3-2.xpm'
2025-11-23 10:39:59,557 DEBUG micropolis.graphics_setup: [get_resource_path] Added image path variant: images/obj3-2.xpm
2025-11-23 10:39:59,558 DEBUG micropolis.graphics_setup: [get_resource_path] Trying candidate: 'obj3-2.xpm'
2025-11-23 10:39:59,559 INFO micropolis.graphics_setup: [get_resource_path] ✓ Resolved 'obj3-2.xpm' → 'C:\Users\cyrex\files\projects\micropolis\assets\images\obj3-2.png'
2025-11-23 10:39:59,560 DEBUG micropolis.graphics_setup: [load_xpm_surface] Resolved path: C:\Users\cyrex\files\projects\micropolis\assets\images\obj3-2.png
2025-11-23 10:39:59,562 INFO micropolis.graphics_setup: [load_xpm_surface] ✓ Successfully loaded obj3-2.xpm (48x48)
2025-11-23 10:39:59,563 DEBUG micropolis.graphics_setup: [load_xpm_surface] Attempting to load: obj3-3.xpm
2025-11-23 10:39:59,564 DEBUG micropolis.graphics_setup: [get_resource_path] Looking for asset: filename='obj3-3.xpm', category=images, normalized='obj3-3.xpm'
2025-11-23 10:39:59,565 DEBUG micropolis.graphics_setup: [get_resource_path] Added image path variant: images/obj3-3.xpm
2025-11-23 10:39:59,566 DEBUG micropolis.graphics_setup: [get_resource_path] Trying candidate: 'obj3-3.xpm'
2025-11-23 10:39:59,567 INFO micropolis.graphics_setup: [get_resource_path] ✓ Resolved 'obj3-3.xpm' → 'C:\Users\cyrex\files\projects\micropolis\assets\images\obj3-3.png'
2025-11-23 10:39:59,568 DEBUG micropolis.graphics_setup: [load_xpm_surface] Resolved path: C:\Users\cyrex\files\projects\micropolis\assets\images\obj3-3.png
2025-11-23 10:39:59,570 INFO micropolis.graphics_setup: [load_xpm_surface] ✓ Successfully loaded obj3-3.xpm (48x48)
2025-11-23 10:39:59,571 DEBUG micropolis.graphics_setup: [load_xpm_surface] Attempting to load: obj3-4.xpm
2025-11-23 10:39:59,572 DEBUG micropolis.graphics_setup: [get_resource_path] Looking for asset: filename='obj3-4.xpm', category=images, normalized='obj3-4.xpm'
2025-11-23 10:39:59,573 DEBUG micropolis.graphics_setup: [get_resource_path] Added image path variant: images/obj3-4.xpm
2025-11-23 10:39:59,574 DEBUG micropolis.graphics_setup: [get_resource_path] Trying candidate: 'obj3-4.xpm'
2025-11-23 10:39:59,575 INFO micropolis.graphics_setup: [get_resource_path] ✓ Resolved 'obj3-4.xpm' → 'C:\Users\cyrex\files\projects\micropolis\assets\images\obj3-4.png'
2025-11-23 10:39:59,576 DEBUG micropolis.graphics_setup: [load_xpm_surface] Resolved path: C:\Users\cyrex\files\projects\micropolis\assets\images\obj3-4.png
2025-11-23 10:39:59,578 INFO micropolis.graphics_setup: [load_xpm_surface] ✓ Successfully loaded obj3-4.xpm (48x48)
2025-11-23 10:39:59,579 DEBUG micropolis.graphics_setup: [load_xpm_surface] Attempting to load: obj3-5.xpm
2025-11-23 10:39:59,580 DEBUG micropolis.graphics_setup: [get_resource_path] Looking for asset: filename='obj3-5.xpm', category=images, normalized='obj3-5.xpm'
2025-11-23 10:39:59,581 DEBUG micropolis.graphics_setup: [get_resource_path] Added image path variant: images/obj3-5.xpm
2025-11-23 10:39:59,582 DEBUG micropolis.graphics_setup: [get_resource_path] Trying candidate: 'obj3-5.xpm'
2025-11-23 10:39:59,583 INFO micropolis.graphics_setup: [get_resource_path] ✓ Resolved 'obj3-5.xpm' → 'C:\Users\cyrex\files\projects\micropolis\assets\images\obj3-5.png'
2025-11-23 10:39:59,584 DEBUG micropolis.graphics_setup: [load_xpm_surface] Resolved path: C:\Users\cyrex\files\projects\micropolis\assets\images\obj3-5.png
2025-11-23 10:39:59,586 INFO micropolis.graphics_setup: [load_xpm_surface] ✓ Successfully loaded obj3-5.xpm (48x48)
2025-11-23 10:39:59,587 DEBUG micropolis.graphics_setup: [load_xpm_surface] Attempting to load: obj3-6.xpm
2025-11-23 10:39:59,588 DEBUG micropolis.graphics_setup: [get_resource_path] Looking for asset: filename='obj3-6.xpm', category=images, normalized='obj3-6.xpm'
2025-11-23 10:39:59,589 DEBUG micropolis.graphics_setup: [get_resource_path] Added image path variant: images/obj3-6.xpm
2025-11-23 10:39:59,590 DEBUG micropolis.graphics_setup: [get_resource_path] Trying candidate: 'obj3-6.xpm'
2025-11-23 10:39:59,591 INFO micropolis.graphics_setup: [get_resource_path] ✓ Resolved 'obj3-6.xpm' → 'C:\Users\cyrex\files\projects\micropolis\assets\images\obj3-6.png'
2025-11-23 10:39:59,592 DEBUG micropolis.graphics_setup: [load_xpm_surface] Resolved path: C:\Users\cyrex\files\projects\micropolis\assets\images\obj3-6.png
2025-11-23 10:39:59,594 INFO micropolis.graphics_setup: [load_xpm_surface] ✓ Successfully loaded obj3-6.xpm (48x48)
2025-11-23 10:39:59,595 DEBUG micropolis.graphics_setup: [load_xpm_surface] Attempting to load: obj3-7.xpm
2025-11-23 10:39:59,596 DEBUG micropolis.graphics_setup: [get_resource_path] Looking for asset: filename='obj3-7.xpm', category=images, normalized='obj3-7.xpm'
2025-11-23 10:39:59,597 DEBUG micropolis.graphics_setup: [get_resource_path] Added image path variant: images/obj3-7.xpm
2025-11-23 10:39:59,598 DEBUG micropolis.graphics_setup: [get_resource_path] Trying candidate: 'obj3-7.xpm'
2025-11-23 10:39:59,599 INFO micropolis.graphics_setup: [get_resource_path] ✓ Resolved 'obj3-7.xpm' → 'C:\Users\cyrex\files\projects\micropolis\assets\images\obj3-7.png'
2025-11-23 10:39:59,600 DEBUG micropolis.graphics_setup: [load_xpm_surface] Resolved path: C:\Users\cyrex\files\projects\micropolis\assets\images\obj3-7.png
2025-11-23 10:39:59,602 INFO micropolis.graphics_setup: [load_xpm_surface] ✓ Successfully loaded obj3-7.xpm (48x48)
2025-11-23 10:39:59,603 DEBUG micropolis.graphics_setup: [load_xpm_surface] Attempting to load: obj3-8.xpm
2025-11-23 10:39:59,604 DEBUG micropolis.graphics_setup: [get_resource_path] Looking for asset: filename='obj3-8.xpm', category=images, normalized='obj3-8.xpm'
2025-11-23 10:39:59,605 DEBUG micropolis.graphics_setup: [get_resource_path] Added image path variant: images/obj3-8.xpm
2025-11-23 10:39:59,606 DEBUG micropolis.graphics_setup: [get_resource_path] Trying candidate: 'obj3-8.xpm'
2025-11-23 10:39:59,607 INFO micropolis.graphics_setup: [get_resource_path] ✓ Resolved 'obj3-8.xpm' → 'C:\Users\cyrex\files\projects\micropolis\assets\images\obj3-8.png'
2025-11-23 10:39:59,609 DEBUG micropolis.graphics_setup: [load_xpm_surface] Resolved path: C:\Users\cyrex\files\projects\micropolis\assets\images\obj3-8.png
2025-11-23 10:39:59,610 INFO micropolis.graphics_setup: [load_xpm_surface] ✓ Successfully loaded obj3-8.xpm (48x48)
2025-11-23 10:39:59,611 DEBUG micropolis.graphics_setup: [load_xpm_surface] Attempting to load: obj3-9.xpm
2025-11-23 10:39:59,612 DEBUG micropolis.graphics_setup: [get_resource_path] Looking for asset: filename='obj3-9.xpm', category=images, normalized='obj3-9.xpm'
2025-11-23 10:39:59,613 DEBUG micropolis.graphics_setup: [get_resource_path] Added image path variant: images/obj3-9.xpm
2025-11-23 10:39:59,614 DEBUG micropolis.graphics_setup: [get_resource_path] Trying candidate: 'obj3-9.xpm'
2025-11-23 10:39:59,615 INFO micropolis.graphics_setup: [get_resource_path] ✓ Resolved 'obj3-9.xpm' → 'C:\Users\cyrex\files\projects\micropolis\assets\images\obj3-9.png'
2025-11-23 10:39:59,616 DEBUG micropolis.graphics_setup: [load_xpm_surface] Resolved path: C:\Users\cyrex\files\projects\micropolis\assets\images\obj3-9.png
2025-11-23 10:39:59,617 INFO micropolis.graphics_setup: [load_xpm_surface] ✓ Successfully loaded obj3-9.xpm (48x48)
2025-11-23 10:39:59,618 DEBUG micropolis.graphics_setup: [load_xpm_surface] Attempting to load: obj3-10.xpm
2025-11-23 10:39:59,619 DEBUG micropolis.graphics_setup: [get_resource_path] Looking for asset: filename='obj3-10.xpm', category=images, normalized='obj3-10.xpm'
2025-11-23 10:39:59,620 DEBUG micropolis.graphics_setup: [get_resource_path] Added image path variant: images/obj3-10.xpm
2025-11-23 10:39:59,621 DEBUG micropolis.graphics_setup: [get_resource_path] Trying candidate: 'obj3-10.xpm'
2025-11-23 10:39:59,622 INFO micropolis.graphics_setup: [get_resource_path] ✓ Resolved 'obj3-10.xpm' → 'C:\Users\cyrex\files\projects\micropolis\assets\images\obj3-10.png'
2025-11-23 10:39:59,624 DEBUG micropolis.graphics_setup: [load_xpm_surface] Resolved path: C:\Users\cyrex\files\projects\micropolis\assets\images\obj3-10.png
2025-11-23 10:39:59,626 INFO micropolis.graphics_setup: [load_xpm_surface] ✓ Successfully loaded obj3-10.xpm (48x48)
2025-11-23 10:39:59,627 DEBUG micropolis.graphics_setup: [load_xpm_surface] Attempting to load: obj4-0.xpm
2025-11-23 10:39:59,628 DEBUG micropolis.graphics_setup: [get_resource_path] Looking for asset: filename='obj4-0.xpm', category=images, normalized='obj4-0.xpm'
2025-11-23 10:39:59,629 DEBUG micropolis.graphics_setup: [get_resource_path] Added image path variant: images/obj4-0.xpm
2025-11-23 10:39:59,629 DEBUG micropolis.graphics_setup: [get_resource_path] Trying candidate: 'obj4-0.xpm'
2025-11-23 10:39:59,630 INFO micropolis.graphics_setup: [get_resource_path] ✓ Resolved 'obj4-0.xpm' → 'C:\Users\cyrex\files\projects\micropolis\assets\images\obj4-0.png'
2025-11-23 10:39:59,631 DEBUG micropolis.graphics_setup: [load_xpm_surface] Resolved path: C:\Users\cyrex\files\projects\micropolis\assets\images\obj4-0.png
2025-11-23 10:39:59,633 INFO micropolis.graphics_setup: [load_xpm_surface] ✓ Successfully loaded obj4-0.xpm (48x48)
2025-11-23 10:39:59,634 DEBUG micropolis.graphics_setup: [load_xpm_surface] Attempting to load: obj4-1.xpm
2025-11-23 10:39:59,635 DEBUG micropolis.graphics_setup: [get_resource_path] Looking for asset: filename='obj4-1.xpm', category=images, normalized='obj4-1.xpm'
2025-11-23 10:39:59,636 DEBUG micropolis.graphics_setup: [get_resource_path] Added image path variant: images/obj4-1.xpm
2025-11-23 10:39:59,637 DEBUG micropolis.graphics_setup: [get_resource_path] Trying candidate: 'obj4-1.xpm'
2025-11-23 10:39:59,638 INFO micropolis.graphics_setup: [get_resource_path] ✓ Resolved 'obj4-1.xpm' → 'C:\Users\cyrex\files\projects\micropolis\assets\images\obj4-1.png'
2025-11-23 10:39:59,639 DEBUG micropolis.graphics_setup: [load_xpm_surface] Resolved path: C:\Users\cyrex\files\projects\micropolis\assets\images\obj4-1.png
2025-11-23 10:39:59,641 INFO micropolis.graphics_setup: [load_xpm_surface] ✓ Successfully loaded obj4-1.xpm (48x48)
2025-11-23 10:39:59,642 DEBUG micropolis.graphics_setup: [load_xpm_surface] Attempting to load: obj4-2.xpm
2025-11-23 10:39:59,643 DEBUG micropolis.graphics_setup: [get_resource_path] Looking for asset: filename='obj4-2.xpm', category=images, normalized='obj4-2.xpm'
2025-11-23 10:39:59,644 DEBUG micropolis.graphics_setup: [get_resource_path] Added image path variant: images/obj4-2.xpm
2025-11-23 10:39:59,645 DEBUG micropolis.graphics_setup: [get_resource_path] Trying candidate: 'obj4-2.xpm'
2025-11-23 10:39:59,646 INFO micropolis.graphics_setup: [get_resource_path] ✓ Resolved 'obj4-2.xpm' → 'C:\Users\cyrex\files\projects\micropolis\assets\images\obj4-2.png'
2025-11-23 10:39:59,647 DEBUG micropolis.graphics_setup: [load_xpm_surface] Resolved path: C:\Users\cyrex\files\projects\micropolis\assets\images\obj4-2.png
2025-11-23 10:39:59,649 INFO micropolis.graphics_setup: [load_xpm_surface] ✓ Successfully loaded obj4-2.xpm (48x48)
2025-11-23 10:39:59,650 DEBUG micropolis.graphics_setup: [load_xpm_surface] Attempting to load: obj4-3.xpm
2025-11-23 10:39:59,651 DEBUG micropolis.graphics_setup: [get_resource_path] Looking for asset: filename='obj4-3.xpm', category=images, normalized='obj4-3.xpm'
2025-11-23 10:39:59,652 DEBUG micropolis.graphics_setup: [get_resource_path] Added image path variant: images/obj4-3.xpm
2025-11-23 10:39:59,653 DEBUG micropolis.graphics_setup: [get_resource_path] Trying candidate: 'obj4-3.xpm'
2025-11-23 10:39:59,654 INFO micropolis.graphics_setup: [get_resource_path] ✓ Resolved 'obj4-3.xpm' → 'C:\Users\cyrex\files\projects\micropolis\assets\images\obj4-3.png'
2025-11-23 10:39:59,655 DEBUG micropolis.graphics_setup: [load_xpm_surface] Resolved path: C:\Users\cyrex\files\projects\micropolis\assets\images\obj4-3.png
2025-11-23 10:39:59,656 INFO micropolis.graphics_setup: [load_xpm_surface] ✓ Successfully loaded obj4-3.xpm (48x48)
2025-11-23 10:39:59,657 DEBUG micropolis.graphics_setup: [load_xpm_surface] Attempting to load: obj4-4.xpm
2025-11-23 10:39:59,658 DEBUG micropolis.graphics_setup: [get_resource_path] Looking for asset: filename='obj4-4.xpm', category=images, normalized='obj4-4.xpm'
2025-11-23 10:39:59,659 DEBUG micropolis.graphics_setup: [get_resource_path] Added image path variant: images/obj4-4.xpm
2025-11-23 10:39:59,660 DEBUG micropolis.graphics_setup: [get_resource_path] Trying candidate: 'obj4-4.xpm'
2025-11-23 10:39:59,661 INFO micropolis.graphics_setup: [get_resource_path] ✓ Resolved 'obj4-4.xpm' → 'C:\Users\cyrex\files\projects\micropolis\assets\images\obj4-4.png'
2025-11-23 10:39:59,662 DEBUG micropolis.graphics_setup: [load_xpm_surface] Resolved path: C:\Users\cyrex\files\projects\micropolis\assets\images\obj4-4.png
2025-11-23 10:39:59,663 INFO micropolis.graphics_setup: [load_xpm_surface] ✓ Successfully loaded obj4-4.xpm (48x48)
2025-11-23 10:39:59,664 DEBUG micropolis.graphics_setup: [load_xpm_surface] Attempting to load: obj4-5.xpm
2025-11-23 10:39:59,666 DEBUG micropolis.graphics_setup: [get_resource_path] Looking for asset: filename='obj4-5.xpm', category=images, normalized='obj4-5.xpm'
2025-11-23 10:39:59,666 DEBUG micropolis.graphics_setup: [get_resource_path] Added image path variant: images/obj4-5.xpm
2025-11-23 10:39:59,667 DEBUG micropolis.graphics_setup: [get_resource_path] Trying candidate: 'obj4-5.xpm'
2025-11-23 10:39:59,668 INFO micropolis.graphics_setup: [get_resource_path] ✓ Resolved 'obj4-5.xpm' → 'C:\Users\cyrex\files\projects\micropolis\assets\images\obj4-5.png'
2025-11-23 10:39:59,669 DEBUG micropolis.graphics_setup: [load_xpm_surface] Resolved path: C:\Users\cyrex\files\projects\micropolis\assets\images\obj4-5.png
2025-11-23 10:39:59,671 INFO micropolis.graphics_setup: [load_xpm_surface] ✓ Successfully loaded obj4-5.xpm (48x48)
2025-11-23 10:39:59,672 DEBUG micropolis.graphics_setup: [load_xpm_surface] Attempting to load: obj4-6.xpm
2025-11-23 10:39:59,673 DEBUG micropolis.graphics_setup: [get_resource_path] Looking for asset: filename='obj4-6.xpm', category=images, normalized='obj4-6.xpm'
2025-11-23 10:39:59,674 DEBUG micropolis.graphics_setup: [get_resource_path] Added image path variant: images/obj4-6.xpm
2025-11-23 10:39:59,675 DEBUG micropolis.graphics_setup: [get_resource_path] Trying candidate: 'obj4-6.xpm'
2025-11-23 10:39:59,676 INFO micropolis.graphics_setup: [get_resource_path] ✓ Resolved 'obj4-6.xpm' → 'C:\Users\cyrex\files\projects\micropolis\assets\images\obj4-6.png'
2025-11-23 10:39:59,677 DEBUG micropolis.graphics_setup: [load_xpm_surface] Resolved path: C:\Users\cyrex\files\projects\micropolis\assets\images\obj4-6.png
2025-11-23 10:39:59,678 INFO micropolis.graphics_setup: [load_xpm_surface] ✓ Successfully loaded obj4-6.xpm (48x48)
2025-11-23 10:39:59,679 DEBUG micropolis.graphics_setup: [load_xpm_surface] Attempting to load: obj4-7.xpm
2025-11-23 10:39:59,680 DEBUG micropolis.graphics_setup: [get_resource_path] Looking for asset: filename='obj4-7.xpm', category=images, normalized='obj4-7.xpm'
2025-11-23 10:39:59,681 DEBUG micropolis.graphics_setup: [get_resource_path] Added image path variant: images/obj4-7.xpm
2025-11-23 10:39:59,682 DEBUG micropolis.graphics_setup: [get_resource_path] Trying candidate: 'obj4-7.xpm'
2025-11-23 10:39:59,683 INFO micropolis.graphics_setup: [get_resource_path] ✓ Resolved 'obj4-7.xpm' → 'C:\Users\cyrex\files\projects\micropolis\assets\images\obj4-7.png'
2025-11-23 10:39:59,684 DEBUG micropolis.graphics_setup: [load_xpm_surface] Resolved path: C:\Users\cyrex\files\projects\micropolis\assets\images\obj4-7.png
2025-11-23 10:39:59,685 INFO micropolis.graphics_setup: [load_xpm_surface] ✓ Successfully loaded obj4-7.xpm (48x48)
2025-11-23 10:39:59,687 DEBUG micropolis.graphics_setup: [load_xpm_surface] Attempting to load: obj5-0.xpm
2025-11-23 10:39:59,688 DEBUG micropolis.graphics_setup: [get_resource_path] Looking for asset: filename='obj5-0.xpm', category=images, normalized='obj5-0.xpm'
2025-11-23 10:39:59,689 DEBUG micropolis.graphics_setup: [get_resource_path] Added image path variant: images/obj5-0.xpm
2025-11-23 10:39:59,690 DEBUG micropolis.graphics_setup: [get_resource_path] Trying candidate: 'obj5-0.xpm'
2025-11-23 10:39:59,691 INFO micropolis.graphics_setup: [get_resource_path] ✓ Resolved 'obj5-0.xpm' → 'C:\Users\cyrex\files\projects\micropolis\assets\images\obj5-0.png'
2025-11-23 10:39:59,692 DEBUG micropolis.graphics_setup: [load_xpm_surface] Resolved path: C:\Users\cyrex\files\projects\micropolis\assets\images\obj5-0.png
2025-11-23 10:39:59,693 INFO micropolis.graphics_setup: [load_xpm_surface] ✓ Successfully loaded obj5-0.xpm (48x48)
2025-11-23 10:39:59,694 DEBUG micropolis.graphics_setup: [load_xpm_surface] Attempting to load: obj5-1.xpm
2025-11-23 10:39:59,696 DEBUG micropolis.graphics_setup: [get_resource_path] Looking for asset: filename='obj5-1.xpm', category=images, normalized='obj5-1.xpm'
2025-11-23 10:39:59,697 DEBUG micropolis.graphics_setup: [get_resource_path] Added image path variant: images/obj5-1.xpm
2025-11-23 10:39:59,698 DEBUG micropolis.graphics_setup: [get_resource_path] Trying candidate: 'obj5-1.xpm'
2025-11-23 10:39:59,699 INFO micropolis.graphics_setup: [get_resource_path] ✓ Resolved 'obj5-1.xpm' → 'C:\Users\cyrex\files\projects\micropolis\assets\images\obj5-1.png'
2025-11-23 10:39:59,700 DEBUG micropolis.graphics_setup: [load_xpm_surface] Resolved path: C:\Users\cyrex\files\projects\micropolis\assets\images\obj5-1.png
2025-11-23 10:39:59,701 INFO micropolis.graphics_setup: [load_xpm_surface] ✓ Successfully loaded obj5-1.xpm (48x48)
2025-11-23 10:39:59,702 DEBUG micropolis.graphics_setup: [load_xpm_surface] Attempting to load: obj5-2.xpm
2025-11-23 10:39:59,704 DEBUG micropolis.graphics_setup: [get_resource_path] Looking for asset: filename='obj5-2.xpm', category=images, normalized='obj5-2.xpm'
2025-11-23 10:39:59,709 DEBUG micropolis.graphics_setup: [get_resource_path] Added image path variant: images/obj5-2.xpm
2025-11-23 10:39:59,712 DEBUG micropolis.graphics_setup: [get_resource_path] Trying candidate: 'obj5-2.xpm'
2025-11-23 10:39:59,715 INFO micropolis.graphics_setup: [get_resource_path] ✓ Resolved 'obj5-2.xpm' → 'C:\Users\cyrex\files\projects\micropolis\assets\images\obj5-2.png'
2025-11-23 10:39:59,718 DEBUG micropolis.graphics_setup: [load_xpm_surface] Resolved path: C:\Users\cyrex\files\projects\micropolis\assets\images\obj5-2.png
2025-11-23 10:39:59,722 INFO micropolis.graphics_setup: [load_xpm_surface] ✓ Successfully loaded obj5-2.xpm (48x48)
2025-11-23 10:39:59,724 DEBUG micropolis.graphics_setup: [load_xpm_surface] Attempting to load: obj5-3.xpm
2025-11-23 10:39:59,725 DEBUG micropolis.graphics_setup: [get_resource_path] Looking for asset: filename='obj5-3.xpm', category=images, normalized='obj5-3.xpm'
2025-11-23 10:39:59,727 DEBUG micropolis.graphics_setup: [get_resource_path] Added image path variant: images/obj5-3.xpm
2025-11-23 10:39:59,729 DEBUG micropolis.graphics_setup: [get_resource_path] Trying candidate: 'obj5-3.xpm'
2025-11-23 10:39:59,732 INFO micropolis.graphics_setup: [get_resource_path] ✓ Resolved 'obj5-3.xpm' → 'C:\Users\cyrex\files\projects\micropolis\assets\images\obj5-3.png'
2025-11-23 10:39:59,734 DEBUG micropolis.graphics_setup: [load_xpm_surface] Resolved path: C:\Users\cyrex\files\projects\micropolis\assets\images\obj5-3.png
2025-11-23 10:39:59,739 INFO micropolis.graphics_setup: [load_xpm_surface] ✓ Successfully loaded obj5-3.xpm (48x48)
2025-11-23 10:39:59,742 DEBUG micropolis.graphics_setup: [load_xpm_surface] Attempting to load: obj5-4.xpm
2025-11-23 10:39:59,745 DEBUG micropolis.graphics_setup: [get_resource_path] Looking for asset: filename='obj5-4.xpm', category=images, normalized='obj5-4.xpm'
2025-11-23 10:39:59,746 DEBUG micropolis.graphics_setup: [get_resource_path] Added image path variant: images/obj5-4.xpm
2025-11-23 10:39:59,748 DEBUG micropolis.graphics_setup: [get_resource_path] Trying candidate: 'obj5-4.xpm'
2025-11-23 10:39:59,749 INFO micropolis.graphics_setup: [get_resource_path] ✓ Resolved 'obj5-4.xpm' → 'C:\Users\cyrex\files\projects\micropolis\assets\images\obj5-4.png'
2025-11-23 10:39:59,751 DEBUG micropolis.graphics_setup: [load_xpm_surface] Resolved path: C:\Users\cyrex\files\projects\micropolis\assets\images\obj5-4.png
2025-11-23 10:39:59,752 INFO micropolis.graphics_setup: [load_xpm_surface] ✓ Successfully loaded obj5-4.xpm (48x48)
2025-11-23 10:39:59,754 DEBUG micropolis.graphics_setup: [load_xpm_surface] Attempting to load: obj5-5.xpm
2025-11-23 10:39:59,756 DEBUG micropolis.graphics_setup: [get_resource_path] Looking for asset: filename='obj5-5.xpm', category=images, normalized='obj5-5.xpm'
2025-11-23 10:39:59,759 DEBUG micropolis.graphics_setup: [get_resource_path] Added image path variant: images/obj5-5.xpm
2025-11-23 10:39:59,762 DEBUG micropolis.graphics_setup: [get_resource_path] Trying candidate: 'obj5-5.xpm'
2025-11-23 10:39:59,765 INFO micropolis.graphics_setup: [get_resource_path] ✓ Resolved 'obj5-5.xpm' → 'C:\Users\cyrex\files\projects\micropolis\assets\images\obj5-5.png'
2025-11-23 10:39:59,766 DEBUG micropolis.graphics_setup: [load_xpm_surface] Resolved path: C:\Users\cyrex\files\projects\micropolis\assets\images\obj5-5.png
2025-11-23 10:39:59,768 INFO micropolis.graphics_setup: [load_xpm_surface] ✓ Successfully loaded obj5-5.xpm (48x48)
2025-11-23 10:39:59,770 DEBUG micropolis.graphics_setup: [load_xpm_surface] Attempting to load: obj5-6.xpm
2025-11-23 10:39:59,771 DEBUG micropolis.graphics_setup: [get_resource_path] Looking for asset: filename='obj5-6.xpm', category=images, normalized='obj5-6.xpm'
2025-11-23 10:39:59,773 DEBUG micropolis.graphics_setup: [get_resource_path] Added image path variant: images/obj5-6.xpm
2025-11-23 10:39:59,774 DEBUG micropolis.graphics_setup: [get_resource_path] Trying candidate: 'obj5-6.xpm'
2025-11-23 10:39:59,776 INFO micropolis.graphics_setup: [get_resource_path] ✓ Resolved 'obj5-6.xpm' → 'C:\Users\cyrex\files\projects\micropolis\assets\images\obj5-6.png'
2025-11-23 10:39:59,778 DEBUG micropolis.graphics_setup: [load_xpm_surface] Resolved path: C:\Users\cyrex\files\projects\micropolis\assets\images\obj5-6.png
2025-11-23 10:39:59,780 INFO micropolis.graphics_setup: [load_xpm_surface] ✓ Successfully loaded obj5-6.xpm (48x48)
2025-11-23 10:39:59,782 DEBUG micropolis.graphics_setup: [load_xpm_surface] Attempting to load: obj5-7.xpm
2025-11-23 10:39:59,784 DEBUG micropolis.graphics_setup: [get_resource_path] Looking for asset: filename='obj5-7.xpm', category=images, normalized='obj5-7.xpm'
2025-11-23 10:39:59,786 DEBUG micropolis.graphics_setup: [get_resource_path] Added image path variant: images/obj5-7.xpm
2025-11-23 10:39:59,788 DEBUG micropolis.graphics_setup: [get_resource_path] Trying candidate: 'obj5-7.xpm'
2025-11-23 10:39:59,790 INFO micropolis.graphics_setup: [get_resource_path] ✓ Resolved 'obj5-7.xpm' → 'C:\Users\cyrex\files\projects\micropolis\assets\images\obj5-7.png'
2025-11-23 10:39:59,791 DEBUG micropolis.graphics_setup: [load_xpm_surface] Resolved path: C:\Users\cyrex\files\projects\micropolis\assets\images\obj5-7.png
2025-11-23 10:39:59,793 INFO micropolis.graphics_setup: [load_xpm_surface] ✓ Successfully loaded obj5-7.xpm (48x48)
2025-11-23 10:39:59,794 DEBUG micropolis.graphics_setup: [load_xpm_surface] Attempting to load: obj5-8.xpm
2025-11-23 10:39:59,798 DEBUG micropolis.graphics_setup: [get_resource_path] Looking for asset: filename='obj5-8.xpm', category=images, normalized='obj5-8.xpm'
2025-11-23 10:39:59,799 DEBUG micropolis.graphics_setup: [get_resource_path] Added image path variant: images/obj5-8.xpm
2025-11-23 10:39:59,800 DEBUG micropolis.graphics_setup: [get_resource_path] Trying candidate: 'obj5-8.xpm'
2025-11-23 10:39:59,802 INFO micropolis.graphics_setup: [get_resource_path] ✓ Resolved 'obj5-8.xpm' → 'C:\Users\cyrex\files\projects\micropolis\assets\images\obj5-8.png'
2025-11-23 10:39:59,803 DEBUG micropolis.graphics_setup: [load_xpm_surface] Resolved path: C:\Users\cyrex\files\projects\micropolis\assets\images\obj5-8.png
2025-11-23 10:39:59,805 INFO micropolis.graphics_setup: [load_xpm_surface] ✓ Successfully loaded obj5-8.xpm (48x48)
2025-11-23 10:39:59,807 DEBUG micropolis.graphics_setup: [load_xpm_surface] Attempting to load: obj5-9.xpm
2025-11-23 10:39:59,808 DEBUG micropolis.graphics_setup: [get_resource_path] Looking for asset: filename='obj5-9.xpm', category=images, normalized='obj5-9.xpm'
2025-11-23 10:39:59,809 DEBUG micropolis.graphics_setup: [get_resource_path] Added image path variant: images/obj5-9.xpm
2025-11-23 10:39:59,811 DEBUG micropolis.graphics_setup: [get_resource_path] Trying candidate: 'obj5-9.xpm'
2025-11-23 10:39:59,812 INFO micropolis.graphics_setup: [get_resource_path] ✓ Resolved 'obj5-9.xpm' → 'C:\Users\cyrex\files\projects\micropolis\assets\images\obj5-9.png'
2025-11-23 10:39:59,813 DEBUG micropolis.graphics_setup: [load_xpm_surface] Resolved path: C:\Users\cyrex\files\projects\micropolis\assets\images\obj5-9.png
2025-11-23 10:39:59,816 INFO micropolis.graphics_setup: [load_xpm_surface] ✓ Successfully loaded obj5-9.xpm (48x48)
2025-11-23 10:39:59,817 DEBUG micropolis.graphics_setup: [load_xpm_surface] Attempting to load: obj5-10.xpm
2025-11-23 10:39:59,818 DEBUG micropolis.graphics_setup: [get_resource_path] Looking for asset: filename='obj5-10.xpm', category=images, normalized='obj5-10.xpm'
2025-11-23 10:39:59,820 DEBUG micropolis.graphics_setup: [get_resource_path] Added image path variant: images/obj5-10.xpm
2025-11-23 10:39:59,821 DEBUG micropolis.graphics_setup: [get_resource_path] Trying candidate: 'obj5-10.xpm'
2025-11-23 10:39:59,822 INFO micropolis.graphics_setup: [get_resource_path] ✓ Resolved 'obj5-10.xpm' → 'C:\Users\cyrex\files\projects\micropolis\assets\images\obj5-10.png'
2025-11-23 10:39:59,824 DEBUG micropolis.graphics_setup: [load_xpm_surface] Resolved path: C:\Users\cyrex\files\projects\micropolis\assets\images\obj5-10.png
2025-11-23 10:39:59,826 INFO micropolis.graphics_setup: [load_xpm_surface] ✓ Successfully loaded obj5-10.xpm (48x48)
2025-11-23 10:39:59,827 DEBUG micropolis.graphics_setup: [load_xpm_surface] Attempting to load: obj5-11.xpm
2025-11-23 10:39:59,829 DEBUG micropolis.graphics_setup: [get_resource_path] Looking for asset: filename='obj5-11.xpm', category=images, normalized='obj5-11.xpm'
2025-11-23 10:39:59,830 DEBUG micropolis.graphics_setup: [get_resource_path] Added image path variant: images/obj5-11.xpm
2025-11-23 10:39:59,831 DEBUG micropolis.graphics_setup: [get_resource_path] Trying candidate: 'obj5-11.xpm'
2025-11-23 10:39:59,832 INFO micropolis.graphics_setup: [get_resource_path] ✓ Resolved 'obj5-11.xpm' → 'C:\Users\cyrex\files\projects\micropolis\assets\images\obj5-11.png'
2025-11-23 10:39:59,833 DEBUG micropolis.graphics_setup: [load_xpm_surface] Resolved path: C:\Users\cyrex\files\projects\micropolis\assets\images\obj5-11.png
2025-11-23 10:39:59,835 INFO micropolis.graphics_setup: [load_xpm_surface] ✓ Successfully loaded obj5-11.xpm (48x48)
2025-11-23 10:39:59,836 DEBUG micropolis.graphics_setup: [load_xpm_surface] Attempting to load: obj5-12.xpm
2025-11-23 10:39:59,837 DEBUG micropolis.graphics_setup: [get_resource_path] Looking for asset: filename='obj5-12.xpm', category=images, normalized='obj5-12.xpm'
2025-11-23 10:39:59,838 DEBUG micropolis.graphics_setup: [get_resource_path] Added image path variant: images/obj5-12.xpm
2025-11-23 10:39:59,839 DEBUG micropolis.graphics_setup: [get_resource_path] Trying candidate: 'obj5-12.xpm'
2025-11-23 10:39:59,841 INFO micropolis.graphics_setup: [get_resource_path] ✓ Resolved 'obj5-12.xpm' → 'C:\Users\cyrex\files\projects\micropolis\assets\images\obj5-12.png'
2025-11-23 10:39:59,842 DEBUG micropolis.graphics_setup: [load_xpm_surface] Resolved path: C:\Users\cyrex\files\projects\micropolis\assets\images\obj5-12.png
2025-11-23 10:39:59,843 INFO micropolis.graphics_setup: [load_xpm_surface] ✓ Successfully loaded obj5-12.xpm (48x48)
2025-11-23 10:39:59,845 DEBUG micropolis.graphics_setup: [load_xpm_surface] Attempting to load: obj5-13.xpm
2025-11-23 10:39:59,846 DEBUG micropolis.graphics_setup: [get_resource_path] Looking for asset: filename='obj5-13.xpm', category=images, normalized='obj5-13.xpm'
2025-11-23 10:39:59,847 DEBUG micropolis.graphics_setup: [get_resource_path] Added image path variant: images/obj5-13.xpm
2025-11-23 10:39:59,848 DEBUG micropolis.graphics_setup: [get_resource_path] Trying candidate: 'obj5-13.xpm'
2025-11-23 10:39:59,850 INFO micropolis.graphics_setup: [get_resource_path] ✓ Resolved 'obj5-13.xpm' → 'C:\Users\cyrex\files\projects\micropolis\assets\images\obj5-13.png'
2025-11-23 10:39:59,852 DEBUG micropolis.graphics_setup: [load_xpm_surface] Resolved path: C:\Users\cyrex\files\projects\micropolis\assets\images\obj5-13.png
2025-11-23 10:39:59,854 INFO micropolis.graphics_setup: [load_xpm_surface] ✓ Successfully loaded obj5-13.xpm (48x48)
2025-11-23 10:39:59,855 DEBUG micropolis.graphics_setup: [load_xpm_surface] Attempting to load: obj5-14.xpm
2025-11-23 10:39:59,858 DEBUG micropolis.graphics_setup: [get_resource_path] Looking for asset: filename='obj5-14.xpm', category=images, normalized='obj5-14.xpm'
2025-11-23 10:39:59,859 DEBUG micropolis.graphics_setup: [get_resource_path] Added image path variant: images/obj5-14.xpm
2025-11-23 10:39:59,860 DEBUG micropolis.graphics_setup: [get_resource_path] Trying candidate: 'obj5-14.xpm'
2025-11-23 10:39:59,862 INFO micropolis.graphics_setup: [get_resource_path] ✓ Resolved 'obj5-14.xpm' → 'C:\Users\cyrex\files\projects\micropolis\assets\images\obj5-14.png'
2025-11-23 10:39:59,863 DEBUG micropolis.graphics_setup: [load_xpm_surface] Resolved path: C:\Users\cyrex\files\projects\micropolis\assets\images\obj5-14.png
2025-11-23 10:39:59,864 INFO micropolis.graphics_setup: [load_xpm_surface] ✓ Successfully loaded obj5-14.xpm (48x48)
2025-11-23 10:39:59,866 DEBUG micropolis.graphics_setup: [load_xpm_surface] Attempting to load: obj5-15.xpm
2025-11-23 10:39:59,867 DEBUG micropolis.graphics_setup: [get_resource_path] Looking for asset: filename='obj5-15.xpm', category=images, normalized='obj5-15.xpm'
2025-11-23 10:39:59,868 DEBUG micropolis.graphics_setup: [get_resource_path] Added image path variant: images/obj5-15.xpm
2025-11-23 10:39:59,870 DEBUG micropolis.graphics_setup: [get_resource_path] Trying candidate: 'obj5-15.xpm'
2025-11-23 10:39:59,871 INFO micropolis.graphics_setup: [get_resource_path] ✓ Resolved 'obj5-15.xpm' → 'C:\Users\cyrex\files\projects\micropolis\assets\images\obj5-15.png'
2025-11-23 10:39:59,872 DEBUG micropolis.graphics_setup: [load_xpm_surface] Resolved path: C:\Users\cyrex\files\projects\micropolis\assets\images\obj5-15.png
2025-11-23 10:39:59,875 INFO micropolis.graphics_setup: [load_xpm_surface] ✓ Successfully loaded obj5-15.xpm (48x48)
2025-11-23 10:39:59,876 DEBUG micropolis.graphics_setup: [load_xpm_surface] Attempting to load: obj6-0.xpm
2025-11-23 10:39:59,878 DEBUG micropolis.graphics_setup: [get_resource_path] Looking for asset: filename='obj6-0.xpm', category=images, normalized='obj6-0.xpm'
2025-11-23 10:39:59,880 DEBUG micropolis.graphics_setup: [get_resource_path] Added image path variant: images/obj6-0.xpm
2025-11-23 10:39:59,882 DEBUG micropolis.graphics_setup: [get_resource_path] Trying candidate: 'obj6-0.xpm'
2025-11-23 10:39:59,883 INFO micropolis.graphics_setup: [get_resource_path] ✓ Resolved 'obj6-0.xpm' → 'C:\Users\cyrex\files\projects\micropolis\assets\images\obj6-0.png'
2025-11-23 10:39:59,884 DEBUG micropolis.graphics_setup: [load_xpm_surface] Resolved path: C:\Users\cyrex\files\projects\micropolis\assets\images\obj6-0.png
2025-11-23 10:39:59,886 INFO micropolis.graphics_setup: [load_xpm_surface] ✓ Successfully loaded obj6-0.xpm (48x48)
2025-11-23 10:39:59,888 DEBUG micropolis.graphics_setup: [load_xpm_surface] Attempting to load: obj6-1.xpm
2025-11-23 10:39:59,889 DEBUG micropolis.graphics_setup: [get_resource_path] Looking for asset: filename='obj6-1.xpm', category=images, normalized='obj6-1.xpm'
2025-11-23 10:39:59,891 DEBUG micropolis.graphics_setup: [get_resource_path] Added image path variant: images/obj6-1.xpm
2025-11-23 10:39:59,892 DEBUG micropolis.graphics_setup: [get_resource_path] Trying candidate: 'obj6-1.xpm'
2025-11-23 10:39:59,893 INFO micropolis.graphics_setup: [get_resource_path] ✓ Resolved 'obj6-1.xpm' → 'C:\Users\cyrex\files\projects\micropolis\assets\images\obj6-1.png'
2025-11-23 10:39:59,894 DEBUG micropolis.graphics_setup: [load_xpm_surface] Resolved path: C:\Users\cyrex\files\projects\micropolis\assets\images\obj6-1.png
2025-11-23 10:39:59,896 INFO micropolis.graphics_setup: [load_xpm_surface] ✓ Successfully loaded obj6-1.xpm (48x48)
2025-11-23 10:39:59,897 DEBUG micropolis.graphics_setup: [load_xpm_surface] Attempting to load: obj6-2.xpm
2025-11-23 10:39:59,899 DEBUG micropolis.graphics_setup: [get_resource_path] Looking for asset: filename='obj6-2.xpm', category=images, normalized='obj6-2.xpm'
2025-11-23 10:39:59,901 DEBUG micropolis.graphics_setup: [get_resource_path] Added image path variant: images/obj6-2.xpm
2025-11-23 10:39:59,903 DEBUG micropolis.graphics_setup: [get_resource_path] Trying candidate: 'obj6-2.xpm'
2025-11-23 10:39:59,905 INFO micropolis.graphics_setup: [get_resource_path] ✓ Resolved 'obj6-2.xpm' → 'C:\Users\cyrex\files\projects\micropolis\assets\images\obj6-2.png'
2025-11-23 10:39:59,908 DEBUG micropolis.graphics_setup: [load_xpm_surface] Resolved path: C:\Users\cyrex\files\projects\micropolis\assets\images\obj6-2.png
2025-11-23 10:39:59,910 INFO micropolis.graphics_setup: [load_xpm_surface] ✓ Successfully loaded obj6-2.xpm (48x48)
2025-11-23 10:39:59,912 DEBUG micropolis.graphics_setup: [load_xpm_surface] Attempting to load: obj7-0.xpm
2025-11-23 10:39:59,913 DEBUG micropolis.graphics_setup: [get_resource_path] Looking for asset: filename='obj7-0.xpm', category=images, normalized='obj7-0.xpm'
2025-11-23 10:39:59,915 DEBUG micropolis.graphics_setup: [get_resource_path] Added image path variant: images/obj7-0.xpm
2025-11-23 10:39:59,917 DEBUG micropolis.graphics_setup: [get_resource_path] Trying candidate: 'obj7-0.xpm'
2025-11-23 10:39:59,919 INFO micropolis.graphics_setup: [get_resource_path] ✓ Resolved 'obj7-0.xpm' → 'C:\Users\cyrex\files\projects\micropolis\assets\images\obj7-0.png'
2025-11-23 10:39:59,921 DEBUG micropolis.graphics_setup: [load_xpm_surface] Resolved path: C:\Users\cyrex\files\projects\micropolis\assets\images\obj7-0.png
2025-11-23 10:39:59,923 INFO micropolis.graphics_setup: [load_xpm_surface] ✓ Successfully loaded obj7-0.xpm (48x48)
2025-11-23 10:39:59,924 DEBUG micropolis.graphics_setup: [load_xpm_surface] Attempting to load: obj7-1.xpm
2025-11-23 10:39:59,926 DEBUG micropolis.graphics_setup: [get_resource_path] Looking for asset: filename='obj7-1.xpm', category=images, normalized='obj7-1.xpm'
2025-11-23 10:39:59,927 DEBUG micropolis.graphics_setup: [get_resource_path] Added image path variant: images/obj7-1.xpm
2025-11-23 10:39:59,930 DEBUG micropolis.graphics_setup: [get_resource_path] Trying candidate: 'obj7-1.xpm'
2025-11-23 10:39:59,932 INFO micropolis.graphics_setup: [get_resource_path] ✓ Resolved 'obj7-1.xpm' → 'C:\Users\cyrex\files\projects\micropolis\assets\images\obj7-1.png'
2025-11-23 10:39:59,934 DEBUG micropolis.graphics_setup: [load_xpm_surface] Resolved path: C:\Users\cyrex\files\projects\micropolis\assets\images\obj7-1.png
2025-11-23 10:39:59,936 INFO micropolis.graphics_setup: [load_xpm_surface] ✓ Successfully loaded obj7-1.xpm (48x48)
2025-11-23 10:39:59,937 DEBUG micropolis.graphics_setup: [load_xpm_surface] Attempting to load: obj7-2.xpm
2025-11-23 10:39:59,938 DEBUG micropolis.graphics_setup: [get_resource_path] Looking for asset: filename='obj7-2.xpm', category=images, normalized='obj7-2.xpm'
2025-11-23 10:39:59,940 DEBUG micropolis.graphics_setup: [get_resource_path] Added image path variant: images/obj7-2.xpm
2025-11-23 10:39:59,941 DEBUG micropolis.graphics_setup: [get_resource_path] Trying candidate: 'obj7-2.xpm'
2025-11-23 10:39:59,942 INFO micropolis.graphics_setup: [get_resource_path] ✓ Resolved 'obj7-2.xpm' → 'C:\Users\cyrex\files\projects\micropolis\assets\images\obj7-2.png'
2025-11-23 10:39:59,944 DEBUG micropolis.graphics_setup: [load_xpm_surface] Resolved path: C:\Users\cyrex\files\projects\micropolis\assets\images\obj7-2.png
2025-11-23 10:39:59,945 INFO micropolis.graphics_setup: [load_xpm_surface] ✓ Successfully loaded obj7-2.xpm (48x48)
2025-11-23 10:39:59,946 DEBUG micropolis.graphics_setup: [load_xpm_surface] Attempting to load: obj7-3.xpm
2025-11-23 10:39:59,947 DEBUG micropolis.graphics_setup: [get_resource_path] Looking for asset: filename='obj7-3.xpm', category=images, normalized='obj7-3.xpm'
2025-11-23 10:39:59,948 DEBUG micropolis.graphics_setup: [get_resource_path] Added image path variant: images/obj7-3.xpm
2025-11-23 10:39:59,949 DEBUG micropolis.graphics_setup: [get_resource_path] Trying candidate: 'obj7-3.xpm'
2025-11-23 10:39:59,951 INFO micropolis.graphics_setup: [get_resource_path] ✓ Resolved 'obj7-3.xpm' → 'C:\Users\cyrex\files\projects\micropolis\assets\images\obj7-3.png'
2025-11-23 10:39:59,953 DEBUG micropolis.graphics_setup: [load_xpm_surface] Resolved path: C:\Users\cyrex\files\projects\micropolis\assets\images\obj7-3.png
2025-11-23 10:39:59,954 INFO micropolis.graphics_setup: [load_xpm_surface] ✓ Successfully loaded obj7-3.xpm (48x48)
2025-11-23 10:39:59,955 DEBUG micropolis.graphics_setup: [load_xpm_surface] Attempting to load: obj7-4.xpm
2025-11-23 10:39:59,956 DEBUG micropolis.graphics_setup: [get_resource_path] Looking for asset: filename='obj7-4.xpm', category=images, normalized='obj7-4.xpm'
2025-11-23 10:39:59,957 DEBUG micropolis.graphics_setup: [get_resource_path] Added image path variant: images/obj7-4.xpm
2025-11-23 10:39:59,958 DEBUG micropolis.graphics_setup: [get_resource_path] Trying candidate: 'obj7-4.xpm'
2025-11-23 10:39:59,959 INFO micropolis.graphics_setup: [get_resource_path] ✓ Resolved 'obj7-4.xpm' → 'C:\Users\cyrex\files\projects\micropolis\assets\images\obj7-4.png'
2025-11-23 10:39:59,961 DEBUG micropolis.graphics_setup: [load_xpm_surface] Resolved path: C:\Users\cyrex\files\projects\micropolis\assets\images\obj7-4.png
2025-11-23 10:39:59,962 INFO micropolis.graphics_setup: [load_xpm_surface] ✓ Successfully loaded obj7-4.xpm (48x48)
2025-11-23 10:39:59,963 DEBUG micropolis.graphics_setup: [load_xpm_surface] Attempting to load: obj7-5.xpm
2025-11-23 10:39:59,963 DEBUG micropolis.graphics_setup: [get_resource_path] Looking for asset: filename='obj7-5.xpm', category=images, normalized='obj7-5.xpm'
2025-11-23 10:39:59,965 DEBUG micropolis.graphics_setup: [get_resource_path] Added image path variant: images/obj7-5.xpm
2025-11-23 10:39:59,966 DEBUG micropolis.graphics_setup: [get_resource_path] Trying candidate: 'obj7-5.xpm'
2025-11-23 10:39:59,967 INFO micropolis.graphics_setup: [get_resource_path] ✓ Resolved 'obj7-5.xpm' → 'C:\Users\cyrex\files\projects\micropolis\assets\images\obj7-5.png'
2025-11-23 10:39:59,968 DEBUG micropolis.graphics_setup: [load_xpm_surface] Resolved path: C:\Users\cyrex\files\projects\micropolis\assets\images\obj7-5.png
2025-11-23 10:39:59,970 INFO micropolis.graphics_setup: [load_xpm_surface] ✓ Successfully loaded obj7-5.xpm (48x48)
2025-11-23 10:39:59,971 DEBUG micropolis.graphics_setup: [load_xpm_surface] Attempting to load: obj8-0.xpm
2025-11-23 10:39:59,972 DEBUG micropolis.graphics_setup: [get_resource_path] Looking for asset: filename='obj8-0.xpm', category=images, normalized='obj8-0.xpm'
2025-11-23 10:39:59,973 DEBUG micropolis.graphics_setup: [get_resource_path] Added image path variant: images/obj8-0.xpm
2025-11-23 10:39:59,974 DEBUG micropolis.graphics_setup: [get_resource_path] Trying candidate: 'obj8-0.xpm'
2025-11-23 10:39:59,975 INFO micropolis.graphics_setup: [get_resource_path] ✓ Resolved 'obj8-0.xpm' → 'C:\Users\cyrex\files\projects\micropolis\assets\images\obj8-0.png'
2025-11-23 10:39:59,976 DEBUG micropolis.graphics_setup: [load_xpm_surface] Resolved path: C:\Users\cyrex\files\projects\micropolis\assets\images\obj8-0.png
2025-11-23 10:39:59,979 INFO micropolis.graphics_setup: [load_xpm_surface] ✓ Successfully loaded obj8-0.xpm (32x32)
2025-11-23 10:39:59,980 DEBUG micropolis.graphics_setup: [load_xpm_surface] Attempting to load: obj8-1.xpm
2025-11-23 10:39:59,980 DEBUG micropolis.graphics_setup: [get_resource_path] Looking for asset: filename='obj8-1.xpm', category=images, normalized='obj8-1.xpm'
2025-11-23 10:39:59,981 DEBUG micropolis.graphics_setup: [get_resource_path] Added image path variant: images/obj8-1.xpm
2025-11-23 10:39:59,982 DEBUG micropolis.graphics_setup: [get_resource_path] Trying candidate: 'obj8-1.xpm'
2025-11-23 10:39:59,984 INFO micropolis.graphics_setup: [get_resource_path] ✓ Resolved 'obj8-1.xpm' → 'C:\Users\cyrex\files\projects\micropolis\assets\images\obj8-1.png'
2025-11-23 10:39:59,985 DEBUG micropolis.graphics_setup: [load_xpm_surface] Resolved path: C:\Users\cyrex\files\projects\micropolis\assets\images\obj8-1.png
2025-11-23 10:39:59,987 INFO micropolis.graphics_setup: [load_xpm_surface] ✓ Successfully loaded obj8-1.xpm (32x32)
2025-11-23 10:39:59,988 DEBUG micropolis.graphics_setup: [load_xpm_surface] Attempting to load: obj8-2.xpm
2025-11-23 10:39:59,989 DEBUG micropolis.graphics_setup: [get_resource_path] Looking for asset: filename='obj8-2.xpm', category=images, normalized='obj8-2.xpm'
2025-11-23 10:39:59,990 DEBUG micropolis.graphics_setup: [get_resource_path] Added image path variant: images/obj8-2.xpm
2025-11-23 10:39:59,992 DEBUG micropolis.graphics_setup: [get_resource_path] Trying candidate: 'obj8-2.xpm'
2025-11-23 10:39:59,993 INFO micropolis.graphics_setup: [get_resource_path] ✓ Resolved 'obj8-2.xpm' → 'C:\Users\cyrex\files\projects\micropolis\assets\images\obj8-2.png'
2025-11-23 10:39:59,994 DEBUG micropolis.graphics_setup: [load_xpm_surface] Resolved path: C:\Users\cyrex\files\projects\micropolis\assets\images\obj8-2.png
2025-11-23 10:39:59,996 INFO micropolis.graphics_setup: [load_xpm_surface] ✓ Successfully loaded obj8-2.xpm (32x32)
2025-11-23 10:39:59,997 DEBUG micropolis.graphics_setup: [load_xpm_surface] Attempting to load: obj8-3.xpm
2025-11-23 10:39:59,998 DEBUG micropolis.graphics_setup: [get_resource_path] Looking for asset: filename='obj8-3.xpm', category=images, normalized='obj8-3.xpm'
2025-11-23 10:39:59,999 DEBUG micropolis.graphics_setup: [get_resource_path] Added image path variant: images/obj8-3.xpm
2025-11-23 10:40:00,000 DEBUG micropolis.graphics_setup: [get_resource_path] Trying candidate: 'obj8-3.xpm'
2025-11-23 10:40:00,001 INFO micropolis.graphics_setup: [get_resource_path] ✓ Resolved 'obj8-3.xpm' → 'C:\Users\cyrex\files\projects\micropolis\assets\images\obj8-3.png'
2025-11-23 10:40:00,002 DEBUG micropolis.graphics_setup: [load_xpm_surface] Resolved path: C:\Users\cyrex\files\projects\micropolis\assets\images\obj8-3.png
2025-11-23 10:40:00,004 INFO micropolis.graphics_setup: [load_xpm_surface] ✓ Successfully loaded obj8-3.xpm (32x32)
2025-11-23 10:40:00,143 INFO micropolis.graphics_setup: [init_view_graphics] Initializing graphics for view: class_id=0, type=1
2025-11-23 10:40:00,146 DEBUG micropolis.graphics_setup: [init_view_graphics] View display attributes: color=1
2025-11-23 10:40:00,147 DEBUG micropolis.graphics_setup: [init_view_graphics] Calling get_view_tiles()...
2025-11-23 10:40:00,149 INFO micropolis.graphics_setup: [get_view_tiles] Loading tiles for view: class_id=0, is_editor=True, is_map=False, type=1
2025-11-23 10:40:00,150 DEBUG micropolis.graphics_setup: [get_view_tiles] Loading tiles for EDITOR view
2025-11-23 10:40:00,151 DEBUG micropolis.graphics_setup: [get_view_tiles] Editor view type: X_Mem_View
2025-11-23 10:40:00,153 INFO micropolis.graphics_setup: [get_view_tiles] Loading big tile image: tiles.png
2025-11-23 10:40:00,155 DEBUG micropolis.graphics_setup: [load_xpm_surface] Attempting to load: tiles.png
2025-11-23 10:40:00,157 DEBUG micropolis.graphics_setup: [get_resource_path] Looking for asset: filename='tiles.png', category=images, normalized='tiles.png'
2025-11-23 10:40:00,158 DEBUG micropolis.graphics_setup: [get_resource_path] Added image path variant: images/tiles.png
2025-11-23 10:40:00,159 DEBUG micropolis.graphics_setup: [get_resource_path] Trying candidate: 'tiles.png'
2025-11-23 10:40:00,160 INFO micropolis.graphics_setup: [get_resource_path] ✓ Resolved 'tiles.png' → 'C:\Users\cyrex\files\projects\micropolis\assets\images\tiles.png'
2025-11-23 10:40:00,162 DEBUG micropolis.graphics_setup: [load_xpm_surface] Resolved path: C:\Users\cyrex\files\projects\micropolis\assets\images\tiles.png
2025-11-23 10:40:00,168 INFO micropolis.graphics_setup: [load_xpm_surface] ✓ Successfully loaded tiles.png (16x15360)
2025-11-23 10:40:00,169 INFO micropolis.graphics_setup: [get_view_tiles] ✓ Loaded big tile image: 16x15360
2025-11-23 10:40:00,170 DEBUG micropolis.graphics_setup: [get_view_tiles] Set view.bigtiles from big_tile_image
2025-11-23 10:40:00,171 INFO micropolis.graphics_setup: [init_view_graphics] ✓ Graphics initialized: bigtiles=True, smalltiles=False
2025-11-23 10:40:00,172 DEBUG micropolis.engine: Editor view tile cache initialized: bigtiles=present
2025-11-23 10:40:00,173 DEBUG micropolis.engine: Created surface for view: 360x300 (class_id=1)
2025-11-23 10:40:00,174 INFO micropolis.graphics_setup: [init_view_graphics] Initializing graphics for view: class_id=1, type=1
2025-11-23 10:40:00,175 DEBUG micropolis.graphics_setup: [init_view_graphics] View display attributes: color=1
2025-11-23 10:40:00,177 DEBUG micropolis.graphics_setup: [init_view_graphics] Calling get_view_tiles()...
2025-11-23 10:40:00,178 INFO micropolis.graphics_setup: [get_view_tiles] Loading tiles for view: class_id=1, is_editor=False, is_map=True, type=1
2025-11-23 10:40:00,180 DEBUG micropolis.graphics_setup: [get_view_tiles] Loading tiles for MAP view
2025-11-23 10:40:00,181 INFO micropolis.graphics_setup: [get_view_tiles] Loading small tile image: tilessm.png
2025-11-23 10:40:00,182 DEBUG micropolis.graphics_setup: [load_xpm_surface] Attempting to load: tilessm.png
2025-11-23 10:40:00,183 DEBUG micropolis.graphics_setup: [get_resource_path] Looking for asset: filename='tilessm.png', category=images, normalized='tilessm.png'
2025-11-23 10:40:00,184 DEBUG micropolis.graphics_setup: [get_resource_path] Added image path variant: images/tilessm.png
2025-11-23 10:40:00,185 DEBUG micropolis.graphics_setup: [get_resource_path] Trying candidate: 'tilessm.png'
2025-11-23 10:40:00,187 INFO micropolis.graphics_setup: [get_resource_path] ✓ Resolved 'tilessm.png' → 'C:\Users\cyrex\files\projects\micropolis\assets\images\tilessm.png'
2025-11-23 10:40:00,188 DEBUG micropolis.graphics_setup: [load_xpm_surface] Resolved path: C:\Users\cyrex\files\projects\micropolis\assets\images\tilessm.png
2025-11-23 10:40:00,190 INFO micropolis.graphics_setup: [load_xpm_surface] ✓ Successfully loaded tilessm.png (4x2880)
2025-11-23 10:40:00,192 INFO micropolis.graphics_setup: [get_view_tiles] ✓ Loaded small tile image: 4x2880
2025-11-23 10:40:00,193 DEBUG micropolis.graphics_setup: [get_view_tiles] Converting small tiles to 4x4 format
2025-11-23 10:40:00,200 INFO micropolis.graphics_setup: [get_view_tiles] ✓ Converted 960 small tiles to 4x4 format (61440 bytes)
2025-11-23 10:40:00,202 INFO micropolis.graphics_setup: [init_view_graphics] ✓ Graphics initialized: bigtiles=False, smalltiles=True
2025-11-23 10:40:00,204 DEBUG micropolis.engine: Map view tile cache initialized: smalltiles=present
2025-11-23 10:40:00,206 INFO micropolis.engine: All view surfaces initialized successfully
2025-11-23 10:40:00,208 INFO micropolis.engine: Editor panel created and registered successfully
2025-11-23 10:40:00,434 ERROR micropolis.engine: Simulation error: Error in pygame main loop: 'SimView' object has no attribute 'pending_tool'
