2025-11-23 13:54:30,786 DEBUG micropolis.main: Logging initialized. Console -> rich, File -> C:\Users\cyrex\files\projects\micropolis\logs\micropolis-20251123-135430.log
2025-11-23 13:54:30,790 INFO micropolis.engine: Welcome to Python Micropolis version 2025.11.11
2025-11-23 13:54:30,791 INFO micropolis.engine: Copyright (C) 2002 by Electronic Arts, Maxis. All rights reserved.
2025-11-23 13:54:30,808 DEBUG micropolis.engine: Map view surface not yet initialized (will be set during graphics setup)
2025-11-23 13:54:31,810 INFO micropolis.audio: Sound system initialized with 7 logical channels
2025-11-23 13:54:31,812 DEBUG root: Funds set to: $20000
2025-11-23 13:54:31,813 DEBUG root: Funds set to: $20000
2025-11-23 13:54:31,814 INFO root: Game level set to 0 (Easy) - Starting funds: $20000
2025-11-23 13:54:31,815 INFO root: Map cleared - all tiles set to DIRT
2025-11-23 13:54:31,817 DEBUG root: Funds set to: $0
2025-11-23 13:54:31,818 DEBUG root: Funds set to: $20000
2025-11-23 13:54:31,819 INFO root: Game level set to 0 (Easy) - Starting funds: $20000
2025-11-23 13:54:31,820 DEBUG micropolis.engine: Initializing pygame graphics...
2025-11-23 13:54:32,091 DEBUG micropolis.graphics_setup: [load_xpm_surface] Attempting to load: obj1-0.xpm
2025-11-23 13:54:32,092 DEBUG micropolis.graphics_setup: [get_resource_path] Looking for asset: filename='obj1-0.xpm', category=images, normalized='obj1-0.xpm'
2025-11-23 13:54:32,093 DEBUG micropolis.graphics_setup: [get_resource_path] Added image path variant: images/obj1-0.xpm
2025-11-23 13:54:32,094 DEBUG micropolis.graphics_setup: [get_resource_path] Trying candidate: 'obj1-0.xpm'
2025-11-23 13:54:32,095 INFO micropolis.graphics_setup: [get_resource_path] ✓ Resolved 'obj1-0.xpm' → 'C:\Users\cyrex\files\projects\micropolis\assets\images\obj1-0.png'
2025-11-23 13:54:32,097 DEBUG micropolis.graphics_setup: [load_xpm_surface] Resolved path: C:\Users\cyrex\files\projects\micropolis\assets\images\obj1-0.png
2025-11-23 13:54:32,100 INFO micropolis.graphics_setup: [load_xpm_surface] ✓ Successfully loaded obj1-0.xpm (32x32)
2025-11-23 13:54:32,101 DEBUG micropolis.graphics_setup: [load_xpm_surface] Attempting to load: obj1-1.xpm
2025-11-23 13:54:32,102 DEBUG micropolis.graphics_setup: [get_resource_path] Looking for asset: filename='obj1-1.xpm', category=images, normalized='obj1-1.xpm'
2025-11-23 13:54:32,104 DEBUG micropolis.graphics_setup: [get_resource_path] Added image path variant: images/obj1-1.xpm
2025-11-23 13:54:32,105 DEBUG micropolis.graphics_setup: [get_resource_path] Trying candidate: 'obj1-1.xpm'
2025-11-23 13:54:32,107 INFO micropolis.graphics_setup: [get_resource_path] ✓ Resolved 'obj1-1.xpm' → 'C:\Users\cyrex\files\projects\micropolis\assets\images\obj1-1.png'
2025-11-23 13:54:32,107 DEBUG micropolis.graphics_setup: [load_xpm_surface] Resolved path: C:\Users\cyrex\files\projects\micropolis\assets\images\obj1-1.png
2025-11-23 13:54:32,109 INFO micropolis.graphics_setup: [load_xpm_surface] ✓ Successfully loaded obj1-1.xpm (32x32)
2025-11-23 13:54:32,110 DEBUG micropolis.graphics_setup: [load_xpm_surface] Attempting to load: obj1-2.xpm
2025-11-23 13:54:32,111 DEBUG micropolis.graphics_setup: [get_resource_path] Looking for asset: filename='obj1-2.xpm', category=images, normalized='obj1-2.xpm'
2025-11-23 13:54:32,112 DEBUG micropolis.graphics_setup: [get_resource_path] Added image path variant: images/obj1-2.xpm
2025-11-23 13:54:32,113 DEBUG micropolis.graphics_setup: [get_resource_path] Trying candidate: 'obj1-2.xpm'
2025-11-23 13:54:32,114 INFO micropolis.graphics_setup: [get_resource_path] ✓ Resolved 'obj1-2.xpm' → 'C:\Users\cyrex\files\projects\micropolis\assets\images\obj1-2.png'
2025-11-23 13:54:32,115 DEBUG micropolis.graphics_setup: [load_xpm_surface] Resolved path: C:\Users\cyrex\files\projects\micropolis\assets\images\obj1-2.png
2025-11-23 13:54:32,117 INFO micropolis.graphics_setup: [load_xpm_surface] ✓ Successfully loaded obj1-2.xpm (32x32)
2025-11-23 13:54:32,118 DEBUG micropolis.graphics_setup: [load_xpm_surface] Attempting to load: obj1-3.xpm
2025-11-23 13:54:32,119 DEBUG micropolis.graphics_setup: [get_resource_path] Looking for asset: filename='obj1-3.xpm', category=images, normalized='obj1-3.xpm'
2025-11-23 13:54:32,120 DEBUG micropolis.graphics_setup: [get_resource_path] Added image path variant: images/obj1-3.xpm
2025-11-23 13:54:32,121 DEBUG micropolis.graphics_setup: [get_resource_path] Trying candidate: 'obj1-3.xpm'
2025-11-23 13:54:32,122 INFO micropolis.graphics_setup: [get_resource_path] ✓ Resolved 'obj1-3.xpm' → 'C:\Users\cyrex\files\projects\micropolis\assets\images\obj1-3.png'
2025-11-23 13:54:32,123 DEBUG micropolis.graphics_setup: [load_xpm_surface] Resolved path: C:\Users\cyrex\files\projects\micropolis\assets\images\obj1-3.png
2025-11-23 13:54:32,124 INFO micropolis.graphics_setup: [load_xpm_surface] ✓ Successfully loaded obj1-3.xpm (32x32)
2025-11-23 13:54:32,125 DEBUG micropolis.graphics_setup: [load_xpm_surface] Attempting to load: obj1-4.xpm
2025-11-23 13:54:32,127 DEBUG micropolis.graphics_setup: [get_resource_path] Looking for asset: filename='obj1-4.xpm', category=images, normalized='obj1-4.xpm'
2025-11-23 13:54:32,128 DEBUG micropolis.graphics_setup: [get_resource_path] Added image path variant: images/obj1-4.xpm
2025-11-23 13:54:32,128 DEBUG micropolis.graphics_setup: [get_resource_path] Trying candidate: 'obj1-4.xpm'
2025-11-23 13:54:32,130 INFO micropolis.graphics_setup: [get_resource_path] ✓ Resolved 'obj1-4.xpm' → 'C:\Users\cyrex\files\projects\micropolis\assets\images\obj1-4.png'
2025-11-23 13:54:32,131 DEBUG micropolis.graphics_setup: [load_xpm_surface] Resolved path: C:\Users\cyrex\files\projects\micropolis\assets\images\obj1-4.png
2025-11-23 13:54:32,133 INFO micropolis.graphics_setup: [load_xpm_surface] ✓ Successfully loaded obj1-4.xpm (32x32)
2025-11-23 13:54:32,134 DEBUG micropolis.graphics_setup: [load_xpm_surface] Attempting to load: obj2-0.xpm
2025-11-23 13:54:32,134 DEBUG micropolis.graphics_setup: [get_resource_path] Looking for asset: filename='obj2-0.xpm', category=images, normalized='obj2-0.xpm'
2025-11-23 13:54:32,136 DEBUG micropolis.graphics_setup: [get_resource_path] Added image path variant: images/obj2-0.xpm
2025-11-23 13:54:32,137 DEBUG micropolis.graphics_setup: [get_resource_path] Trying candidate: 'obj2-0.xpm'
2025-11-23 13:54:32,138 INFO micropolis.graphics_setup: [get_resource_path] ✓ Resolved 'obj2-0.xpm' → 'C:\Users\cyrex\files\projects\micropolis\assets\images\obj2-0.png'
2025-11-23 13:54:32,139 DEBUG micropolis.graphics_setup: [load_xpm_surface] Resolved path: C:\Users\cyrex\files\projects\micropolis\assets\images\obj2-0.png
2025-11-23 13:54:32,140 INFO micropolis.graphics_setup: [load_xpm_surface] ✓ Successfully loaded obj2-0.xpm (32x32)
2025-11-23 13:54:32,141 DEBUG micropolis.graphics_setup: [load_xpm_surface] Attempting to load: obj2-1.xpm
2025-11-23 13:54:32,142 DEBUG micropolis.graphics_setup: [get_resource_path] Looking for asset: filename='obj2-1.xpm', category=images, normalized='obj2-1.xpm'
2025-11-23 13:54:32,143 DEBUG micropolis.graphics_setup: [get_resource_path] Added image path variant: images/obj2-1.xpm
2025-11-23 13:54:32,144 DEBUG micropolis.graphics_setup: [get_resource_path] Trying candidate: 'obj2-1.xpm'
2025-11-23 13:54:32,146 INFO micropolis.graphics_setup: [get_resource_path] ✓ Resolved 'obj2-1.xpm' → 'C:\Users\cyrex\files\projects\micropolis\assets\images\obj2-1.png'
2025-11-23 13:54:32,147 DEBUG micropolis.graphics_setup: [load_xpm_surface] Resolved path: C:\Users\cyrex\files\projects\micropolis\assets\images\obj2-1.png
2025-11-23 13:54:32,149 INFO micropolis.graphics_setup: [load_xpm_surface] ✓ Successfully loaded obj2-1.xpm (32x32)
2025-11-23 13:54:32,150 DEBUG micropolis.graphics_setup: [load_xpm_surface] Attempting to load: obj2-2.xpm
2025-11-23 13:54:32,151 DEBUG micropolis.graphics_setup: [get_resource_path] Looking for asset: filename='obj2-2.xpm', category=images, normalized='obj2-2.xpm'
2025-11-23 13:54:32,152 DEBUG micropolis.graphics_setup: [get_resource_path] Added image path variant: images/obj2-2.xpm
2025-11-23 13:54:32,153 DEBUG micropolis.graphics_setup: [get_resource_path] Trying candidate: 'obj2-2.xpm'
2025-11-23 13:54:32,154 INFO micropolis.graphics_setup: [get_resource_path] ✓ Resolved 'obj2-2.xpm' → 'C:\Users\cyrex\files\projects\micropolis\assets\images\obj2-2.png'
2025-11-23 13:54:32,155 DEBUG micropolis.graphics_setup: [load_xpm_surface] Resolved path: C:\Users\cyrex\files\projects\micropolis\assets\images\obj2-2.png
2025-11-23 13:54:32,156 INFO micropolis.graphics_setup: [load_xpm_surface] ✓ Successfully loaded obj2-2.xpm (32x32)
2025-11-23 13:54:32,157 DEBUG micropolis.graphics_setup: [load_xpm_surface] Attempting to load: obj2-3.xpm
2025-11-23 13:54:32,159 DEBUG micropolis.graphics_setup: [get_resource_path] Looking for asset: filename='obj2-3.xpm', category=images, normalized='obj2-3.xpm'
2025-11-23 13:54:32,159 DEBUG micropolis.graphics_setup: [get_resource_path] Added image path variant: images/obj2-3.xpm
2025-11-23 13:54:32,160 DEBUG micropolis.graphics_setup: [get_resource_path] Trying candidate: 'obj2-3.xpm'
2025-11-23 13:54:32,162 INFO micropolis.graphics_setup: [get_resource_path] ✓ Resolved 'obj2-3.xpm' → 'C:\Users\cyrex\files\projects\micropolis\assets\images\obj2-3.png'
2025-11-23 13:54:32,163 DEBUG micropolis.graphics_setup: [load_xpm_surface] Resolved path: C:\Users\cyrex\files\projects\micropolis\assets\images\obj2-3.png
2025-11-23 13:54:32,164 INFO micropolis.graphics_setup: [load_xpm_surface] ✓ Successfully loaded obj2-3.xpm (32x32)
2025-11-23 13:54:32,165 DEBUG micropolis.graphics_setup: [load_xpm_surface] Attempting to load: obj2-4.xpm
2025-11-23 13:54:32,166 DEBUG micropolis.graphics_setup: [get_resource_path] Looking for asset: filename='obj2-4.xpm', category=images, normalized='obj2-4.xpm'
2025-11-23 13:54:32,167 DEBUG micropolis.graphics_setup: [get_resource_path] Added image path variant: images/obj2-4.xpm
2025-11-23 13:54:32,168 DEBUG micropolis.graphics_setup: [get_resource_path] Trying candidate: 'obj2-4.xpm'
2025-11-23 13:54:32,169 INFO micropolis.graphics_setup: [get_resource_path] ✓ Resolved 'obj2-4.xpm' → 'C:\Users\cyrex\files\projects\micropolis\assets\images\obj2-4.png'
2025-11-23 13:54:32,170 DEBUG micropolis.graphics_setup: [load_xpm_surface] Resolved path: C:\Users\cyrex\files\projects\micropolis\assets\images\obj2-4.png
2025-11-23 13:54:32,171 INFO micropolis.graphics_setup: [load_xpm_surface] ✓ Successfully loaded obj2-4.xpm (32x32)
2025-11-23 13:54:32,172 DEBUG micropolis.graphics_setup: [load_xpm_surface] Attempting to load: obj2-5.xpm
2025-11-23 13:54:32,173 DEBUG micropolis.graphics_setup: [get_resource_path] Looking for asset: filename='obj2-5.xpm', category=images, normalized='obj2-5.xpm'
2025-11-23 13:54:32,174 DEBUG micropolis.graphics_setup: [get_resource_path] Added image path variant: images/obj2-5.xpm
2025-11-23 13:54:32,175 DEBUG micropolis.graphics_setup: [get_resource_path] Trying candidate: 'obj2-5.xpm'
2025-11-23 13:54:32,177 INFO micropolis.graphics_setup: [get_resource_path] ✓ Resolved 'obj2-5.xpm' → 'C:\Users\cyrex\files\projects\micropolis\assets\images\obj2-5.png'
2025-11-23 13:54:32,178 DEBUG micropolis.graphics_setup: [load_xpm_surface] Resolved path: C:\Users\cyrex\files\projects\micropolis\assets\images\obj2-5.png
2025-11-23 13:54:32,179 INFO micropolis.graphics_setup: [load_xpm_surface] ✓ Successfully loaded obj2-5.xpm (32x32)
2025-11-23 13:54:32,180 DEBUG micropolis.graphics_setup: [load_xpm_surface] Attempting to load: obj2-6.xpm
2025-11-23 13:54:32,181 DEBUG micropolis.graphics_setup: [get_resource_path] Looking for asset: filename='obj2-6.xpm', category=images, normalized='obj2-6.xpm'
2025-11-23 13:54:32,182 DEBUG micropolis.graphics_setup: [get_resource_path] Added image path variant: images/obj2-6.xpm
2025-11-23 13:54:32,183 DEBUG micropolis.graphics_setup: [get_resource_path] Trying candidate: 'obj2-6.xpm'
2025-11-23 13:54:32,185 INFO micropolis.graphics_setup: [get_resource_path] ✓ Resolved 'obj2-6.xpm' → 'C:\Users\cyrex\files\projects\micropolis\assets\images\obj2-6.png'
2025-11-23 13:54:32,186 DEBUG micropolis.graphics_setup: [load_xpm_surface] Resolved path: C:\Users\cyrex\files\projects\micropolis\assets\images\obj2-6.png
2025-11-23 13:54:32,187 INFO micropolis.graphics_setup: [load_xpm_surface] ✓ Successfully loaded obj2-6.xpm (32x32)
2025-11-23 13:54:32,188 DEBUG micropolis.graphics_setup: [load_xpm_surface] Attempting to load: obj2-7.xpm
2025-11-23 13:54:32,190 DEBUG micropolis.graphics_setup: [get_resource_path] Looking for asset: filename='obj2-7.xpm', category=images, normalized='obj2-7.xpm'
2025-11-23 13:54:32,191 DEBUG micropolis.graphics_setup: [get_resource_path] Added image path variant: images/obj2-7.xpm
2025-11-23 13:54:32,192 DEBUG micropolis.graphics_setup: [get_resource_path] Trying candidate: 'obj2-7.xpm'
2025-11-23 13:54:32,193 INFO micropolis.graphics_setup: [get_resource_path] ✓ Resolved 'obj2-7.xpm' → 'C:\Users\cyrex\files\projects\micropolis\assets\images\obj2-7.png'
2025-11-23 13:54:32,194 DEBUG micropolis.graphics_setup: [load_xpm_surface] Resolved path: C:\Users\cyrex\files\projects\micropolis\assets\images\obj2-7.png
2025-11-23 13:54:32,195 INFO micropolis.graphics_setup: [load_xpm_surface] ✓ Successfully loaded obj2-7.xpm (32x32)
2025-11-23 13:54:32,196 DEBUG micropolis.graphics_setup: [load_xpm_surface] Attempting to load: obj3-0.xpm
2025-11-23 13:54:32,197 DEBUG micropolis.graphics_setup: [get_resource_path] Looking for asset: filename='obj3-0.xpm', category=images, normalized='obj3-0.xpm'
2025-11-23 13:54:32,198 DEBUG micropolis.graphics_setup: [get_resource_path] Added image path variant: images/obj3-0.xpm
2025-11-23 13:54:32,199 DEBUG micropolis.graphics_setup: [get_resource_path] Trying candidate: 'obj3-0.xpm'
2025-11-23 13:54:32,200 INFO micropolis.graphics_setup: [get_resource_path] ✓ Resolved 'obj3-0.xpm' → 'C:\Users\cyrex\files\projects\micropolis\assets\images\obj3-0.png'
2025-11-23 13:54:32,201 DEBUG micropolis.graphics_setup: [load_xpm_surface] Resolved path: C:\Users\cyrex\files\projects\micropolis\assets\images\obj3-0.png
2025-11-23 13:54:32,203 INFO micropolis.graphics_setup: [load_xpm_surface] ✓ Successfully loaded obj3-0.xpm (48x48)
2025-11-23 13:54:32,204 DEBUG micropolis.graphics_setup: [load_xpm_surface] Attempting to load: obj3-1.xpm
2025-11-23 13:54:32,204 DEBUG micropolis.graphics_setup: [get_resource_path] Looking for asset: filename='obj3-1.xpm', category=images, normalized='obj3-1.xpm'
2025-11-23 13:54:32,206 DEBUG micropolis.graphics_setup: [get_resource_path] Added image path variant: images/obj3-1.xpm
2025-11-23 13:54:32,207 DEBUG micropolis.graphics_setup: [get_resource_path] Trying candidate: 'obj3-1.xpm'
2025-11-23 13:54:32,208 INFO micropolis.graphics_setup: [get_resource_path] ✓ Resolved 'obj3-1.xpm' → 'C:\Users\cyrex\files\projects\micropolis\assets\images\obj3-1.png'
2025-11-23 13:54:32,209 DEBUG micropolis.graphics_setup: [load_xpm_surface] Resolved path: C:\Users\cyrex\files\projects\micropolis\assets\images\obj3-1.png
2025-11-23 13:54:32,211 INFO micropolis.graphics_setup: [load_xpm_surface] ✓ Successfully loaded obj3-1.xpm (48x48)
2025-11-23 13:54:32,212 DEBUG micropolis.graphics_setup: [load_xpm_surface] Attempting to load: obj3-2.xpm
2025-11-23 13:54:32,213 DEBUG micropolis.graphics_setup: [get_resource_path] Looking for asset: filename='obj3-2.xpm', category=images, normalized='obj3-2.xpm'
2025-11-23 13:54:32,214 DEBUG micropolis.graphics_setup: [get_resource_path] Added image path variant: images/obj3-2.xpm
2025-11-23 13:54:32,215 DEBUG micropolis.graphics_setup: [get_resource_path] Trying candidate: 'obj3-2.xpm'
2025-11-23 13:54:32,216 INFO micropolis.graphics_setup: [get_resource_path] ✓ Resolved 'obj3-2.xpm' → 'C:\Users\cyrex\files\projects\micropolis\assets\images\obj3-2.png'
2025-11-23 13:54:32,217 DEBUG micropolis.graphics_setup: [load_xpm_surface] Resolved path: C:\Users\cyrex\files\projects\micropolis\assets\images\obj3-2.png
2025-11-23 13:54:32,218 INFO micropolis.graphics_setup: [load_xpm_surface] ✓ Successfully loaded obj3-2.xpm (48x48)
2025-11-23 13:54:32,219 DEBUG micropolis.graphics_setup: [load_xpm_surface] Attempting to load: obj3-3.xpm
2025-11-23 13:54:32,220 DEBUG micropolis.graphics_setup: [get_resource_path] Looking for asset: filename='obj3-3.xpm', category=images, normalized='obj3-3.xpm'
2025-11-23 13:54:32,221 DEBUG micropolis.graphics_setup: [get_resource_path] Added image path variant: images/obj3-3.xpm
2025-11-23 13:54:32,222 DEBUG micropolis.graphics_setup: [get_resource_path] Trying candidate: 'obj3-3.xpm'
2025-11-23 13:54:32,223 INFO micropolis.graphics_setup: [get_resource_path] ✓ Resolved 'obj3-3.xpm' → 'C:\Users\cyrex\files\projects\micropolis\assets\images\obj3-3.png'
2025-11-23 13:54:32,224 DEBUG micropolis.graphics_setup: [load_xpm_surface] Resolved path: C:\Users\cyrex\files\projects\micropolis\assets\images\obj3-3.png
2025-11-23 13:54:32,225 INFO micropolis.graphics_setup: [load_xpm_surface] ✓ Successfully loaded obj3-3.xpm (48x48)
2025-11-23 13:54:32,226 DEBUG micropolis.graphics_setup: [load_xpm_surface] Attempting to load: obj3-4.xpm
2025-11-23 13:54:32,227 DEBUG micropolis.graphics_setup: [get_resource_path] Looking for asset: filename='obj3-4.xpm', category=images, normalized='obj3-4.xpm'
2025-11-23 13:54:32,228 DEBUG micropolis.graphics_setup: [get_resource_path] Added image path variant: images/obj3-4.xpm
2025-11-23 13:54:32,229 DEBUG micropolis.graphics_setup: [get_resource_path] Trying candidate: 'obj3-4.xpm'
2025-11-23 13:54:32,231 INFO micropolis.graphics_setup: [get_resource_path] ✓ Resolved 'obj3-4.xpm' → 'C:\Users\cyrex\files\projects\micropolis\assets\images\obj3-4.png'
2025-11-23 13:54:32,232 DEBUG micropolis.graphics_setup: [load_xpm_surface] Resolved path: C:\Users\cyrex\files\projects\micropolis\assets\images\obj3-4.png
2025-11-23 13:54:32,234 INFO micropolis.graphics_setup: [load_xpm_surface] ✓ Successfully loaded obj3-4.xpm (48x48)
2025-11-23 13:54:32,235 DEBUG micropolis.graphics_setup: [load_xpm_surface] Attempting to load: obj3-5.xpm
2025-11-23 13:54:32,236 DEBUG micropolis.graphics_setup: [get_resource_path] Looking for asset: filename='obj3-5.xpm', category=images, normalized='obj3-5.xpm'
2025-11-23 13:54:32,237 DEBUG micropolis.graphics_setup: [get_resource_path] Added image path variant: images/obj3-5.xpm
2025-11-23 13:54:32,238 DEBUG micropolis.graphics_setup: [get_resource_path] Trying candidate: 'obj3-5.xpm'
2025-11-23 13:54:32,239 INFO micropolis.graphics_setup: [get_resource_path] ✓ Resolved 'obj3-5.xpm' → 'C:\Users\cyrex\files\projects\micropolis\assets\images\obj3-5.png'
2025-11-23 13:54:32,240 DEBUG micropolis.graphics_setup: [load_xpm_surface] Resolved path: C:\Users\cyrex\files\projects\micropolis\assets\images\obj3-5.png
2025-11-23 13:54:32,242 INFO micropolis.graphics_setup: [load_xpm_surface] ✓ Successfully loaded obj3-5.xpm (48x48)
2025-11-23 13:54:32,243 DEBUG micropolis.graphics_setup: [load_xpm_surface] Attempting to load: obj3-6.xpm
2025-11-23 13:54:32,243 DEBUG micropolis.graphics_setup: [get_resource_path] Looking for asset: filename='obj3-6.xpm', category=images, normalized='obj3-6.xpm'
2025-11-23 13:54:32,244 DEBUG micropolis.graphics_setup: [get_resource_path] Added image path variant: images/obj3-6.xpm
2025-11-23 13:54:32,245 DEBUG micropolis.graphics_setup: [get_resource_path] Trying candidate: 'obj3-6.xpm'
2025-11-23 13:54:32,247 INFO micropolis.graphics_setup: [get_resource_path] ✓ Resolved 'obj3-6.xpm' → 'C:\Users\cyrex\files\projects\micropolis\assets\images\obj3-6.png'
2025-11-23 13:54:32,248 DEBUG micropolis.graphics_setup: [load_xpm_surface] Resolved path: C:\Users\cyrex\files\projects\micropolis\assets\images\obj3-6.png
2025-11-23 13:54:32,249 INFO micropolis.graphics_setup: [load_xpm_surface] ✓ Successfully loaded obj3-6.xpm (48x48)
2025-11-23 13:54:32,250 DEBUG micropolis.graphics_setup: [load_xpm_surface] Attempting to load: obj3-7.xpm
2025-11-23 13:54:32,251 DEBUG micropolis.graphics_setup: [get_resource_path] Looking for asset: filename='obj3-7.xpm', category=images, normalized='obj3-7.xpm'
2025-11-23 13:54:32,252 DEBUG micropolis.graphics_setup: [get_resource_path] Added image path variant: images/obj3-7.xpm
2025-11-23 13:54:32,253 DEBUG micropolis.graphics_setup: [get_resource_path] Trying candidate: 'obj3-7.xpm'
2025-11-23 13:54:32,255 INFO micropolis.graphics_setup: [get_resource_path] ✓ Resolved 'obj3-7.xpm' → 'C:\Users\cyrex\files\projects\micropolis\assets\images\obj3-7.png'
2025-11-23 13:54:32,256 DEBUG micropolis.graphics_setup: [load_xpm_surface] Resolved path: C:\Users\cyrex\files\projects\micropolis\assets\images\obj3-7.png
2025-11-23 13:54:32,257 INFO micropolis.graphics_setup: [load_xpm_surface] ✓ Successfully loaded obj3-7.xpm (48x48)
2025-11-23 13:54:32,258 DEBUG micropolis.graphics_setup: [load_xpm_surface] Attempting to load: obj3-8.xpm
2025-11-23 13:54:32,259 DEBUG micropolis.graphics_setup: [get_resource_path] Looking for asset: filename='obj3-8.xpm', category=images, normalized='obj3-8.xpm'
2025-11-23 13:54:32,261 DEBUG micropolis.graphics_setup: [get_resource_path] Added image path variant: images/obj3-8.xpm
2025-11-23 13:54:32,262 DEBUG micropolis.graphics_setup: [get_resource_path] Trying candidate: 'obj3-8.xpm'
2025-11-23 13:54:32,263 INFO micropolis.graphics_setup: [get_resource_path] ✓ Resolved 'obj3-8.xpm' → 'C:\Users\cyrex\files\projects\micropolis\assets\images\obj3-8.png'
2025-11-23 13:54:32,264 DEBUG micropolis.graphics_setup: [load_xpm_surface] Resolved path: C:\Users\cyrex\files\projects\micropolis\assets\images\obj3-8.png
2025-11-23 13:54:32,266 INFO micropolis.graphics_setup: [load_xpm_surface] ✓ Successfully loaded obj3-8.xpm (48x48)
2025-11-23 13:54:32,266 DEBUG micropolis.graphics_setup: [load_xpm_surface] Attempting to load: obj3-9.xpm
2025-11-23 13:54:32,267 DEBUG micropolis.graphics_setup: [get_resource_path] Looking for asset: filename='obj3-9.xpm', category=images, normalized='obj3-9.xpm'
2025-11-23 13:54:32,269 DEBUG micropolis.graphics_setup: [get_resource_path] Added image path variant: images/obj3-9.xpm
2025-11-23 13:54:32,270 DEBUG micropolis.graphics_setup: [get_resource_path] Trying candidate: 'obj3-9.xpm'
2025-11-23 13:54:32,271 INFO micropolis.graphics_setup: [get_resource_path] ✓ Resolved 'obj3-9.xpm' → 'C:\Users\cyrex\files\projects\micropolis\assets\images\obj3-9.png'
2025-11-23 13:54:32,272 DEBUG micropolis.graphics_setup: [load_xpm_surface] Resolved path: C:\Users\cyrex\files\projects\micropolis\assets\images\obj3-9.png
2025-11-23 13:54:32,273 INFO micropolis.graphics_setup: [load_xpm_surface] ✓ Successfully loaded obj3-9.xpm (48x48)
2025-11-23 13:54:32,274 DEBUG micropolis.graphics_setup: [load_xpm_surface] Attempting to load: obj3-10.xpm
2025-11-23 13:54:32,275 DEBUG micropolis.graphics_setup: [get_resource_path] Looking for asset: filename='obj3-10.xpm', category=images, normalized='obj3-10.xpm'
2025-11-23 13:54:32,276 DEBUG micropolis.graphics_setup: [get_resource_path] Added image path variant: images/obj3-10.xpm
2025-11-23 13:54:32,277 DEBUG micropolis.graphics_setup: [get_resource_path] Trying candidate: 'obj3-10.xpm'
2025-11-23 13:54:32,279 INFO micropolis.graphics_setup: [get_resource_path] ✓ Resolved 'obj3-10.xpm' → 'C:\Users\cyrex\files\projects\micropolis\assets\images\obj3-10.png'
2025-11-23 13:54:32,280 DEBUG micropolis.graphics_setup: [load_xpm_surface] Resolved path: C:\Users\cyrex\files\projects\micropolis\assets\images\obj3-10.png
2025-11-23 13:54:32,282 INFO micropolis.graphics_setup: [load_xpm_surface] ✓ Successfully loaded obj3-10.xpm (48x48)
2025-11-23 13:54:32,282 DEBUG micropolis.graphics_setup: [load_xpm_surface] Attempting to load: obj4-0.xpm
2025-11-23 13:54:32,283 DEBUG micropolis.graphics_setup: [get_resource_path] Looking for asset: filename='obj4-0.xpm', category=images, normalized='obj4-0.xpm'
2025-11-23 13:54:32,284 DEBUG micropolis.graphics_setup: [get_resource_path] Added image path variant: images/obj4-0.xpm
2025-11-23 13:54:32,286 DEBUG micropolis.graphics_setup: [get_resource_path] Trying candidate: 'obj4-0.xpm'
2025-11-23 13:54:32,287 INFO micropolis.graphics_setup: [get_resource_path] ✓ Resolved 'obj4-0.xpm' → 'C:\Users\cyrex\files\projects\micropolis\assets\images\obj4-0.png'
2025-11-23 13:54:32,288 DEBUG micropolis.graphics_setup: [load_xpm_surface] Resolved path: C:\Users\cyrex\files\projects\micropolis\assets\images\obj4-0.png
2025-11-23 13:54:32,289 INFO micropolis.graphics_setup: [load_xpm_surface] ✓ Successfully loaded obj4-0.xpm (48x48)
2025-11-23 13:54:32,290 DEBUG micropolis.graphics_setup: [load_xpm_surface] Attempting to load: obj4-1.xpm
2025-11-23 13:54:32,291 DEBUG micropolis.graphics_setup: [get_resource_path] Looking for asset: filename='obj4-1.xpm', category=images, normalized='obj4-1.xpm'
2025-11-23 13:54:32,292 DEBUG micropolis.graphics_setup: [get_resource_path] Added image path variant: images/obj4-1.xpm
2025-11-23 13:54:32,293 DEBUG micropolis.graphics_setup: [get_resource_path] Trying candidate: 'obj4-1.xpm'
2025-11-23 13:54:32,295 INFO micropolis.graphics_setup: [get_resource_path] ✓ Resolved 'obj4-1.xpm' → 'C:\Users\cyrex\files\projects\micropolis\assets\images\obj4-1.png'
2025-11-23 13:54:32,296 DEBUG micropolis.graphics_setup: [load_xpm_surface] Resolved path: C:\Users\cyrex\files\projects\micropolis\assets\images\obj4-1.png
2025-11-23 13:54:32,297 INFO micropolis.graphics_setup: [load_xpm_surface] ✓ Successfully loaded obj4-1.xpm (48x48)
2025-11-23 13:54:32,298 DEBUG micropolis.graphics_setup: [load_xpm_surface] Attempting to load: obj4-2.xpm
2025-11-23 13:54:32,299 DEBUG micropolis.graphics_setup: [get_resource_path] Looking for asset: filename='obj4-2.xpm', category=images, normalized='obj4-2.xpm'
2025-11-23 13:54:32,300 DEBUG micropolis.graphics_setup: [get_resource_path] Added image path variant: images/obj4-2.xpm
2025-11-23 13:54:32,301 DEBUG micropolis.graphics_setup: [get_resource_path] Trying candidate: 'obj4-2.xpm'
2025-11-23 13:54:32,303 INFO micropolis.graphics_setup: [get_resource_path] ✓ Resolved 'obj4-2.xpm' → 'C:\Users\cyrex\files\projects\micropolis\assets\images\obj4-2.png'
2025-11-23 13:54:32,304 DEBUG micropolis.graphics_setup: [load_xpm_surface] Resolved path: C:\Users\cyrex\files\projects\micropolis\assets\images\obj4-2.png
2025-11-23 13:54:32,306 INFO micropolis.graphics_setup: [load_xpm_surface] ✓ Successfully loaded obj4-2.xpm (48x48)
2025-11-23 13:54:32,307 DEBUG micropolis.graphics_setup: [load_xpm_surface] Attempting to load: obj4-3.xpm
2025-11-23 13:54:32,308 DEBUG micropolis.graphics_setup: [get_resource_path] Looking for asset: filename='obj4-3.xpm', category=images, normalized='obj4-3.xpm'
2025-11-23 13:54:32,309 DEBUG micropolis.graphics_setup: [get_resource_path] Added image path variant: images/obj4-3.xpm
2025-11-23 13:54:32,310 DEBUG micropolis.graphics_setup: [get_resource_path] Trying candidate: 'obj4-3.xpm'
2025-11-23 13:54:32,311 INFO micropolis.graphics_setup: [get_resource_path] ✓ Resolved 'obj4-3.xpm' → 'C:\Users\cyrex\files\projects\micropolis\assets\images\obj4-3.png'
2025-11-23 13:54:32,312 DEBUG micropolis.graphics_setup: [load_xpm_surface] Resolved path: C:\Users\cyrex\files\projects\micropolis\assets\images\obj4-3.png
2025-11-23 13:54:32,314 INFO micropolis.graphics_setup: [load_xpm_surface] ✓ Successfully loaded obj4-3.xpm (48x48)
2025-11-23 13:54:32,315 DEBUG micropolis.graphics_setup: [load_xpm_surface] Attempting to load: obj4-4.xpm
2025-11-23 13:54:32,316 DEBUG micropolis.graphics_setup: [get_resource_path] Looking for asset: filename='obj4-4.xpm', category=images, normalized='obj4-4.xpm'
2025-11-23 13:54:32,317 DEBUG micropolis.graphics_setup: [get_resource_path] Added image path variant: images/obj4-4.xpm
2025-11-23 13:54:32,319 DEBUG micropolis.graphics_setup: [get_resource_path] Trying candidate: 'obj4-4.xpm'
2025-11-23 13:54:32,320 INFO micropolis.graphics_setup: [get_resource_path] ✓ Resolved 'obj4-4.xpm' → 'C:\Users\cyrex\files\projects\micropolis\assets\images\obj4-4.png'
2025-11-23 13:54:32,321 DEBUG micropolis.graphics_setup: [load_xpm_surface] Resolved path: C:\Users\cyrex\files\projects\micropolis\assets\images\obj4-4.png
2025-11-23 13:54:32,323 INFO micropolis.graphics_setup: [load_xpm_surface] ✓ Successfully loaded obj4-4.xpm (48x48)
2025-11-23 13:54:32,325 DEBUG micropolis.graphics_setup: [load_xpm_surface] Attempting to load: obj4-5.xpm
2025-11-23 13:54:32,325 DEBUG micropolis.graphics_setup: [get_resource_path] Looking for asset: filename='obj4-5.xpm', category=images, normalized='obj4-5.xpm'
2025-11-23 13:54:32,327 DEBUG micropolis.graphics_setup: [get_resource_path] Added image path variant: images/obj4-5.xpm
2025-11-23 13:54:32,328 DEBUG micropolis.graphics_setup: [get_resource_path] Trying candidate: 'obj4-5.xpm'
2025-11-23 13:54:32,329 INFO micropolis.graphics_setup: [get_resource_path] ✓ Resolved 'obj4-5.xpm' → 'C:\Users\cyrex\files\projects\micropolis\assets\images\obj4-5.png'
2025-11-23 13:54:32,331 DEBUG micropolis.graphics_setup: [load_xpm_surface] Resolved path: C:\Users\cyrex\files\projects\micropolis\assets\images\obj4-5.png
2025-11-23 13:54:32,332 INFO micropolis.graphics_setup: [load_xpm_surface] ✓ Successfully loaded obj4-5.xpm (48x48)
2025-11-23 13:54:32,333 DEBUG micropolis.graphics_setup: [load_xpm_surface] Attempting to load: obj4-6.xpm
2025-11-23 13:54:32,335 DEBUG micropolis.graphics_setup: [get_resource_path] Looking for asset: filename='obj4-6.xpm', category=images, normalized='obj4-6.xpm'
2025-11-23 13:54:32,336 DEBUG micropolis.graphics_setup: [get_resource_path] Added image path variant: images/obj4-6.xpm
2025-11-23 13:54:32,337 DEBUG micropolis.graphics_setup: [get_resource_path] Trying candidate: 'obj4-6.xpm'
2025-11-23 13:54:32,340 INFO micropolis.graphics_setup: [get_resource_path] ✓ Resolved 'obj4-6.xpm' → 'C:\Users\cyrex\files\projects\micropolis\assets\images\obj4-6.png'
2025-11-23 13:54:32,341 DEBUG micropolis.graphics_setup: [load_xpm_surface] Resolved path: C:\Users\cyrex\files\projects\micropolis\assets\images\obj4-6.png
2025-11-23 13:54:32,343 INFO micropolis.graphics_setup: [load_xpm_surface] ✓ Successfully loaded obj4-6.xpm (48x48)
2025-11-23 13:54:32,344 DEBUG micropolis.graphics_setup: [load_xpm_surface] Attempting to load: obj4-7.xpm
2025-11-23 13:54:32,345 DEBUG micropolis.graphics_setup: [get_resource_path] Looking for asset: filename='obj4-7.xpm', category=images, normalized='obj4-7.xpm'
2025-11-23 13:54:32,346 DEBUG micropolis.graphics_setup: [get_resource_path] Added image path variant: images/obj4-7.xpm
2025-11-23 13:54:32,348 DEBUG micropolis.graphics_setup: [get_resource_path] Trying candidate: 'obj4-7.xpm'
2025-11-23 13:54:32,349 INFO micropolis.graphics_setup: [get_resource_path] ✓ Resolved 'obj4-7.xpm' → 'C:\Users\cyrex\files\projects\micropolis\assets\images\obj4-7.png'
2025-11-23 13:54:32,350 DEBUG micropolis.graphics_setup: [load_xpm_surface] Resolved path: C:\Users\cyrex\files\projects\micropolis\assets\images\obj4-7.png
2025-11-23 13:54:32,358 INFO micropolis.graphics_setup: [load_xpm_surface] ✓ Successfully loaded obj4-7.xpm (48x48)
2025-11-23 13:54:32,360 DEBUG micropolis.graphics_setup: [load_xpm_surface] Attempting to load: obj5-0.xpm
2025-11-23 13:54:32,361 DEBUG micropolis.graphics_setup: [get_resource_path] Looking for asset: filename='obj5-0.xpm', category=images, normalized='obj5-0.xpm'
2025-11-23 13:54:32,362 DEBUG micropolis.graphics_setup: [get_resource_path] Added image path variant: images/obj5-0.xpm
2025-11-23 13:54:32,363 DEBUG micropolis.graphics_setup: [get_resource_path] Trying candidate: 'obj5-0.xpm'
2025-11-23 13:54:32,365 INFO micropolis.graphics_setup: [get_resource_path] ✓ Resolved 'obj5-0.xpm' → 'C:\Users\cyrex\files\projects\micropolis\assets\images\obj5-0.png'
2025-11-23 13:54:32,366 DEBUG micropolis.graphics_setup: [load_xpm_surface] Resolved path: C:\Users\cyrex\files\projects\micropolis\assets\images\obj5-0.png
2025-11-23 13:54:32,368 INFO micropolis.graphics_setup: [load_xpm_surface] ✓ Successfully loaded obj5-0.xpm (48x48)
2025-11-23 13:54:32,370 DEBUG micropolis.graphics_setup: [load_xpm_surface] Attempting to load: obj5-1.xpm
2025-11-23 13:54:32,371 DEBUG micropolis.graphics_setup: [get_resource_path] Looking for asset: filename='obj5-1.xpm', category=images, normalized='obj5-1.xpm'
2025-11-23 13:54:32,372 DEBUG micropolis.graphics_setup: [get_resource_path] Added image path variant: images/obj5-1.xpm
2025-11-23 13:54:32,374 DEBUG micropolis.graphics_setup: [get_resource_path] Trying candidate: 'obj5-1.xpm'
2025-11-23 13:54:32,376 INFO micropolis.graphics_setup: [get_resource_path] ✓ Resolved 'obj5-1.xpm' → 'C:\Users\cyrex\files\projects\micropolis\assets\images\obj5-1.png'
2025-11-23 13:54:32,377 DEBUG micropolis.graphics_setup: [load_xpm_surface] Resolved path: C:\Users\cyrex\files\projects\micropolis\assets\images\obj5-1.png
2025-11-23 13:54:32,379 INFO micropolis.graphics_setup: [load_xpm_surface] ✓ Successfully loaded obj5-1.xpm (48x48)
2025-11-23 13:54:32,381 DEBUG micropolis.graphics_setup: [load_xpm_surface] Attempting to load: obj5-2.xpm
2025-11-23 13:54:32,382 DEBUG micropolis.graphics_setup: [get_resource_path] Looking for asset: filename='obj5-2.xpm', category=images, normalized='obj5-2.xpm'
2025-11-23 13:54:32,383 DEBUG micropolis.graphics_setup: [get_resource_path] Added image path variant: images/obj5-2.xpm
2025-11-23 13:54:32,384 DEBUG micropolis.graphics_setup: [get_resource_path] Trying candidate: 'obj5-2.xpm'
2025-11-23 13:54:32,386 INFO micropolis.graphics_setup: [get_resource_path] ✓ Resolved 'obj5-2.xpm' → 'C:\Users\cyrex\files\projects\micropolis\assets\images\obj5-2.png'
2025-11-23 13:54:32,388 DEBUG micropolis.graphics_setup: [load_xpm_surface] Resolved path: C:\Users\cyrex\files\projects\micropolis\assets\images\obj5-2.png
2025-11-23 13:54:32,389 INFO micropolis.graphics_setup: [load_xpm_surface] ✓ Successfully loaded obj5-2.xpm (48x48)
2025-11-23 13:54:32,391 DEBUG micropolis.graphics_setup: [load_xpm_surface] Attempting to load: obj5-3.xpm
2025-11-23 13:54:32,392 DEBUG micropolis.graphics_setup: [get_resource_path] Looking for asset: filename='obj5-3.xpm', category=images, normalized='obj5-3.xpm'
2025-11-23 13:54:32,394 DEBUG micropolis.graphics_setup: [get_resource_path] Added image path variant: images/obj5-3.xpm
2025-11-23 13:54:32,395 DEBUG micropolis.graphics_setup: [get_resource_path] Trying candidate: 'obj5-3.xpm'
2025-11-23 13:54:32,396 INFO micropolis.graphics_setup: [get_resource_path] ✓ Resolved 'obj5-3.xpm' → 'C:\Users\cyrex\files\projects\micropolis\assets\images\obj5-3.png'
2025-11-23 13:54:32,397 DEBUG micropolis.graphics_setup: [load_xpm_surface] Resolved path: C:\Users\cyrex\files\projects\micropolis\assets\images\obj5-3.png
2025-11-23 13:54:32,399 INFO micropolis.graphics_setup: [load_xpm_surface] ✓ Successfully loaded obj5-3.xpm (48x48)
2025-11-23 13:54:32,400 DEBUG micropolis.graphics_setup: [load_xpm_surface] Attempting to load: obj5-4.xpm
2025-11-23 13:54:32,401 DEBUG micropolis.graphics_setup: [get_resource_path] Looking for asset: filename='obj5-4.xpm', category=images, normalized='obj5-4.xpm'
2025-11-23 13:54:32,402 DEBUG micropolis.graphics_setup: [get_resource_path] Added image path variant: images/obj5-4.xpm
2025-11-23 13:54:32,403 DEBUG micropolis.graphics_setup: [get_resource_path] Trying candidate: 'obj5-4.xpm'
2025-11-23 13:54:32,404 INFO micropolis.graphics_setup: [get_resource_path] ✓ Resolved 'obj5-4.xpm' → 'C:\Users\cyrex\files\projects\micropolis\assets\images\obj5-4.png'
2025-11-23 13:54:32,406 DEBUG micropolis.graphics_setup: [load_xpm_surface] Resolved path: C:\Users\cyrex\files\projects\micropolis\assets\images\obj5-4.png
2025-11-23 13:54:32,407 INFO micropolis.graphics_setup: [load_xpm_surface] ✓ Successfully loaded obj5-4.xpm (48x48)
2025-11-23 13:54:32,408 DEBUG micropolis.graphics_setup: [load_xpm_surface] Attempting to load: obj5-5.xpm
2025-11-23 13:54:32,410 DEBUG micropolis.graphics_setup: [get_resource_path] Looking for asset: filename='obj5-5.xpm', category=images, normalized='obj5-5.xpm'
2025-11-23 13:54:32,411 DEBUG micropolis.graphics_setup: [get_resource_path] Added image path variant: images/obj5-5.xpm
2025-11-23 13:54:32,412 DEBUG micropolis.graphics_setup: [get_resource_path] Trying candidate: 'obj5-5.xpm'
2025-11-23 13:54:32,413 INFO micropolis.graphics_setup: [get_resource_path] ✓ Resolved 'obj5-5.xpm' → 'C:\Users\cyrex\files\projects\micropolis\assets\images\obj5-5.png'
2025-11-23 13:54:32,415 DEBUG micropolis.graphics_setup: [load_xpm_surface] Resolved path: C:\Users\cyrex\files\projects\micropolis\assets\images\obj5-5.png
2025-11-23 13:54:32,416 INFO micropolis.graphics_setup: [load_xpm_surface] ✓ Successfully loaded obj5-5.xpm (48x48)
2025-11-23 13:54:32,418 DEBUG micropolis.graphics_setup: [load_xpm_surface] Attempting to load: obj5-6.xpm
2025-11-23 13:54:32,419 DEBUG micropolis.graphics_setup: [get_resource_path] Looking for asset: filename='obj5-6.xpm', category=images, normalized='obj5-6.xpm'
2025-11-23 13:54:32,421 DEBUG micropolis.graphics_setup: [get_resource_path] Added image path variant: images/obj5-6.xpm
2025-11-23 13:54:32,422 DEBUG micropolis.graphics_setup: [get_resource_path] Trying candidate: 'obj5-6.xpm'
2025-11-23 13:54:32,424 INFO micropolis.graphics_setup: [get_resource_path] ✓ Resolved 'obj5-6.xpm' → 'C:\Users\cyrex\files\projects\micropolis\assets\images\obj5-6.png'
2025-11-23 13:54:32,425 DEBUG micropolis.graphics_setup: [load_xpm_surface] Resolved path: C:\Users\cyrex\files\projects\micropolis\assets\images\obj5-6.png
2025-11-23 13:54:32,427 INFO micropolis.graphics_setup: [load_xpm_surface] ✓ Successfully loaded obj5-6.xpm (48x48)
2025-11-23 13:54:32,428 DEBUG micropolis.graphics_setup: [load_xpm_surface] Attempting to load: obj5-7.xpm
2025-11-23 13:54:32,429 DEBUG micropolis.graphics_setup: [get_resource_path] Looking for asset: filename='obj5-7.xpm', category=images, normalized='obj5-7.xpm'
2025-11-23 13:54:32,430 DEBUG micropolis.graphics_setup: [get_resource_path] Added image path variant: images/obj5-7.xpm
2025-11-23 13:54:32,432 DEBUG micropolis.graphics_setup: [get_resource_path] Trying candidate: 'obj5-7.xpm'
2025-11-23 13:54:32,433 INFO micropolis.graphics_setup: [get_resource_path] ✓ Resolved 'obj5-7.xpm' → 'C:\Users\cyrex\files\projects\micropolis\assets\images\obj5-7.png'
2025-11-23 13:54:32,434 DEBUG micropolis.graphics_setup: [load_xpm_surface] Resolved path: C:\Users\cyrex\files\projects\micropolis\assets\images\obj5-7.png
2025-11-23 13:54:32,436 INFO micropolis.graphics_setup: [load_xpm_surface] ✓ Successfully loaded obj5-7.xpm (48x48)
2025-11-23 13:54:32,437 DEBUG micropolis.graphics_setup: [load_xpm_surface] Attempting to load: obj5-8.xpm
2025-11-23 13:54:32,438 DEBUG micropolis.graphics_setup: [get_resource_path] Looking for asset: filename='obj5-8.xpm', category=images, normalized='obj5-8.xpm'
2025-11-23 13:54:32,439 DEBUG micropolis.graphics_setup: [get_resource_path] Added image path variant: images/obj5-8.xpm
2025-11-23 13:54:32,441 DEBUG micropolis.graphics_setup: [get_resource_path] Trying candidate: 'obj5-8.xpm'
2025-11-23 13:54:32,443 INFO micropolis.graphics_setup: [get_resource_path] ✓ Resolved 'obj5-8.xpm' → 'C:\Users\cyrex\files\projects\micropolis\assets\images\obj5-8.png'
2025-11-23 13:54:32,445 DEBUG micropolis.graphics_setup: [load_xpm_surface] Resolved path: C:\Users\cyrex\files\projects\micropolis\assets\images\obj5-8.png
2025-11-23 13:54:32,446 INFO micropolis.graphics_setup: [load_xpm_surface] ✓ Successfully loaded obj5-8.xpm (48x48)
2025-11-23 13:54:32,448 DEBUG micropolis.graphics_setup: [load_xpm_surface] Attempting to load: obj5-9.xpm
2025-11-23 13:54:32,450 DEBUG micropolis.graphics_setup: [get_resource_path] Looking for asset: filename='obj5-9.xpm', category=images, normalized='obj5-9.xpm'
2025-11-23 13:54:32,452 DEBUG micropolis.graphics_setup: [get_resource_path] Added image path variant: images/obj5-9.xpm
2025-11-23 13:54:32,453 DEBUG micropolis.graphics_setup: [get_resource_path] Trying candidate: 'obj5-9.xpm'
2025-11-23 13:54:32,455 INFO micropolis.graphics_setup: [get_resource_path] ✓ Resolved 'obj5-9.xpm' → 'C:\Users\cyrex\files\projects\micropolis\assets\images\obj5-9.png'
2025-11-23 13:54:32,456 DEBUG micropolis.graphics_setup: [load_xpm_surface] Resolved path: C:\Users\cyrex\files\projects\micropolis\assets\images\obj5-9.png
2025-11-23 13:54:32,458 INFO micropolis.graphics_setup: [load_xpm_surface] ✓ Successfully loaded obj5-9.xpm (48x48)
2025-11-23 13:54:32,459 DEBUG micropolis.graphics_setup: [load_xpm_surface] Attempting to load: obj5-10.xpm
2025-11-23 13:54:32,460 DEBUG micropolis.graphics_setup: [get_resource_path] Looking for asset: filename='obj5-10.xpm', category=images, normalized='obj5-10.xpm'
2025-11-23 13:54:32,462 DEBUG micropolis.graphics_setup: [get_resource_path] Added image path variant: images/obj5-10.xpm
2025-11-23 13:54:32,463 DEBUG micropolis.graphics_setup: [get_resource_path] Trying candidate: 'obj5-10.xpm'
2025-11-23 13:54:32,468 INFO micropolis.graphics_setup: [get_resource_path] ✓ Resolved 'obj5-10.xpm' → 'C:\Users\cyrex\files\projects\micropolis\assets\images\obj5-10.png'
2025-11-23 13:54:32,469 DEBUG micropolis.graphics_setup: [load_xpm_surface] Resolved path: C:\Users\cyrex\files\projects\micropolis\assets\images\obj5-10.png
2025-11-23 13:54:32,471 INFO micropolis.graphics_setup: [load_xpm_surface] ✓ Successfully loaded obj5-10.xpm (48x48)
2025-11-23 13:54:32,472 DEBUG micropolis.graphics_setup: [load_xpm_surface] Attempting to load: obj5-11.xpm
2025-11-23 13:54:32,473 DEBUG micropolis.graphics_setup: [get_resource_path] Looking for asset: filename='obj5-11.xpm', category=images, normalized='obj5-11.xpm'
2025-11-23 13:54:32,475 DEBUG micropolis.graphics_setup: [get_resource_path] Added image path variant: images/obj5-11.xpm
2025-11-23 13:54:32,476 DEBUG micropolis.graphics_setup: [get_resource_path] Trying candidate: 'obj5-11.xpm'
2025-11-23 13:54:32,478 INFO micropolis.graphics_setup: [get_resource_path] ✓ Resolved 'obj5-11.xpm' → 'C:\Users\cyrex\files\projects\micropolis\assets\images\obj5-11.png'
2025-11-23 13:54:32,479 DEBUG micropolis.graphics_setup: [load_xpm_surface] Resolved path: C:\Users\cyrex\files\projects\micropolis\assets\images\obj5-11.png
2025-11-23 13:54:32,482 INFO micropolis.graphics_setup: [load_xpm_surface] ✓ Successfully loaded obj5-11.xpm (48x48)
2025-11-23 13:54:32,484 DEBUG micropolis.graphics_setup: [load_xpm_surface] Attempting to load: obj5-12.xpm
2025-11-23 13:54:32,486 DEBUG micropolis.graphics_setup: [get_resource_path] Looking for asset: filename='obj5-12.xpm', category=images, normalized='obj5-12.xpm'
2025-11-23 13:54:32,487 DEBUG micropolis.graphics_setup: [get_resource_path] Added image path variant: images/obj5-12.xpm
2025-11-23 13:54:32,488 DEBUG micropolis.graphics_setup: [get_resource_path] Trying candidate: 'obj5-12.xpm'
2025-11-23 13:54:32,489 INFO micropolis.graphics_setup: [get_resource_path] ✓ Resolved 'obj5-12.xpm' → 'C:\Users\cyrex\files\projects\micropolis\assets\images\obj5-12.png'
2025-11-23 13:54:32,490 DEBUG micropolis.graphics_setup: [load_xpm_surface] Resolved path: C:\Users\cyrex\files\projects\micropolis\assets\images\obj5-12.png
2025-11-23 13:54:32,492 INFO micropolis.graphics_setup: [load_xpm_surface] ✓ Successfully loaded obj5-12.xpm (48x48)
2025-11-23 13:54:32,493 DEBUG micropolis.graphics_setup: [load_xpm_surface] Attempting to load: obj5-13.xpm
2025-11-23 13:54:32,494 DEBUG micropolis.graphics_setup: [get_resource_path] Looking for asset: filename='obj5-13.xpm', category=images, normalized='obj5-13.xpm'
2025-11-23 13:54:32,495 DEBUG micropolis.graphics_setup: [get_resource_path] Added image path variant: images/obj5-13.xpm
2025-11-23 13:54:32,496 DEBUG micropolis.graphics_setup: [get_resource_path] Trying candidate: 'obj5-13.xpm'
2025-11-23 13:54:32,498 INFO micropolis.graphics_setup: [get_resource_path] ✓ Resolved 'obj5-13.xpm' → 'C:\Users\cyrex\files\projects\micropolis\assets\images\obj5-13.png'
2025-11-23 13:54:32,499 DEBUG micropolis.graphics_setup: [load_xpm_surface] Resolved path: C:\Users\cyrex\files\projects\micropolis\assets\images\obj5-13.png
2025-11-23 13:54:32,500 INFO micropolis.graphics_setup: [load_xpm_surface] ✓ Successfully loaded obj5-13.xpm (48x48)
2025-11-23 13:54:32,501 DEBUG micropolis.graphics_setup: [load_xpm_surface] Attempting to load: obj5-14.xpm
2025-11-23 13:54:32,502 DEBUG micropolis.graphics_setup: [get_resource_path] Looking for asset: filename='obj5-14.xpm', category=images, normalized='obj5-14.xpm'
2025-11-23 13:54:32,503 DEBUG micropolis.graphics_setup: [get_resource_path] Added image path variant: images/obj5-14.xpm
2025-11-23 13:54:32,504 DEBUG micropolis.graphics_setup: [get_resource_path] Trying candidate: 'obj5-14.xpm'
2025-11-23 13:54:32,505 INFO micropolis.graphics_setup: [get_resource_path] ✓ Resolved 'obj5-14.xpm' → 'C:\Users\cyrex\files\projects\micropolis\assets\images\obj5-14.png'
2025-11-23 13:54:32,507 DEBUG micropolis.graphics_setup: [load_xpm_surface] Resolved path: C:\Users\cyrex\files\projects\micropolis\assets\images\obj5-14.png
2025-11-23 13:54:32,508 INFO micropolis.graphics_setup: [load_xpm_surface] ✓ Successfully loaded obj5-14.xpm (48x48)
2025-11-23 13:54:32,509 DEBUG micropolis.graphics_setup: [load_xpm_surface] Attempting to load: obj5-15.xpm
2025-11-23 13:54:32,510 DEBUG micropolis.graphics_setup: [get_resource_path] Looking for asset: filename='obj5-15.xpm', category=images, normalized='obj5-15.xpm'
2025-11-23 13:54:32,511 DEBUG micropolis.graphics_setup: [get_resource_path] Added image path variant: images/obj5-15.xpm
2025-11-23 13:54:32,512 DEBUG micropolis.graphics_setup: [get_resource_path] Trying candidate: 'obj5-15.xpm'
2025-11-23 13:54:32,513 INFO micropolis.graphics_setup: [get_resource_path] ✓ Resolved 'obj5-15.xpm' → 'C:\Users\cyrex\files\projects\micropolis\assets\images\obj5-15.png'
2025-11-23 13:54:32,515 DEBUG micropolis.graphics_setup: [load_xpm_surface] Resolved path: C:\Users\cyrex\files\projects\micropolis\assets\images\obj5-15.png
2025-11-23 13:54:32,516 INFO micropolis.graphics_setup: [load_xpm_surface] ✓ Successfully loaded obj5-15.xpm (48x48)
2025-11-23 13:54:32,517 DEBUG micropolis.graphics_setup: [load_xpm_surface] Attempting to load: obj6-0.xpm
2025-11-23 13:54:32,518 DEBUG micropolis.graphics_setup: [get_resource_path] Looking for asset: filename='obj6-0.xpm', category=images, normalized='obj6-0.xpm'
2025-11-23 13:54:32,519 DEBUG micropolis.graphics_setup: [get_resource_path] Added image path variant: images/obj6-0.xpm
2025-11-23 13:54:32,520 DEBUG micropolis.graphics_setup: [get_resource_path] Trying candidate: 'obj6-0.xpm'
2025-11-23 13:54:32,521 INFO micropolis.graphics_setup: [get_resource_path] ✓ Resolved 'obj6-0.xpm' → 'C:\Users\cyrex\files\projects\micropolis\assets\images\obj6-0.png'
2025-11-23 13:54:32,523 DEBUG micropolis.graphics_setup: [load_xpm_surface] Resolved path: C:\Users\cyrex\files\projects\micropolis\assets\images\obj6-0.png
2025-11-23 13:54:32,524 INFO micropolis.graphics_setup: [load_xpm_surface] ✓ Successfully loaded obj6-0.xpm (48x48)
2025-11-23 13:54:32,525 DEBUG micropolis.graphics_setup: [load_xpm_surface] Attempting to load: obj6-1.xpm
2025-11-23 13:54:32,526 DEBUG micropolis.graphics_setup: [get_resource_path] Looking for asset: filename='obj6-1.xpm', category=images, normalized='obj6-1.xpm'
2025-11-23 13:54:32,528 DEBUG micropolis.graphics_setup: [get_resource_path] Added image path variant: images/obj6-1.xpm
2025-11-23 13:54:32,529 DEBUG micropolis.graphics_setup: [get_resource_path] Trying candidate: 'obj6-1.xpm'
2025-11-23 13:54:32,530 INFO micropolis.graphics_setup: [get_resource_path] ✓ Resolved 'obj6-1.xpm' → 'C:\Users\cyrex\files\projects\micropolis\assets\images\obj6-1.png'
2025-11-23 13:54:32,531 DEBUG micropolis.graphics_setup: [load_xpm_surface] Resolved path: C:\Users\cyrex\files\projects\micropolis\assets\images\obj6-1.png
2025-11-23 13:54:32,532 INFO micropolis.graphics_setup: [load_xpm_surface] ✓ Successfully loaded obj6-1.xpm (48x48)
2025-11-23 13:54:32,533 DEBUG micropolis.graphics_setup: [load_xpm_surface] Attempting to load: obj6-2.xpm
2025-11-23 13:54:32,535 DEBUG micropolis.graphics_setup: [get_resource_path] Looking for asset: filename='obj6-2.xpm', category=images, normalized='obj6-2.xpm'
2025-11-23 13:54:32,536 DEBUG micropolis.graphics_setup: [get_resource_path] Added image path variant: images/obj6-2.xpm
2025-11-23 13:54:32,537 DEBUG micropolis.graphics_setup: [get_resource_path] Trying candidate: 'obj6-2.xpm'
2025-11-23 13:54:32,538 INFO micropolis.graphics_setup: [get_resource_path] ✓ Resolved 'obj6-2.xpm' → 'C:\Users\cyrex\files\projects\micropolis\assets\images\obj6-2.png'
2025-11-23 13:54:32,540 DEBUG micropolis.graphics_setup: [load_xpm_surface] Resolved path: C:\Users\cyrex\files\projects\micropolis\assets\images\obj6-2.png
2025-11-23 13:54:32,541 INFO micropolis.graphics_setup: [load_xpm_surface] ✓ Successfully loaded obj6-2.xpm (48x48)
2025-11-23 13:54:32,542 DEBUG micropolis.graphics_setup: [load_xpm_surface] Attempting to load: obj7-0.xpm
2025-11-23 13:54:32,543 DEBUG micropolis.graphics_setup: [get_resource_path] Looking for asset: filename='obj7-0.xpm', category=images, normalized='obj7-0.xpm'
2025-11-23 13:54:32,544 DEBUG micropolis.graphics_setup: [get_resource_path] Added image path variant: images/obj7-0.xpm
2025-11-23 13:54:32,545 DEBUG micropolis.graphics_setup: [get_resource_path] Trying candidate: 'obj7-0.xpm'
2025-11-23 13:54:32,546 INFO micropolis.graphics_setup: [get_resource_path] ✓ Resolved 'obj7-0.xpm' → 'C:\Users\cyrex\files\projects\micropolis\assets\images\obj7-0.png'
2025-11-23 13:54:32,547 DEBUG micropolis.graphics_setup: [load_xpm_surface] Resolved path: C:\Users\cyrex\files\projects\micropolis\assets\images\obj7-0.png
2025-11-23 13:54:32,549 INFO micropolis.graphics_setup: [load_xpm_surface] ✓ Successfully loaded obj7-0.xpm (48x48)
2025-11-23 13:54:32,550 DEBUG micropolis.graphics_setup: [load_xpm_surface] Attempting to load: obj7-1.xpm
2025-11-23 13:54:32,551 DEBUG micropolis.graphics_setup: [get_resource_path] Looking for asset: filename='obj7-1.xpm', category=images, normalized='obj7-1.xpm'
2025-11-23 13:54:32,552 DEBUG micropolis.graphics_setup: [get_resource_path] Added image path variant: images/obj7-1.xpm
2025-11-23 13:54:32,553 DEBUG micropolis.graphics_setup: [get_resource_path] Trying candidate: 'obj7-1.xpm'
2025-11-23 13:54:32,554 INFO micropolis.graphics_setup: [get_resource_path] ✓ Resolved 'obj7-1.xpm' → 'C:\Users\cyrex\files\projects\micropolis\assets\images\obj7-1.png'
2025-11-23 13:54:32,555 DEBUG micropolis.graphics_setup: [load_xpm_surface] Resolved path: C:\Users\cyrex\files\projects\micropolis\assets\images\obj7-1.png
2025-11-23 13:54:32,557 INFO micropolis.graphics_setup: [load_xpm_surface] ✓ Successfully loaded obj7-1.xpm (48x48)
2025-11-23 13:54:32,558 DEBUG micropolis.graphics_setup: [load_xpm_surface] Attempting to load: obj7-2.xpm
2025-11-23 13:54:32,558 DEBUG micropolis.graphics_setup: [get_resource_path] Looking for asset: filename='obj7-2.xpm', category=images, normalized='obj7-2.xpm'
2025-11-23 13:54:32,559 DEBUG micropolis.graphics_setup: [get_resource_path] Added image path variant: images/obj7-2.xpm
2025-11-23 13:54:32,561 DEBUG micropolis.graphics_setup: [get_resource_path] Trying candidate: 'obj7-2.xpm'
2025-11-23 13:54:32,562 INFO micropolis.graphics_setup: [get_resource_path] ✓ Resolved 'obj7-2.xpm' → 'C:\Users\cyrex\files\projects\micropolis\assets\images\obj7-2.png'
2025-11-23 13:54:32,563 DEBUG micropolis.graphics_setup: [load_xpm_surface] Resolved path: C:\Users\cyrex\files\projects\micropolis\assets\images\obj7-2.png
2025-11-23 13:54:32,564 INFO micropolis.graphics_setup: [load_xpm_surface] ✓ Successfully loaded obj7-2.xpm (48x48)
2025-11-23 13:54:32,565 DEBUG micropolis.graphics_setup: [load_xpm_surface] Attempting to load: obj7-3.xpm
2025-11-23 13:54:32,566 DEBUG micropolis.graphics_setup: [get_resource_path] Looking for asset: filename='obj7-3.xpm', category=images, normalized='obj7-3.xpm'
2025-11-23 13:54:32,567 DEBUG micropolis.graphics_setup: [get_resource_path] Added image path variant: images/obj7-3.xpm
2025-11-23 13:54:32,568 DEBUG micropolis.graphics_setup: [get_resource_path] Trying candidate: 'obj7-3.xpm'
2025-11-23 13:54:32,573 INFO micropolis.graphics_setup: [get_resource_path] ✓ Resolved 'obj7-3.xpm' → 'C:\Users\cyrex\files\projects\micropolis\assets\images\obj7-3.png'
2025-11-23 13:54:32,574 DEBUG micropolis.graphics_setup: [load_xpm_surface] Resolved path: C:\Users\cyrex\files\projects\micropolis\assets\images\obj7-3.png
2025-11-23 13:54:32,575 INFO micropolis.graphics_setup: [load_xpm_surface] ✓ Successfully loaded obj7-3.xpm (48x48)
2025-11-23 13:54:32,577 DEBUG micropolis.graphics_setup: [load_xpm_surface] Attempting to load: obj7-4.xpm
2025-11-23 13:54:32,578 DEBUG micropolis.graphics_setup: [get_resource_path] Looking for asset: filename='obj7-4.xpm', category=images, normalized='obj7-4.xpm'
2025-11-23 13:54:32,579 DEBUG micropolis.graphics_setup: [get_resource_path] Added image path variant: images/obj7-4.xpm
2025-11-23 13:54:32,580 DEBUG micropolis.graphics_setup: [get_resource_path] Trying candidate: 'obj7-4.xpm'
2025-11-23 13:54:32,581 INFO micropolis.graphics_setup: [get_resource_path] ✓ Resolved 'obj7-4.xpm' → 'C:\Users\cyrex\files\projects\micropolis\assets\images\obj7-4.png'
2025-11-23 13:54:32,582 DEBUG micropolis.graphics_setup: [load_xpm_surface] Resolved path: C:\Users\cyrex\files\projects\micropolis\assets\images\obj7-4.png
2025-11-23 13:54:32,584 INFO micropolis.graphics_setup: [load_xpm_surface] ✓ Successfully loaded obj7-4.xpm (48x48)
2025-11-23 13:54:32,585 DEBUG micropolis.graphics_setup: [load_xpm_surface] Attempting to load: obj7-5.xpm
2025-11-23 13:54:32,586 DEBUG micropolis.graphics_setup: [get_resource_path] Looking for asset: filename='obj7-5.xpm', category=images, normalized='obj7-5.xpm'
2025-11-23 13:54:32,587 DEBUG micropolis.graphics_setup: [get_resource_path] Added image path variant: images/obj7-5.xpm
2025-11-23 13:54:32,588 DEBUG micropolis.graphics_setup: [get_resource_path] Trying candidate: 'obj7-5.xpm'
2025-11-23 13:54:32,589 INFO micropolis.graphics_setup: [get_resource_path] ✓ Resolved 'obj7-5.xpm' → 'C:\Users\cyrex\files\projects\micropolis\assets\images\obj7-5.png'
2025-11-23 13:54:32,590 DEBUG micropolis.graphics_setup: [load_xpm_surface] Resolved path: C:\Users\cyrex\files\projects\micropolis\assets\images\obj7-5.png
2025-11-23 13:54:32,592 INFO micropolis.graphics_setup: [load_xpm_surface] ✓ Successfully loaded obj7-5.xpm (48x48)
2025-11-23 13:54:32,593 DEBUG micropolis.graphics_setup: [load_xpm_surface] Attempting to load: obj8-0.xpm
2025-11-23 13:54:32,594 DEBUG micropolis.graphics_setup: [get_resource_path] Looking for asset: filename='obj8-0.xpm', category=images, normalized='obj8-0.xpm'
2025-11-23 13:54:32,595 DEBUG micropolis.graphics_setup: [get_resource_path] Added image path variant: images/obj8-0.xpm
2025-11-23 13:54:32,596 DEBUG micropolis.graphics_setup: [get_resource_path] Trying candidate: 'obj8-0.xpm'
2025-11-23 13:54:32,598 INFO micropolis.graphics_setup: [get_resource_path] ✓ Resolved 'obj8-0.xpm' → 'C:\Users\cyrex\files\projects\micropolis\assets\images\obj8-0.png'
2025-11-23 13:54:32,599 DEBUG micropolis.graphics_setup: [load_xpm_surface] Resolved path: C:\Users\cyrex\files\projects\micropolis\assets\images\obj8-0.png
2025-11-23 13:54:32,600 INFO micropolis.graphics_setup: [load_xpm_surface] ✓ Successfully loaded obj8-0.xpm (32x32)
2025-11-23 13:54:32,601 DEBUG micropolis.graphics_setup: [load_xpm_surface] Attempting to load: obj8-1.xpm
2025-11-23 13:54:32,602 DEBUG micropolis.graphics_setup: [get_resource_path] Looking for asset: filename='obj8-1.xpm', category=images, normalized='obj8-1.xpm'
2025-11-23 13:54:32,603 DEBUG micropolis.graphics_setup: [get_resource_path] Added image path variant: images/obj8-1.xpm
2025-11-23 13:54:32,604 DEBUG micropolis.graphics_setup: [get_resource_path] Trying candidate: 'obj8-1.xpm'
2025-11-23 13:54:32,606 INFO micropolis.graphics_setup: [get_resource_path] ✓ Resolved 'obj8-1.xpm' → 'C:\Users\cyrex\files\projects\micropolis\assets\images\obj8-1.png'
2025-11-23 13:54:32,607 DEBUG micropolis.graphics_setup: [load_xpm_surface] Resolved path: C:\Users\cyrex\files\projects\micropolis\assets\images\obj8-1.png
2025-11-23 13:54:32,611 INFO micropolis.graphics_setup: [load_xpm_surface] ✓ Successfully loaded obj8-1.xpm (32x32)
2025-11-23 13:54:32,612 DEBUG micropolis.graphics_setup: [load_xpm_surface] Attempting to load: obj8-2.xpm
2025-11-23 13:54:32,613 DEBUG micropolis.graphics_setup: [get_resource_path] Looking for asset: filename='obj8-2.xpm', category=images, normalized='obj8-2.xpm'
2025-11-23 13:54:32,615 DEBUG micropolis.graphics_setup: [get_resource_path] Added image path variant: images/obj8-2.xpm
2025-11-23 13:54:32,616 DEBUG micropolis.graphics_setup: [get_resource_path] Trying candidate: 'obj8-2.xpm'
2025-11-23 13:54:32,617 INFO micropolis.graphics_setup: [get_resource_path] ✓ Resolved 'obj8-2.xpm' → 'C:\Users\cyrex\files\projects\micropolis\assets\images\obj8-2.png'
2025-11-23 13:54:32,618 DEBUG micropolis.graphics_setup: [load_xpm_surface] Resolved path: C:\Users\cyrex\files\projects\micropolis\assets\images\obj8-2.png
2025-11-23 13:54:32,619 INFO micropolis.graphics_setup: [load_xpm_surface] ✓ Successfully loaded obj8-2.xpm (32x32)
2025-11-23 13:54:32,620 DEBUG micropolis.graphics_setup: [load_xpm_surface] Attempting to load: obj8-3.xpm
2025-11-23 13:54:32,621 DEBUG micropolis.graphics_setup: [get_resource_path] Looking for asset: filename='obj8-3.xpm', category=images, normalized='obj8-3.xpm'
2025-11-23 13:54:32,623 DEBUG micropolis.graphics_setup: [get_resource_path] Added image path variant: images/obj8-3.xpm
2025-11-23 13:54:32,624 DEBUG micropolis.graphics_setup: [get_resource_path] Trying candidate: 'obj8-3.xpm'
2025-11-23 13:54:32,625 INFO micropolis.graphics_setup: [get_resource_path] ✓ Resolved 'obj8-3.xpm' → 'C:\Users\cyrex\files\projects\micropolis\assets\images\obj8-3.png'
2025-11-23 13:54:32,626 DEBUG micropolis.graphics_setup: [load_xpm_surface] Resolved path: C:\Users\cyrex\files\projects\micropolis\assets\images\obj8-3.png
2025-11-23 13:54:32,628 INFO micropolis.graphics_setup: [load_xpm_surface] ✓ Successfully loaded obj8-3.xpm (32x32)
2025-11-23 13:54:32,677 INFO micropolis.graphics_setup: [init_view_graphics] Initializing graphics for view: class_id=0, type=1
2025-11-23 13:54:32,679 DEBUG micropolis.graphics_setup: [init_view_graphics] View display attributes: color=1
2025-11-23 13:54:32,680 DEBUG micropolis.graphics_setup: [init_view_graphics] Calling get_view_tiles()...
2025-11-23 13:54:32,681 INFO micropolis.graphics_setup: [get_view_tiles] Loading tiles for view: class_id=0, is_editor=True, is_map=False, type=1
2025-11-23 13:54:32,682 DEBUG micropolis.graphics_setup: [get_view_tiles] Loading tiles for EDITOR view
2025-11-23 13:54:32,683 DEBUG micropolis.graphics_setup: [get_view_tiles] Editor view type: X_Mem_View
2025-11-23 13:54:32,684 INFO micropolis.graphics_setup: [get_view_tiles] Loading big tile image: tiles.png
2025-11-23 13:54:32,685 DEBUG micropolis.graphics_setup: [load_xpm_surface] Attempting to load: tiles.png
2025-11-23 13:54:32,686 DEBUG micropolis.graphics_setup: [get_resource_path] Looking for asset: filename='tiles.png', category=images, normalized='tiles.png'
2025-11-23 13:54:32,687 DEBUG micropolis.graphics_setup: [get_resource_path] Added image path variant: images/tiles.png
2025-11-23 13:54:32,687 DEBUG micropolis.graphics_setup: [get_resource_path] Trying candidate: 'tiles.png'
2025-11-23 13:54:32,689 INFO micropolis.graphics_setup: [get_resource_path] ✓ Resolved 'tiles.png' → 'C:\Users\cyrex\files\projects\micropolis\assets\images\tiles.png'
2025-11-23 13:54:32,690 DEBUG micropolis.graphics_setup: [load_xpm_surface] Resolved path: C:\Users\cyrex\files\projects\micropolis\assets\images\tiles.png
2025-11-23 13:54:32,695 INFO micropolis.graphics_setup: [load_xpm_surface] ✓ Successfully loaded tiles.png (16x15360)
2025-11-23 13:54:32,697 INFO micropolis.graphics_setup: [get_view_tiles] ✓ Loaded big tile image: 16x15360
2025-11-23 13:54:32,698 DEBUG micropolis.graphics_setup: [get_view_tiles] Set view.bigtiles from big_tile_image
2025-11-23 13:54:32,699 INFO micropolis.graphics_setup: [init_view_graphics] ✓ Graphics initialized: bigtiles=True, smalltiles=False
2025-11-23 13:54:32,700 DEBUG micropolis.engine: Editor view tile cache initialized: bigtiles=present
2025-11-23 13:54:32,701 DEBUG micropolis.engine: Created surface for view: 360x300 (class_id=1)
2025-11-23 13:54:32,702 INFO micropolis.graphics_setup: [init_view_graphics] Initializing graphics for view: class_id=1, type=1
2025-11-23 13:54:32,703 DEBUG micropolis.graphics_setup: [init_view_graphics] View display attributes: color=1
2025-11-23 13:54:32,703 DEBUG micropolis.graphics_setup: [init_view_graphics] Calling get_view_tiles()...
2025-11-23 13:54:32,704 INFO micropolis.graphics_setup: [get_view_tiles] Loading tiles for view: class_id=1, is_editor=False, is_map=True, type=1
2025-11-23 13:54:32,705 DEBUG micropolis.graphics_setup: [get_view_tiles] Loading tiles for MAP view
2025-11-23 13:54:32,707 INFO micropolis.graphics_setup: [get_view_tiles] Loading small tile image: tilessm.png
2025-11-23 13:54:32,709 DEBUG micropolis.graphics_setup: [load_xpm_surface] Attempting to load: tilessm.png
2025-11-23 13:54:32,711 DEBUG micropolis.graphics_setup: [get_resource_path] Looking for asset: filename='tilessm.png', category=images, normalized='tilessm.png'
2025-11-23 13:54:32,712 DEBUG micropolis.graphics_setup: [get_resource_path] Added image path variant: images/tilessm.png
2025-11-23 13:54:32,714 DEBUG micropolis.graphics_setup: [get_resource_path] Trying candidate: 'tilessm.png'
2025-11-23 13:54:32,715 INFO micropolis.graphics_setup: [get_resource_path] ✓ Resolved 'tilessm.png' → 'C:\Users\cyrex\files\projects\micropolis\assets\images\tilessm.png'
2025-11-23 13:54:32,716 DEBUG micropolis.graphics_setup: [load_xpm_surface] Resolved path: C:\Users\cyrex\files\projects\micropolis\assets\images\tilessm.png
2025-11-23 13:54:32,719 INFO micropolis.graphics_setup: [load_xpm_surface] ✓ Successfully loaded tilessm.png (4x2880)
2025-11-23 13:54:32,720 INFO micropolis.graphics_setup: [get_view_tiles] ✓ Loaded small tile image: 4x2880
2025-11-23 13:54:32,721 DEBUG micropolis.graphics_setup: [get_view_tiles] Converting small tiles to 4x4 format
2025-11-23 13:54:32,729 INFO micropolis.graphics_setup: [get_view_tiles] ✓ Converted 960 small tiles to 4x4 format (61440 bytes)
2025-11-23 13:54:32,730 INFO micropolis.graphics_setup: [init_view_graphics] ✓ Graphics initialized: bigtiles=False, smalltiles=True
2025-11-23 13:54:32,732 DEBUG micropolis.engine: Map view tile cache initialized: smalltiles=present
2025-11-23 13:54:32,733 INFO micropolis.engine: All view surfaces initialized successfully
2025-11-23 13:54:32,737 INFO micropolis.engine: Editor panel created and registered successfully
2025-11-23 13:54:32,871 ERROR micropolis.engine: Simulation error: Error in pygame main loop: 'AppContext' object has no attribute 'fill'
