2025-11-23 15:22:41,838 DEBUG micropolis.main: Logging initialized. Console -> rich, File -> C:\Users\cyrex\files\projects\micropolis\logs\micropolis-20251123-152241.log
2025-11-23 15:22:41,840 INFO micropolis.engine: Welcome to Python Micropolis version 2025.11.11
2025-11-23 15:22:41,841 INFO micropolis.engine: Copyright (C) 2002 by Electronic Arts, Maxis. All rights reserved.
2025-11-23 15:22:41,855 DEBUG micropolis.engine: Map view surface not yet initialized (will be set during graphics setup)
2025-11-23 15:22:42,322 INFO micropolis.audio: Sound system initialized with 7 logical channels
2025-11-23 15:22:42,323 DEBUG root: Funds set to: $20000
2025-11-23 15:22:42,325 DEBUG root: Funds set to: $20000
2025-11-23 15:22:42,325 INFO root: Game level set to 0 (Easy) - Starting funds: $20000
2025-11-23 15:22:42,326 INFO root: Map cleared - all tiles set to DIRT
2025-11-23 15:22:42,328 DEBUG root: Funds set to: $0
2025-11-23 15:22:42,329 DEBUG root: Funds set to: $20000
2025-11-23 15:22:42,329 INFO root: Game level set to 0 (Easy) - Starting funds: $20000
2025-11-23 15:22:42,330 DEBUG micropolis.engine: Initializing pygame graphics...
2025-11-23 15:22:42,435 DEBUG micropolis.graphics_setup: [load_xpm_surface] Attempting to load: obj1-0.xpm
2025-11-23 15:22:42,437 DEBUG micropolis.graphics_setup: [get_resource_path] Looking for asset: filename='obj1-0.xpm', category=images, normalized='obj1-0.xpm'
2025-11-23 15:22:42,438 DEBUG micropolis.graphics_setup: [get_resource_path] Added image path variant: images/obj1-0.xpm
2025-11-23 15:22:42,440 DEBUG micropolis.graphics_setup: [get_resource_path] Trying candidate: 'obj1-0.xpm'
2025-11-23 15:22:42,441 INFO micropolis.graphics_setup: [get_resource_path] ✓ Resolved 'obj1-0.xpm' → 'C:\Users\cyrex\files\projects\micropolis\assets\images\obj1-0.png'
2025-11-23 15:22:42,442 DEBUG micropolis.graphics_setup: [load_xpm_surface] Resolved path: C:\Users\cyrex\files\projects\micropolis\assets\images\obj1-0.png
2025-11-23 15:22:42,443 INFO micropolis.graphics_setup: [load_xpm_surface] ✓ Successfully loaded obj1-0.xpm (32x32)
2025-11-23 15:22:42,444 DEBUG micropolis.graphics_setup: [load_xpm_surface] Attempting to load: obj1-1.xpm
2025-11-23 15:22:42,445 DEBUG micropolis.graphics_setup: [get_resource_path] Looking for asset: filename='obj1-1.xpm', category=images, normalized='obj1-1.xpm'
2025-11-23 15:22:42,446 DEBUG micropolis.graphics_setup: [get_resource_path] Added image path variant: images/obj1-1.xpm
2025-11-23 15:22:42,447 DEBUG micropolis.graphics_setup: [get_resource_path] Trying candidate: 'obj1-1.xpm'
2025-11-23 15:22:42,448 INFO micropolis.graphics_setup: [get_resource_path] ✓ Resolved 'obj1-1.xpm' → 'C:\Users\cyrex\files\projects\micropolis\assets\images\obj1-1.png'
2025-11-23 15:22:42,449 DEBUG micropolis.graphics_setup: [load_xpm_surface] Resolved path: C:\Users\cyrex\files\projects\micropolis\assets\images\obj1-1.png
2025-11-23 15:22:42,450 INFO micropolis.graphics_setup: [load_xpm_surface] ✓ Successfully loaded obj1-1.xpm (32x32)
2025-11-23 15:22:42,452 DEBUG micropolis.graphics_setup: [load_xpm_surface] Attempting to load: obj1-2.xpm
2025-11-23 15:22:42,452 DEBUG micropolis.graphics_setup: [get_resource_path] Looking for asset: filename='obj1-2.xpm', category=images, normalized='obj1-2.xpm'
2025-11-23 15:22:42,453 DEBUG micropolis.graphics_setup: [get_resource_path] Added image path variant: images/obj1-2.xpm
2025-11-23 15:22:42,454 DEBUG micropolis.graphics_setup: [get_resource_path] Trying candidate: 'obj1-2.xpm'
2025-11-23 15:22:42,456 INFO micropolis.graphics_setup: [get_resource_path] ✓ Resolved 'obj1-2.xpm' → 'C:\Users\cyrex\files\projects\micropolis\assets\images\obj1-2.png'
2025-11-23 15:22:42,457 DEBUG micropolis.graphics_setup: [load_xpm_surface] Resolved path: C:\Users\cyrex\files\projects\micropolis\assets\images\obj1-2.png
2025-11-23 15:22:42,458 INFO micropolis.graphics_setup: [load_xpm_surface] ✓ Successfully loaded obj1-2.xpm (32x32)
2025-11-23 15:22:42,459 DEBUG micropolis.graphics_setup: [load_xpm_surface] Attempting to load: obj1-3.xpm
2025-11-23 15:22:42,460 DEBUG micropolis.graphics_setup: [get_resource_path] Looking for asset: filename='obj1-3.xpm', category=images, normalized='obj1-3.xpm'
2025-11-23 15:22:42,461 DEBUG micropolis.graphics_setup: [get_resource_path] Added image path variant: images/obj1-3.xpm
2025-11-23 15:22:42,461 DEBUG micropolis.graphics_setup: [get_resource_path] Trying candidate: 'obj1-3.xpm'
2025-11-23 15:22:42,463 INFO micropolis.graphics_setup: [get_resource_path] ✓ Resolved 'obj1-3.xpm' → 'C:\Users\cyrex\files\projects\micropolis\assets\images\obj1-3.png'
2025-11-23 15:22:42,463 DEBUG micropolis.graphics_setup: [load_xpm_surface] Resolved path: C:\Users\cyrex\files\projects\micropolis\assets\images\obj1-3.png
2025-11-23 15:22:42,465 INFO micropolis.graphics_setup: [load_xpm_surface] ✓ Successfully loaded obj1-3.xpm (32x32)
2025-11-23 15:22:42,466 DEBUG micropolis.graphics_setup: [load_xpm_surface] Attempting to load: obj1-4.xpm
2025-11-23 15:22:42,466 DEBUG micropolis.graphics_setup: [get_resource_path] Looking for asset: filename='obj1-4.xpm', category=images, normalized='obj1-4.xpm'
2025-11-23 15:22:42,468 DEBUG micropolis.graphics_setup: [get_resource_path] Added image path variant: images/obj1-4.xpm
2025-11-23 15:22:42,468 DEBUG micropolis.graphics_setup: [get_resource_path] Trying candidate: 'obj1-4.xpm'
2025-11-23 15:22:42,469 INFO micropolis.graphics_setup: [get_resource_path] ✓ Resolved 'obj1-4.xpm' → 'C:\Users\cyrex\files\projects\micropolis\assets\images\obj1-4.png'
2025-11-23 15:22:42,470 DEBUG micropolis.graphics_setup: [load_xpm_surface] Resolved path: C:\Users\cyrex\files\projects\micropolis\assets\images\obj1-4.png
2025-11-23 15:22:42,472 INFO micropolis.graphics_setup: [load_xpm_surface] ✓ Successfully loaded obj1-4.xpm (32x32)
2025-11-23 15:22:42,473 DEBUG micropolis.graphics_setup: [load_xpm_surface] Attempting to load: obj2-0.xpm
2025-11-23 15:22:42,473 DEBUG micropolis.graphics_setup: [get_resource_path] Looking for asset: filename='obj2-0.xpm', category=images, normalized='obj2-0.xpm'
2025-11-23 15:22:42,475 DEBUG micropolis.graphics_setup: [get_resource_path] Added image path variant: images/obj2-0.xpm
2025-11-23 15:22:42,475 DEBUG micropolis.graphics_setup: [get_resource_path] Trying candidate: 'obj2-0.xpm'
2025-11-23 15:22:42,477 INFO micropolis.graphics_setup: [get_resource_path] ✓ Resolved 'obj2-0.xpm' → 'C:\Users\cyrex\files\projects\micropolis\assets\images\obj2-0.png'
2025-11-23 15:22:42,478 DEBUG micropolis.graphics_setup: [load_xpm_surface] Resolved path: C:\Users\cyrex\files\projects\micropolis\assets\images\obj2-0.png
2025-11-23 15:22:42,479 INFO micropolis.graphics_setup: [load_xpm_surface] ✓ Successfully loaded obj2-0.xpm (32x32)
2025-11-23 15:22:42,480 DEBUG micropolis.graphics_setup: [load_xpm_surface] Attempting to load: obj2-1.xpm
2025-11-23 15:22:42,481 DEBUG micropolis.graphics_setup: [get_resource_path] Looking for asset: filename='obj2-1.xpm', category=images, normalized='obj2-1.xpm'
2025-11-23 15:22:42,482 DEBUG micropolis.graphics_setup: [get_resource_path] Added image path variant: images/obj2-1.xpm
2025-11-23 15:22:42,483 DEBUG micropolis.graphics_setup: [get_resource_path] Trying candidate: 'obj2-1.xpm'
2025-11-23 15:22:42,484 INFO micropolis.graphics_setup: [get_resource_path] ✓ Resolved 'obj2-1.xpm' → 'C:\Users\cyrex\files\projects\micropolis\assets\images\obj2-1.png'
2025-11-23 15:22:42,485 DEBUG micropolis.graphics_setup: [load_xpm_surface] Resolved path: C:\Users\cyrex\files\projects\micropolis\assets\images\obj2-1.png
2025-11-23 15:22:42,486 INFO micropolis.graphics_setup: [load_xpm_surface] ✓ Successfully loaded obj2-1.xpm (32x32)
2025-11-23 15:22:42,487 DEBUG micropolis.graphics_setup: [load_xpm_surface] Attempting to load: obj2-2.xpm
2025-11-23 15:22:42,488 DEBUG micropolis.graphics_setup: [get_resource_path] Looking for asset: filename='obj2-2.xpm', category=images, normalized='obj2-2.xpm'
2025-11-23 15:22:42,489 DEBUG micropolis.graphics_setup: [get_resource_path] Added image path variant: images/obj2-2.xpm
2025-11-23 15:22:42,490 DEBUG micropolis.graphics_setup: [get_resource_path] Trying candidate: 'obj2-2.xpm'
2025-11-23 15:22:42,491 INFO micropolis.graphics_setup: [get_resource_path] ✓ Resolved 'obj2-2.xpm' → 'C:\Users\cyrex\files\projects\micropolis\assets\images\obj2-2.png'
2025-11-23 15:22:42,493 DEBUG micropolis.graphics_setup: [load_xpm_surface] Resolved path: C:\Users\cyrex\files\projects\micropolis\assets\images\obj2-2.png
2025-11-23 15:22:42,494 INFO micropolis.graphics_setup: [load_xpm_surface] ✓ Successfully loaded obj2-2.xpm (32x32)
2025-11-23 15:22:42,495 DEBUG micropolis.graphics_setup: [load_xpm_surface] Attempting to load: obj2-3.xpm
2025-11-23 15:22:42,496 DEBUG micropolis.graphics_setup: [get_resource_path] Looking for asset: filename='obj2-3.xpm', category=images, normalized='obj2-3.xpm'
2025-11-23 15:22:42,497 DEBUG micropolis.graphics_setup: [get_resource_path] Added image path variant: images/obj2-3.xpm
2025-11-23 15:22:42,498 DEBUG micropolis.graphics_setup: [get_resource_path] Trying candidate: 'obj2-3.xpm'
2025-11-23 15:22:42,499 INFO micropolis.graphics_setup: [get_resource_path] ✓ Resolved 'obj2-3.xpm' → 'C:\Users\cyrex\files\projects\micropolis\assets\images\obj2-3.png'
2025-11-23 15:22:42,500 DEBUG micropolis.graphics_setup: [load_xpm_surface] Resolved path: C:\Users\cyrex\files\projects\micropolis\assets\images\obj2-3.png
2025-11-23 15:22:42,501 INFO micropolis.graphics_setup: [load_xpm_surface] ✓ Successfully loaded obj2-3.xpm (32x32)
2025-11-23 15:22:42,502 DEBUG micropolis.graphics_setup: [load_xpm_surface] Attempting to load: obj2-4.xpm
2025-11-23 15:22:42,503 DEBUG micropolis.graphics_setup: [get_resource_path] Looking for asset: filename='obj2-4.xpm', category=images, normalized='obj2-4.xpm'
2025-11-23 15:22:42,504 DEBUG micropolis.graphics_setup: [get_resource_path] Added image path variant: images/obj2-4.xpm
2025-11-23 15:22:42,505 DEBUG micropolis.graphics_setup: [get_resource_path] Trying candidate: 'obj2-4.xpm'
2025-11-23 15:22:42,506 INFO micropolis.graphics_setup: [get_resource_path] ✓ Resolved 'obj2-4.xpm' → 'C:\Users\cyrex\files\projects\micropolis\assets\images\obj2-4.png'
2025-11-23 15:22:42,508 DEBUG micropolis.graphics_setup: [load_xpm_surface] Resolved path: C:\Users\cyrex\files\projects\micropolis\assets\images\obj2-4.png
2025-11-23 15:22:42,509 INFO micropolis.graphics_setup: [load_xpm_surface] ✓ Successfully loaded obj2-4.xpm (32x32)
2025-11-23 15:22:42,510 DEBUG micropolis.graphics_setup: [load_xpm_surface] Attempting to load: obj2-5.xpm
2025-11-23 15:22:42,511 DEBUG micropolis.graphics_setup: [get_resource_path] Looking for asset: filename='obj2-5.xpm', category=images, normalized='obj2-5.xpm'
2025-11-23 15:22:42,512 DEBUG micropolis.graphics_setup: [get_resource_path] Added image path variant: images/obj2-5.xpm
2025-11-23 15:22:42,513 DEBUG micropolis.graphics_setup: [get_resource_path] Trying candidate: 'obj2-5.xpm'
2025-11-23 15:22:42,514 INFO micropolis.graphics_setup: [get_resource_path] ✓ Resolved 'obj2-5.xpm' → 'C:\Users\cyrex\files\projects\micropolis\assets\images\obj2-5.png'
2025-11-23 15:22:42,515 DEBUG micropolis.graphics_setup: [load_xpm_surface] Resolved path: C:\Users\cyrex\files\projects\micropolis\assets\images\obj2-5.png
2025-11-23 15:22:42,516 INFO micropolis.graphics_setup: [load_xpm_surface] ✓ Successfully loaded obj2-5.xpm (32x32)
2025-11-23 15:22:42,517 DEBUG micropolis.graphics_setup: [load_xpm_surface] Attempting to load: obj2-6.xpm
2025-11-23 15:22:42,518 DEBUG micropolis.graphics_setup: [get_resource_path] Looking for asset: filename='obj2-6.xpm', category=images, normalized='obj2-6.xpm'
2025-11-23 15:22:42,519 DEBUG micropolis.graphics_setup: [get_resource_path] Added image path variant: images/obj2-6.xpm
2025-11-23 15:22:42,520 DEBUG micropolis.graphics_setup: [get_resource_path] Trying candidate: 'obj2-6.xpm'
2025-11-23 15:22:42,521 INFO micropolis.graphics_setup: [get_resource_path] ✓ Resolved 'obj2-6.xpm' → 'C:\Users\cyrex\files\projects\micropolis\assets\images\obj2-6.png'
2025-11-23 15:22:42,522 DEBUG micropolis.graphics_setup: [load_xpm_surface] Resolved path: C:\Users\cyrex\files\projects\micropolis\assets\images\obj2-6.png
2025-11-23 15:22:42,524 INFO micropolis.graphics_setup: [load_xpm_surface] ✓ Successfully loaded obj2-6.xpm (32x32)
2025-11-23 15:22:42,525 DEBUG micropolis.graphics_setup: [load_xpm_surface] Attempting to load: obj2-7.xpm
2025-11-23 15:22:42,526 DEBUG micropolis.graphics_setup: [get_resource_path] Looking for asset: filename='obj2-7.xpm', category=images, normalized='obj2-7.xpm'
2025-11-23 15:22:42,527 DEBUG micropolis.graphics_setup: [get_resource_path] Added image path variant: images/obj2-7.xpm
2025-11-23 15:22:42,528 DEBUG micropolis.graphics_setup: [get_resource_path] Trying candidate: 'obj2-7.xpm'
2025-11-23 15:22:42,530 INFO micropolis.graphics_setup: [get_resource_path] ✓ Resolved 'obj2-7.xpm' → 'C:\Users\cyrex\files\projects\micropolis\assets\images\obj2-7.png'
2025-11-23 15:22:42,531 DEBUG micropolis.graphics_setup: [load_xpm_surface] Resolved path: C:\Users\cyrex\files\projects\micropolis\assets\images\obj2-7.png
2025-11-23 15:22:42,532 INFO micropolis.graphics_setup: [load_xpm_surface] ✓ Successfully loaded obj2-7.xpm (32x32)
2025-11-23 15:22:42,533 DEBUG micropolis.graphics_setup: [load_xpm_surface] Attempting to load: obj3-0.xpm
2025-11-23 15:22:42,534 DEBUG micropolis.graphics_setup: [get_resource_path] Looking for asset: filename='obj3-0.xpm', category=images, normalized='obj3-0.xpm'
2025-11-23 15:22:42,535 DEBUG micropolis.graphics_setup: [get_resource_path] Added image path variant: images/obj3-0.xpm
2025-11-23 15:22:42,535 DEBUG micropolis.graphics_setup: [get_resource_path] Trying candidate: 'obj3-0.xpm'
2025-11-23 15:22:42,537 INFO micropolis.graphics_setup: [get_resource_path] ✓ Resolved 'obj3-0.xpm' → 'C:\Users\cyrex\files\projects\micropolis\assets\images\obj3-0.png'
2025-11-23 15:22:42,538 DEBUG micropolis.graphics_setup: [load_xpm_surface] Resolved path: C:\Users\cyrex\files\projects\micropolis\assets\images\obj3-0.png
2025-11-23 15:22:42,539 INFO micropolis.graphics_setup: [load_xpm_surface] ✓ Successfully loaded obj3-0.xpm (48x48)
2025-11-23 15:22:42,540 DEBUG micropolis.graphics_setup: [load_xpm_surface] Attempting to load: obj3-1.xpm
2025-11-23 15:22:42,541 DEBUG micropolis.graphics_setup: [get_resource_path] Looking for asset: filename='obj3-1.xpm', category=images, normalized='obj3-1.xpm'
2025-11-23 15:22:42,542 DEBUG micropolis.graphics_setup: [get_resource_path] Added image path variant: images/obj3-1.xpm
2025-11-23 15:22:42,543 DEBUG micropolis.graphics_setup: [get_resource_path] Trying candidate: 'obj3-1.xpm'
2025-11-23 15:22:42,544 INFO micropolis.graphics_setup: [get_resource_path] ✓ Resolved 'obj3-1.xpm' → 'C:\Users\cyrex\files\projects\micropolis\assets\images\obj3-1.png'
2025-11-23 15:22:42,545 DEBUG micropolis.graphics_setup: [load_xpm_surface] Resolved path: C:\Users\cyrex\files\projects\micropolis\assets\images\obj3-1.png
2025-11-23 15:22:42,547 INFO micropolis.graphics_setup: [load_xpm_surface] ✓ Successfully loaded obj3-1.xpm (48x48)
2025-11-23 15:22:42,548 DEBUG micropolis.graphics_setup: [load_xpm_surface] Attempting to load: obj3-2.xpm
2025-11-23 15:22:42,549 DEBUG micropolis.graphics_setup: [get_resource_path] Looking for asset: filename='obj3-2.xpm', category=images, normalized='obj3-2.xpm'
2025-11-23 15:22:42,550 DEBUG micropolis.graphics_setup: [get_resource_path] Added image path variant: images/obj3-2.xpm
2025-11-23 15:22:42,550 DEBUG micropolis.graphics_setup: [get_resource_path] Trying candidate: 'obj3-2.xpm'
2025-11-23 15:22:42,552 INFO micropolis.graphics_setup: [get_resource_path] ✓ Resolved 'obj3-2.xpm' → 'C:\Users\cyrex\files\projects\micropolis\assets\images\obj3-2.png'
2025-11-23 15:22:42,552 DEBUG micropolis.graphics_setup: [load_xpm_surface] Resolved path: C:\Users\cyrex\files\projects\micropolis\assets\images\obj3-2.png
2025-11-23 15:22:42,554 INFO micropolis.graphics_setup: [load_xpm_surface] ✓ Successfully loaded obj3-2.xpm (48x48)
2025-11-23 15:22:42,555 DEBUG micropolis.graphics_setup: [load_xpm_surface] Attempting to load: obj3-3.xpm
2025-11-23 15:22:42,556 DEBUG micropolis.graphics_setup: [get_resource_path] Looking for asset: filename='obj3-3.xpm', category=images, normalized='obj3-3.xpm'
2025-11-23 15:22:42,557 DEBUG micropolis.graphics_setup: [get_resource_path] Added image path variant: images/obj3-3.xpm
2025-11-23 15:22:42,558 DEBUG micropolis.graphics_setup: [get_resource_path] Trying candidate: 'obj3-3.xpm'
2025-11-23 15:22:42,559 INFO micropolis.graphics_setup: [get_resource_path] ✓ Resolved 'obj3-3.xpm' → 'C:\Users\cyrex\files\projects\micropolis\assets\images\obj3-3.png'
2025-11-23 15:22:42,560 DEBUG micropolis.graphics_setup: [load_xpm_surface] Resolved path: C:\Users\cyrex\files\projects\micropolis\assets\images\obj3-3.png
2025-11-23 15:22:42,562 INFO micropolis.graphics_setup: [load_xpm_surface] ✓ Successfully loaded obj3-3.xpm (48x48)
2025-11-23 15:22:42,563 DEBUG micropolis.graphics_setup: [load_xpm_surface] Attempting to load: obj3-4.xpm
2025-11-23 15:22:42,564 DEBUG micropolis.graphics_setup: [get_resource_path] Looking for asset: filename='obj3-4.xpm', category=images, normalized='obj3-4.xpm'
2025-11-23 15:22:42,565 DEBUG micropolis.graphics_setup: [get_resource_path] Added image path variant: images/obj3-4.xpm
2025-11-23 15:22:42,566 DEBUG micropolis.graphics_setup: [get_resource_path] Trying candidate: 'obj3-4.xpm'
2025-11-23 15:22:42,568 INFO micropolis.graphics_setup: [get_resource_path] ✓ Resolved 'obj3-4.xpm' → 'C:\Users\cyrex\files\projects\micropolis\assets\images\obj3-4.png'
2025-11-23 15:22:42,569 DEBUG micropolis.graphics_setup: [load_xpm_surface] Resolved path: C:\Users\cyrex\files\projects\micropolis\assets\images\obj3-4.png
2025-11-23 15:22:42,570 INFO micropolis.graphics_setup: [load_xpm_surface] ✓ Successfully loaded obj3-4.xpm (48x48)
2025-11-23 15:22:42,571 DEBUG micropolis.graphics_setup: [load_xpm_surface] Attempting to load: obj3-5.xpm
2025-11-23 15:22:42,572 DEBUG micropolis.graphics_setup: [get_resource_path] Looking for asset: filename='obj3-5.xpm', category=images, normalized='obj3-5.xpm'
2025-11-23 15:22:42,573 DEBUG micropolis.graphics_setup: [get_resource_path] Added image path variant: images/obj3-5.xpm
2025-11-23 15:22:42,574 DEBUG micropolis.graphics_setup: [get_resource_path] Trying candidate: 'obj3-5.xpm'
2025-11-23 15:22:42,576 INFO micropolis.graphics_setup: [get_resource_path] ✓ Resolved 'obj3-5.xpm' → 'C:\Users\cyrex\files\projects\micropolis\assets\images\obj3-5.png'
2025-11-23 15:22:42,577 DEBUG micropolis.graphics_setup: [load_xpm_surface] Resolved path: C:\Users\cyrex\files\projects\micropolis\assets\images\obj3-5.png
2025-11-23 15:22:42,579 INFO micropolis.graphics_setup: [load_xpm_surface] ✓ Successfully loaded obj3-5.xpm (48x48)
2025-11-23 15:22:42,580 DEBUG micropolis.graphics_setup: [load_xpm_surface] Attempting to load: obj3-6.xpm
2025-11-23 15:22:42,581 DEBUG micropolis.graphics_setup: [get_resource_path] Looking for asset: filename='obj3-6.xpm', category=images, normalized='obj3-6.xpm'
2025-11-23 15:22:42,582 DEBUG micropolis.graphics_setup: [get_resource_path] Added image path variant: images/obj3-6.xpm
2025-11-23 15:22:42,583 DEBUG micropolis.graphics_setup: [get_resource_path] Trying candidate: 'obj3-6.xpm'
2025-11-23 15:22:42,584 INFO micropolis.graphics_setup: [get_resource_path] ✓ Resolved 'obj3-6.xpm' → 'C:\Users\cyrex\files\projects\micropolis\assets\images\obj3-6.png'
2025-11-23 15:22:42,585 DEBUG micropolis.graphics_setup: [load_xpm_surface] Resolved path: C:\Users\cyrex\files\projects\micropolis\assets\images\obj3-6.png
2025-11-23 15:22:42,587 INFO micropolis.graphics_setup: [load_xpm_surface] ✓ Successfully loaded obj3-6.xpm (48x48)
2025-11-23 15:22:42,588 DEBUG micropolis.graphics_setup: [load_xpm_surface] Attempting to load: obj3-7.xpm
2025-11-23 15:22:42,589 DEBUG micropolis.graphics_setup: [get_resource_path] Looking for asset: filename='obj3-7.xpm', category=images, normalized='obj3-7.xpm'
2025-11-23 15:22:42,590 DEBUG micropolis.graphics_setup: [get_resource_path] Added image path variant: images/obj3-7.xpm
2025-11-23 15:22:42,591 DEBUG micropolis.graphics_setup: [get_resource_path] Trying candidate: 'obj3-7.xpm'
2025-11-23 15:22:42,593 INFO micropolis.graphics_setup: [get_resource_path] ✓ Resolved 'obj3-7.xpm' → 'C:\Users\cyrex\files\projects\micropolis\assets\images\obj3-7.png'
2025-11-23 15:22:42,594 DEBUG micropolis.graphics_setup: [load_xpm_surface] Resolved path: C:\Users\cyrex\files\projects\micropolis\assets\images\obj3-7.png
2025-11-23 15:22:42,595 INFO micropolis.graphics_setup: [load_xpm_surface] ✓ Successfully loaded obj3-7.xpm (48x48)
2025-11-23 15:22:42,596 DEBUG micropolis.graphics_setup: [load_xpm_surface] Attempting to load: obj3-8.xpm
2025-11-23 15:22:42,597 DEBUG micropolis.graphics_setup: [get_resource_path] Looking for asset: filename='obj3-8.xpm', category=images, normalized='obj3-8.xpm'
2025-11-23 15:22:42,598 DEBUG micropolis.graphics_setup: [get_resource_path] Added image path variant: images/obj3-8.xpm
2025-11-23 15:22:42,600 DEBUG micropolis.graphics_setup: [get_resource_path] Trying candidate: 'obj3-8.xpm'
2025-11-23 15:22:42,601 INFO micropolis.graphics_setup: [get_resource_path] ✓ Resolved 'obj3-8.xpm' → 'C:\Users\cyrex\files\projects\micropolis\assets\images\obj3-8.png'
2025-11-23 15:22:42,602 DEBUG micropolis.graphics_setup: [load_xpm_surface] Resolved path: C:\Users\cyrex\files\projects\micropolis\assets\images\obj3-8.png
2025-11-23 15:22:42,604 INFO micropolis.graphics_setup: [load_xpm_surface] ✓ Successfully loaded obj3-8.xpm (48x48)
2025-11-23 15:22:42,605 DEBUG micropolis.graphics_setup: [load_xpm_surface] Attempting to load: obj3-9.xpm
2025-11-23 15:22:42,606 DEBUG micropolis.graphics_setup: [get_resource_path] Looking for asset: filename='obj3-9.xpm', category=images, normalized='obj3-9.xpm'
2025-11-23 15:22:42,607 DEBUG micropolis.graphics_setup: [get_resource_path] Added image path variant: images/obj3-9.xpm
2025-11-23 15:22:42,608 DEBUG micropolis.graphics_setup: [get_resource_path] Trying candidate: 'obj3-9.xpm'
2025-11-23 15:22:42,609 INFO micropolis.graphics_setup: [get_resource_path] ✓ Resolved 'obj3-9.xpm' → 'C:\Users\cyrex\files\projects\micropolis\assets\images\obj3-9.png'
2025-11-23 15:22:42,610 DEBUG micropolis.graphics_setup: [load_xpm_surface] Resolved path: C:\Users\cyrex\files\projects\micropolis\assets\images\obj3-9.png
2025-11-23 15:22:42,612 INFO micropolis.graphics_setup: [load_xpm_surface] ✓ Successfully loaded obj3-9.xpm (48x48)
2025-11-23 15:22:42,613 DEBUG micropolis.graphics_setup: [load_xpm_surface] Attempting to load: obj3-10.xpm
2025-11-23 15:22:42,614 DEBUG micropolis.graphics_setup: [get_resource_path] Looking for asset: filename='obj3-10.xpm', category=images, normalized='obj3-10.xpm'
2025-11-23 15:22:42,615 DEBUG micropolis.graphics_setup: [get_resource_path] Added image path variant: images/obj3-10.xpm
2025-11-23 15:22:42,616 DEBUG micropolis.graphics_setup: [get_resource_path] Trying candidate: 'obj3-10.xpm'
2025-11-23 15:22:42,617 INFO micropolis.graphics_setup: [get_resource_path] ✓ Resolved 'obj3-10.xpm' → 'C:\Users\cyrex\files\projects\micropolis\assets\images\obj3-10.png'
2025-11-23 15:22:42,618 DEBUG micropolis.graphics_setup: [load_xpm_surface] Resolved path: C:\Users\cyrex\files\projects\micropolis\assets\images\obj3-10.png
2025-11-23 15:22:42,620 INFO micropolis.graphics_setup: [load_xpm_surface] ✓ Successfully loaded obj3-10.xpm (48x48)
2025-11-23 15:22:42,621 DEBUG micropolis.graphics_setup: [load_xpm_surface] Attempting to load: obj4-0.xpm
2025-11-23 15:22:42,622 DEBUG micropolis.graphics_setup: [get_resource_path] Looking for asset: filename='obj4-0.xpm', category=images, normalized='obj4-0.xpm'
2025-11-23 15:22:42,623 DEBUG micropolis.graphics_setup: [get_resource_path] Added image path variant: images/obj4-0.xpm
2025-11-23 15:22:42,624 DEBUG micropolis.graphics_setup: [get_resource_path] Trying candidate: 'obj4-0.xpm'
2025-11-23 15:22:42,625 INFO micropolis.graphics_setup: [get_resource_path] ✓ Resolved 'obj4-0.xpm' → 'C:\Users\cyrex\files\projects\micropolis\assets\images\obj4-0.png'
2025-11-23 15:22:42,626 DEBUG micropolis.graphics_setup: [load_xpm_surface] Resolved path: C:\Users\cyrex\files\projects\micropolis\assets\images\obj4-0.png
2025-11-23 15:22:42,628 INFO micropolis.graphics_setup: [load_xpm_surface] ✓ Successfully loaded obj4-0.xpm (48x48)
2025-11-23 15:22:42,629 DEBUG micropolis.graphics_setup: [load_xpm_surface] Attempting to load: obj4-1.xpm
2025-11-23 15:22:42,630 DEBUG micropolis.graphics_setup: [get_resource_path] Looking for asset: filename='obj4-1.xpm', category=images, normalized='obj4-1.xpm'
2025-11-23 15:22:42,631 DEBUG micropolis.graphics_setup: [get_resource_path] Added image path variant: images/obj4-1.xpm
2025-11-23 15:22:42,633 DEBUG micropolis.graphics_setup: [get_resource_path] Trying candidate: 'obj4-1.xpm'
2025-11-23 15:22:42,634 INFO micropolis.graphics_setup: [get_resource_path] ✓ Resolved 'obj4-1.xpm' → 'C:\Users\cyrex\files\projects\micropolis\assets\images\obj4-1.png'
2025-11-23 15:22:42,635 DEBUG micropolis.graphics_setup: [load_xpm_surface] Resolved path: C:\Users\cyrex\files\projects\micropolis\assets\images\obj4-1.png
2025-11-23 15:22:42,637 INFO micropolis.graphics_setup: [load_xpm_surface] ✓ Successfully loaded obj4-1.xpm (48x48)
2025-11-23 15:22:42,638 DEBUG micropolis.graphics_setup: [load_xpm_surface] Attempting to load: obj4-2.xpm
2025-11-23 15:22:42,639 DEBUG micropolis.graphics_setup: [get_resource_path] Looking for asset: filename='obj4-2.xpm', category=images, normalized='obj4-2.xpm'
2025-11-23 15:22:42,640 DEBUG micropolis.graphics_setup: [get_resource_path] Added image path variant: images/obj4-2.xpm
2025-11-23 15:22:42,641 DEBUG micropolis.graphics_setup: [get_resource_path] Trying candidate: 'obj4-2.xpm'
2025-11-23 15:22:42,643 INFO micropolis.graphics_setup: [get_resource_path] ✓ Resolved 'obj4-2.xpm' → 'C:\Users\cyrex\files\projects\micropolis\assets\images\obj4-2.png'
2025-11-23 15:22:42,644 DEBUG micropolis.graphics_setup: [load_xpm_surface] Resolved path: C:\Users\cyrex\files\projects\micropolis\assets\images\obj4-2.png
2025-11-23 15:22:42,645 INFO micropolis.graphics_setup: [load_xpm_surface] ✓ Successfully loaded obj4-2.xpm (48x48)
2025-11-23 15:22:42,646 DEBUG micropolis.graphics_setup: [load_xpm_surface] Attempting to load: obj4-3.xpm
2025-11-23 15:22:42,647 DEBUG micropolis.graphics_setup: [get_resource_path] Looking for asset: filename='obj4-3.xpm', category=images, normalized='obj4-3.xpm'
2025-11-23 15:22:42,648 DEBUG micropolis.graphics_setup: [get_resource_path] Added image path variant: images/obj4-3.xpm
2025-11-23 15:22:42,649 DEBUG micropolis.graphics_setup: [get_resource_path] Trying candidate: 'obj4-3.xpm'
2025-11-23 15:22:42,651 INFO micropolis.graphics_setup: [get_resource_path] ✓ Resolved 'obj4-3.xpm' → 'C:\Users\cyrex\files\projects\micropolis\assets\images\obj4-3.png'
2025-11-23 15:22:42,652 DEBUG micropolis.graphics_setup: [load_xpm_surface] Resolved path: C:\Users\cyrex\files\projects\micropolis\assets\images\obj4-3.png
2025-11-23 15:22:42,653 INFO micropolis.graphics_setup: [load_xpm_surface] ✓ Successfully loaded obj4-3.xpm (48x48)
2025-11-23 15:22:42,654 DEBUG micropolis.graphics_setup: [load_xpm_surface] Attempting to load: obj4-4.xpm
2025-11-23 15:22:42,655 DEBUG micropolis.graphics_setup: [get_resource_path] Looking for asset: filename='obj4-4.xpm', category=images, normalized='obj4-4.xpm'
2025-11-23 15:22:42,656 DEBUG micropolis.graphics_setup: [get_resource_path] Added image path variant: images/obj4-4.xpm
2025-11-23 15:22:42,657 DEBUG micropolis.graphics_setup: [get_resource_path] Trying candidate: 'obj4-4.xpm'
2025-11-23 15:22:42,658 INFO micropolis.graphics_setup: [get_resource_path] ✓ Resolved 'obj4-4.xpm' → 'C:\Users\cyrex\files\projects\micropolis\assets\images\obj4-4.png'
2025-11-23 15:22:42,659 DEBUG micropolis.graphics_setup: [load_xpm_surface] Resolved path: C:\Users\cyrex\files\projects\micropolis\assets\images\obj4-4.png
2025-11-23 15:22:42,661 INFO micropolis.graphics_setup: [load_xpm_surface] ✓ Successfully loaded obj4-4.xpm (48x48)
2025-11-23 15:22:42,662 DEBUG micropolis.graphics_setup: [load_xpm_surface] Attempting to load: obj4-5.xpm
2025-11-23 15:22:42,663 DEBUG micropolis.graphics_setup: [get_resource_path] Looking for asset: filename='obj4-5.xpm', category=images, normalized='obj4-5.xpm'
2025-11-23 15:22:42,664 DEBUG micropolis.graphics_setup: [get_resource_path] Added image path variant: images/obj4-5.xpm
2025-11-23 15:22:42,665 DEBUG micropolis.graphics_setup: [get_resource_path] Trying candidate: 'obj4-5.xpm'
2025-11-23 15:22:42,666 INFO micropolis.graphics_setup: [get_resource_path] ✓ Resolved 'obj4-5.xpm' → 'C:\Users\cyrex\files\projects\micropolis\assets\images\obj4-5.png'
2025-11-23 15:22:42,667 DEBUG micropolis.graphics_setup: [load_xpm_surface] Resolved path: C:\Users\cyrex\files\projects\micropolis\assets\images\obj4-5.png
2025-11-23 15:22:42,669 INFO micropolis.graphics_setup: [load_xpm_surface] ✓ Successfully loaded obj4-5.xpm (48x48)
2025-11-23 15:22:42,670 DEBUG micropolis.graphics_setup: [load_xpm_surface] Attempting to load: obj4-6.xpm
2025-11-23 15:22:42,671 DEBUG micropolis.graphics_setup: [get_resource_path] Looking for asset: filename='obj4-6.xpm', category=images, normalized='obj4-6.xpm'
2025-11-23 15:22:42,672 DEBUG micropolis.graphics_setup: [get_resource_path] Added image path variant: images/obj4-6.xpm
2025-11-23 15:22:42,673 DEBUG micropolis.graphics_setup: [get_resource_path] Trying candidate: 'obj4-6.xpm'
2025-11-23 15:22:42,718 INFO micropolis.graphics_setup: [get_resource_path] ✓ Resolved 'obj4-6.xpm' → 'C:\Users\cyrex\files\projects\micropolis\assets\images\obj4-6.png'
2025-11-23 15:22:42,722 DEBUG micropolis.graphics_setup: [load_xpm_surface] Resolved path: C:\Users\cyrex\files\projects\micropolis\assets\images\obj4-6.png
2025-11-23 15:22:42,727 INFO micropolis.graphics_setup: [load_xpm_surface] ✓ Successfully loaded obj4-6.xpm (48x48)
2025-11-23 15:22:42,729 DEBUG micropolis.graphics_setup: [load_xpm_surface] Attempting to load: obj4-7.xpm
2025-11-23 15:22:42,730 DEBUG micropolis.graphics_setup: [get_resource_path] Looking for asset: filename='obj4-7.xpm', category=images, normalized='obj4-7.xpm'
2025-11-23 15:22:42,731 DEBUG micropolis.graphics_setup: [get_resource_path] Added image path variant: images/obj4-7.xpm
2025-11-23 15:22:42,732 DEBUG micropolis.graphics_setup: [get_resource_path] Trying candidate: 'obj4-7.xpm'
2025-11-23 15:22:42,734 INFO micropolis.graphics_setup: [get_resource_path] ✓ Resolved 'obj4-7.xpm' → 'C:\Users\cyrex\files\projects\micropolis\assets\images\obj4-7.png'
2025-11-23 15:22:42,735 DEBUG micropolis.graphics_setup: [load_xpm_surface] Resolved path: C:\Users\cyrex\files\projects\micropolis\assets\images\obj4-7.png
2025-11-23 15:22:42,742 INFO micropolis.graphics_setup: [load_xpm_surface] ✓ Successfully loaded obj4-7.xpm (48x48)
2025-11-23 15:22:42,744 DEBUG micropolis.graphics_setup: [load_xpm_surface] Attempting to load: obj5-0.xpm
2025-11-23 15:22:42,748 DEBUG micropolis.graphics_setup: [get_resource_path] Looking for asset: filename='obj5-0.xpm', category=images, normalized='obj5-0.xpm'
2025-11-23 15:22:42,749 DEBUG micropolis.graphics_setup: [get_resource_path] Added image path variant: images/obj5-0.xpm
2025-11-23 15:22:42,750 DEBUG micropolis.graphics_setup: [get_resource_path] Trying candidate: 'obj5-0.xpm'
2025-11-23 15:22:42,752 INFO micropolis.graphics_setup: [get_resource_path] ✓ Resolved 'obj5-0.xpm' → 'C:\Users\cyrex\files\projects\micropolis\assets\images\obj5-0.png'
2025-11-23 15:22:42,753 DEBUG micropolis.graphics_setup: [load_xpm_surface] Resolved path: C:\Users\cyrex\files\projects\micropolis\assets\images\obj5-0.png
2025-11-23 15:22:42,754 INFO micropolis.graphics_setup: [load_xpm_surface] ✓ Successfully loaded obj5-0.xpm (48x48)
2025-11-23 15:22:42,755 DEBUG micropolis.graphics_setup: [load_xpm_surface] Attempting to load: obj5-1.xpm
2025-11-23 15:22:42,756 DEBUG micropolis.graphics_setup: [get_resource_path] Looking for asset: filename='obj5-1.xpm', category=images, normalized='obj5-1.xpm'
2025-11-23 15:22:42,757 DEBUG micropolis.graphics_setup: [get_resource_path] Added image path variant: images/obj5-1.xpm
2025-11-23 15:22:42,758 DEBUG micropolis.graphics_setup: [get_resource_path] Trying candidate: 'obj5-1.xpm'
2025-11-23 15:22:42,760 INFO micropolis.graphics_setup: [get_resource_path] ✓ Resolved 'obj5-1.xpm' → 'C:\Users\cyrex\files\projects\micropolis\assets\images\obj5-1.png'
2025-11-23 15:22:42,761 DEBUG micropolis.graphics_setup: [load_xpm_surface] Resolved path: C:\Users\cyrex\files\projects\micropolis\assets\images\obj5-1.png
2025-11-23 15:22:42,762 INFO micropolis.graphics_setup: [load_xpm_surface] ✓ Successfully loaded obj5-1.xpm (48x48)
2025-11-23 15:22:42,763 DEBUG micropolis.graphics_setup: [load_xpm_surface] Attempting to load: obj5-2.xpm
2025-11-23 15:22:42,764 DEBUG micropolis.graphics_setup: [get_resource_path] Looking for asset: filename='obj5-2.xpm', category=images, normalized='obj5-2.xpm'
2025-11-23 15:22:42,765 DEBUG micropolis.graphics_setup: [get_resource_path] Added image path variant: images/obj5-2.xpm
2025-11-23 15:22:42,767 DEBUG micropolis.graphics_setup: [get_resource_path] Trying candidate: 'obj5-2.xpm'
2025-11-23 15:22:42,768 INFO micropolis.graphics_setup: [get_resource_path] ✓ Resolved 'obj5-2.xpm' → 'C:\Users\cyrex\files\projects\micropolis\assets\images\obj5-2.png'
2025-11-23 15:22:42,769 DEBUG micropolis.graphics_setup: [load_xpm_surface] Resolved path: C:\Users\cyrex\files\projects\micropolis\assets\images\obj5-2.png
2025-11-23 15:22:42,770 INFO micropolis.graphics_setup: [load_xpm_surface] ✓ Successfully loaded obj5-2.xpm (48x48)
2025-11-23 15:22:42,771 DEBUG micropolis.graphics_setup: [load_xpm_surface] Attempting to load: obj5-3.xpm
2025-11-23 15:22:42,772 DEBUG micropolis.graphics_setup: [get_resource_path] Looking for asset: filename='obj5-3.xpm', category=images, normalized='obj5-3.xpm'
2025-11-23 15:22:42,773 DEBUG micropolis.graphics_setup: [get_resource_path] Added image path variant: images/obj5-3.xpm
2025-11-23 15:22:42,774 DEBUG micropolis.graphics_setup: [get_resource_path] Trying candidate: 'obj5-3.xpm'
2025-11-23 15:22:42,776 INFO micropolis.graphics_setup: [get_resource_path] ✓ Resolved 'obj5-3.xpm' → 'C:\Users\cyrex\files\projects\micropolis\assets\images\obj5-3.png'
2025-11-23 15:22:42,783 DEBUG micropolis.graphics_setup: [load_xpm_surface] Resolved path: C:\Users\cyrex\files\projects\micropolis\assets\images\obj5-3.png
2025-11-23 15:22:42,785 INFO micropolis.graphics_setup: [load_xpm_surface] ✓ Successfully loaded obj5-3.xpm (48x48)
2025-11-23 15:22:42,786 DEBUG micropolis.graphics_setup: [load_xpm_surface] Attempting to load: obj5-4.xpm
2025-11-23 15:22:42,787 DEBUG micropolis.graphics_setup: [get_resource_path] Looking for asset: filename='obj5-4.xpm', category=images, normalized='obj5-4.xpm'
2025-11-23 15:22:42,788 DEBUG micropolis.graphics_setup: [get_resource_path] Added image path variant: images/obj5-4.xpm
2025-11-23 15:22:42,789 DEBUG micropolis.graphics_setup: [get_resource_path] Trying candidate: 'obj5-4.xpm'
2025-11-23 15:22:42,790 INFO micropolis.graphics_setup: [get_resource_path] ✓ Resolved 'obj5-4.xpm' → 'C:\Users\cyrex\files\projects\micropolis\assets\images\obj5-4.png'
2025-11-23 15:22:42,792 DEBUG micropolis.graphics_setup: [load_xpm_surface] Resolved path: C:\Users\cyrex\files\projects\micropolis\assets\images\obj5-4.png
2025-11-23 15:22:42,793 INFO micropolis.graphics_setup: [load_xpm_surface] ✓ Successfully loaded obj5-4.xpm (48x48)
2025-11-23 15:22:42,794 DEBUG micropolis.graphics_setup: [load_xpm_surface] Attempting to load: obj5-5.xpm
2025-11-23 15:22:42,795 DEBUG micropolis.graphics_setup: [get_resource_path] Looking for asset: filename='obj5-5.xpm', category=images, normalized='obj5-5.xpm'
2025-11-23 15:22:42,796 DEBUG micropolis.graphics_setup: [get_resource_path] Added image path variant: images/obj5-5.xpm
2025-11-23 15:22:42,797 DEBUG micropolis.graphics_setup: [get_resource_path] Trying candidate: 'obj5-5.xpm'
2025-11-23 15:22:42,798 INFO micropolis.graphics_setup: [get_resource_path] ✓ Resolved 'obj5-5.xpm' → 'C:\Users\cyrex\files\projects\micropolis\assets\images\obj5-5.png'
2025-11-23 15:22:42,799 DEBUG micropolis.graphics_setup: [load_xpm_surface] Resolved path: C:\Users\cyrex\files\projects\micropolis\assets\images\obj5-5.png
2025-11-23 15:22:42,801 INFO micropolis.graphics_setup: [load_xpm_surface] ✓ Successfully loaded obj5-5.xpm (48x48)
2025-11-23 15:22:42,801 DEBUG micropolis.graphics_setup: [load_xpm_surface] Attempting to load: obj5-6.xpm
2025-11-23 15:22:42,802 DEBUG micropolis.graphics_setup: [get_resource_path] Looking for asset: filename='obj5-6.xpm', category=images, normalized='obj5-6.xpm'
2025-11-23 15:22:42,804 DEBUG micropolis.graphics_setup: [get_resource_path] Added image path variant: images/obj5-6.xpm
2025-11-23 15:22:42,804 DEBUG micropolis.graphics_setup: [get_resource_path] Trying candidate: 'obj5-6.xpm'
2025-11-23 15:22:42,806 INFO micropolis.graphics_setup: [get_resource_path] ✓ Resolved 'obj5-6.xpm' → 'C:\Users\cyrex\files\projects\micropolis\assets\images\obj5-6.png'
2025-11-23 15:22:42,807 DEBUG micropolis.graphics_setup: [load_xpm_surface] Resolved path: C:\Users\cyrex\files\projects\micropolis\assets\images\obj5-6.png
2025-11-23 15:22:42,809 INFO micropolis.graphics_setup: [load_xpm_surface] ✓ Successfully loaded obj5-6.xpm (48x48)
2025-11-23 15:22:42,810 DEBUG micropolis.graphics_setup: [load_xpm_surface] Attempting to load: obj5-7.xpm
2025-11-23 15:22:42,811 DEBUG micropolis.graphics_setup: [get_resource_path] Looking for asset: filename='obj5-7.xpm', category=images, normalized='obj5-7.xpm'
2025-11-23 15:22:42,812 DEBUG micropolis.graphics_setup: [get_resource_path] Added image path variant: images/obj5-7.xpm
2025-11-23 15:22:42,813 DEBUG micropolis.graphics_setup: [get_resource_path] Trying candidate: 'obj5-7.xpm'
2025-11-23 15:22:42,814 INFO micropolis.graphics_setup: [get_resource_path] ✓ Resolved 'obj5-7.xpm' → 'C:\Users\cyrex\files\projects\micropolis\assets\images\obj5-7.png'
2025-11-23 15:22:42,815 DEBUG micropolis.graphics_setup: [load_xpm_surface] Resolved path: C:\Users\cyrex\files\projects\micropolis\assets\images\obj5-7.png
2025-11-23 15:22:42,817 INFO micropolis.graphics_setup: [load_xpm_surface] ✓ Successfully loaded obj5-7.xpm (48x48)
2025-11-23 15:22:42,818 DEBUG micropolis.graphics_setup: [load_xpm_surface] Attempting to load: obj5-8.xpm
2025-11-23 15:22:42,819 DEBUG micropolis.graphics_setup: [get_resource_path] Looking for asset: filename='obj5-8.xpm', category=images, normalized='obj5-8.xpm'
2025-11-23 15:22:42,820 DEBUG micropolis.graphics_setup: [get_resource_path] Added image path variant: images/obj5-8.xpm
2025-11-23 15:22:42,821 DEBUG micropolis.graphics_setup: [get_resource_path] Trying candidate: 'obj5-8.xpm'
2025-11-23 15:22:42,822 INFO micropolis.graphics_setup: [get_resource_path] ✓ Resolved 'obj5-8.xpm' → 'C:\Users\cyrex\files\projects\micropolis\assets\images\obj5-8.png'
2025-11-23 15:22:42,823 DEBUG micropolis.graphics_setup: [load_xpm_surface] Resolved path: C:\Users\cyrex\files\projects\micropolis\assets\images\obj5-8.png
2025-11-23 15:22:42,825 INFO micropolis.graphics_setup: [load_xpm_surface] ✓ Successfully loaded obj5-8.xpm (48x48)
2025-11-23 15:22:42,826 DEBUG micropolis.graphics_setup: [load_xpm_surface] Attempting to load: obj5-9.xpm
2025-11-23 15:22:42,827 DEBUG micropolis.graphics_setup: [get_resource_path] Looking for asset: filename='obj5-9.xpm', category=images, normalized='obj5-9.xpm'
2025-11-23 15:22:42,828 DEBUG micropolis.graphics_setup: [get_resource_path] Added image path variant: images/obj5-9.xpm
2025-11-23 15:22:42,829 DEBUG micropolis.graphics_setup: [get_resource_path] Trying candidate: 'obj5-9.xpm'
2025-11-23 15:22:42,831 INFO micropolis.graphics_setup: [get_resource_path] ✓ Resolved 'obj5-9.xpm' → 'C:\Users\cyrex\files\projects\micropolis\assets\images\obj5-9.png'
2025-11-23 15:22:42,832 DEBUG micropolis.graphics_setup: [load_xpm_surface] Resolved path: C:\Users\cyrex\files\projects\micropolis\assets\images\obj5-9.png
2025-11-23 15:22:42,833 INFO micropolis.graphics_setup: [load_xpm_surface] ✓ Successfully loaded obj5-9.xpm (48x48)
2025-11-23 15:22:42,834 DEBUG micropolis.graphics_setup: [load_xpm_surface] Attempting to load: obj5-10.xpm
2025-11-23 15:22:42,835 DEBUG micropolis.graphics_setup: [get_resource_path] Looking for asset: filename='obj5-10.xpm', category=images, normalized='obj5-10.xpm'
2025-11-23 15:22:42,836 DEBUG micropolis.graphics_setup: [get_resource_path] Added image path variant: images/obj5-10.xpm
2025-11-23 15:22:42,837 DEBUG micropolis.graphics_setup: [get_resource_path] Trying candidate: 'obj5-10.xpm'
2025-11-23 15:22:42,838 INFO micropolis.graphics_setup: [get_resource_path] ✓ Resolved 'obj5-10.xpm' → 'C:\Users\cyrex\files\projects\micropolis\assets\images\obj5-10.png'
2025-11-23 15:22:42,840 DEBUG micropolis.graphics_setup: [load_xpm_surface] Resolved path: C:\Users\cyrex\files\projects\micropolis\assets\images\obj5-10.png
2025-11-23 15:22:42,841 INFO micropolis.graphics_setup: [load_xpm_surface] ✓ Successfully loaded obj5-10.xpm (48x48)
2025-11-23 15:22:42,842 DEBUG micropolis.graphics_setup: [load_xpm_surface] Attempting to load: obj5-11.xpm
2025-11-23 15:22:42,843 DEBUG micropolis.graphics_setup: [get_resource_path] Looking for asset: filename='obj5-11.xpm', category=images, normalized='obj5-11.xpm'
2025-11-23 15:22:42,844 DEBUG micropolis.graphics_setup: [get_resource_path] Added image path variant: images/obj5-11.xpm
2025-11-23 15:22:42,847 DEBUG micropolis.graphics_setup: [get_resource_path] Trying candidate: 'obj5-11.xpm'
2025-11-23 15:22:42,848 INFO micropolis.graphics_setup: [get_resource_path] ✓ Resolved 'obj5-11.xpm' → 'C:\Users\cyrex\files\projects\micropolis\assets\images\obj5-11.png'
2025-11-23 15:22:42,850 DEBUG micropolis.graphics_setup: [load_xpm_surface] Resolved path: C:\Users\cyrex\files\projects\micropolis\assets\images\obj5-11.png
2025-11-23 15:22:42,851 INFO micropolis.graphics_setup: [load_xpm_surface] ✓ Successfully loaded obj5-11.xpm (48x48)
2025-11-23 15:22:42,852 DEBUG micropolis.graphics_setup: [load_xpm_surface] Attempting to load: obj5-12.xpm
2025-11-23 15:22:42,853 DEBUG micropolis.graphics_setup: [get_resource_path] Looking for asset: filename='obj5-12.xpm', category=images, normalized='obj5-12.xpm'
2025-11-23 15:22:42,854 DEBUG micropolis.graphics_setup: [get_resource_path] Added image path variant: images/obj5-12.xpm
2025-11-23 15:22:42,855 DEBUG micropolis.graphics_setup: [get_resource_path] Trying candidate: 'obj5-12.xpm'
2025-11-23 15:22:42,856 INFO micropolis.graphics_setup: [get_resource_path] ✓ Resolved 'obj5-12.xpm' → 'C:\Users\cyrex\files\projects\micropolis\assets\images\obj5-12.png'
2025-11-23 15:22:42,857 DEBUG micropolis.graphics_setup: [load_xpm_surface] Resolved path: C:\Users\cyrex\files\projects\micropolis\assets\images\obj5-12.png
2025-11-23 15:22:42,858 INFO micropolis.graphics_setup: [load_xpm_surface] ✓ Successfully loaded obj5-12.xpm (48x48)
2025-11-23 15:22:42,859 DEBUG micropolis.graphics_setup: [load_xpm_surface] Attempting to load: obj5-13.xpm
2025-11-23 15:22:42,860 DEBUG micropolis.graphics_setup: [get_resource_path] Looking for asset: filename='obj5-13.xpm', category=images, normalized='obj5-13.xpm'
2025-11-23 15:22:42,861 DEBUG micropolis.graphics_setup: [get_resource_path] Added image path variant: images/obj5-13.xpm
2025-11-23 15:22:42,862 DEBUG micropolis.graphics_setup: [get_resource_path] Trying candidate: 'obj5-13.xpm'
2025-11-23 15:22:42,863 INFO micropolis.graphics_setup: [get_resource_path] ✓ Resolved 'obj5-13.xpm' → 'C:\Users\cyrex\files\projects\micropolis\assets\images\obj5-13.png'
2025-11-23 15:22:42,864 DEBUG micropolis.graphics_setup: [load_xpm_surface] Resolved path: C:\Users\cyrex\files\projects\micropolis\assets\images\obj5-13.png
2025-11-23 15:22:42,865 INFO micropolis.graphics_setup: [load_xpm_surface] ✓ Successfully loaded obj5-13.xpm (48x48)
2025-11-23 15:22:42,866 DEBUG micropolis.graphics_setup: [load_xpm_surface] Attempting to load: obj5-14.xpm
2025-11-23 15:22:42,867 DEBUG micropolis.graphics_setup: [get_resource_path] Looking for asset: filename='obj5-14.xpm', category=images, normalized='obj5-14.xpm'
2025-11-23 15:22:42,868 DEBUG micropolis.graphics_setup: [get_resource_path] Added image path variant: images/obj5-14.xpm
2025-11-23 15:22:42,869 DEBUG micropolis.graphics_setup: [get_resource_path] Trying candidate: 'obj5-14.xpm'
2025-11-23 15:22:42,870 INFO micropolis.graphics_setup: [get_resource_path] ✓ Resolved 'obj5-14.xpm' → 'C:\Users\cyrex\files\projects\micropolis\assets\images\obj5-14.png'
2025-11-23 15:22:42,871 DEBUG micropolis.graphics_setup: [load_xpm_surface] Resolved path: C:\Users\cyrex\files\projects\micropolis\assets\images\obj5-14.png
2025-11-23 15:22:42,872 INFO micropolis.graphics_setup: [load_xpm_surface] ✓ Successfully loaded obj5-14.xpm (48x48)
2025-11-23 15:22:42,873 DEBUG micropolis.graphics_setup: [load_xpm_surface] Attempting to load: obj5-15.xpm
2025-11-23 15:22:42,874 DEBUG micropolis.graphics_setup: [get_resource_path] Looking for asset: filename='obj5-15.xpm', category=images, normalized='obj5-15.xpm'
2025-11-23 15:22:42,875 DEBUG micropolis.graphics_setup: [get_resource_path] Added image path variant: images/obj5-15.xpm
2025-11-23 15:22:42,876 DEBUG micropolis.graphics_setup: [get_resource_path] Trying candidate: 'obj5-15.xpm'
2025-11-23 15:22:42,877 INFO micropolis.graphics_setup: [get_resource_path] ✓ Resolved 'obj5-15.xpm' → 'C:\Users\cyrex\files\projects\micropolis\assets\images\obj5-15.png'
2025-11-23 15:22:42,878 DEBUG micropolis.graphics_setup: [load_xpm_surface] Resolved path: C:\Users\cyrex\files\projects\micropolis\assets\images\obj5-15.png
2025-11-23 15:22:42,879 INFO micropolis.graphics_setup: [load_xpm_surface] ✓ Successfully loaded obj5-15.xpm (48x48)
2025-11-23 15:22:42,880 DEBUG micropolis.graphics_setup: [load_xpm_surface] Attempting to load: obj6-0.xpm
2025-11-23 15:22:42,881 DEBUG micropolis.graphics_setup: [get_resource_path] Looking for asset: filename='obj6-0.xpm', category=images, normalized='obj6-0.xpm'
2025-11-23 15:22:42,882 DEBUG micropolis.graphics_setup: [get_resource_path] Added image path variant: images/obj6-0.xpm
2025-11-23 15:22:42,882 DEBUG micropolis.graphics_setup: [get_resource_path] Trying candidate: 'obj6-0.xpm'
2025-11-23 15:22:42,884 INFO micropolis.graphics_setup: [get_resource_path] ✓ Resolved 'obj6-0.xpm' → 'C:\Users\cyrex\files\projects\micropolis\assets\images\obj6-0.png'
2025-11-23 15:22:42,885 DEBUG micropolis.graphics_setup: [load_xpm_surface] Resolved path: C:\Users\cyrex\files\projects\micropolis\assets\images\obj6-0.png
2025-11-23 15:22:42,886 INFO micropolis.graphics_setup: [load_xpm_surface] ✓ Successfully loaded obj6-0.xpm (48x48)
2025-11-23 15:22:42,887 DEBUG micropolis.graphics_setup: [load_xpm_surface] Attempting to load: obj6-1.xpm
2025-11-23 15:22:42,888 DEBUG micropolis.graphics_setup: [get_resource_path] Looking for asset: filename='obj6-1.xpm', category=images, normalized='obj6-1.xpm'
2025-11-23 15:22:42,889 DEBUG micropolis.graphics_setup: [get_resource_path] Added image path variant: images/obj6-1.xpm
2025-11-23 15:22:42,889 DEBUG micropolis.graphics_setup: [get_resource_path] Trying candidate: 'obj6-1.xpm'
2025-11-23 15:22:42,890 INFO micropolis.graphics_setup: [get_resource_path] ✓ Resolved 'obj6-1.xpm' → 'C:\Users\cyrex\files\projects\micropolis\assets\images\obj6-1.png'
2025-11-23 15:22:42,891 DEBUG micropolis.graphics_setup: [load_xpm_surface] Resolved path: C:\Users\cyrex\files\projects\micropolis\assets\images\obj6-1.png
2025-11-23 15:22:42,893 INFO micropolis.graphics_setup: [load_xpm_surface] ✓ Successfully loaded obj6-1.xpm (48x48)
2025-11-23 15:22:42,894 DEBUG micropolis.graphics_setup: [load_xpm_surface] Attempting to load: obj6-2.xpm
2025-11-23 15:22:42,894 DEBUG micropolis.graphics_setup: [get_resource_path] Looking for asset: filename='obj6-2.xpm', category=images, normalized='obj6-2.xpm'
2025-11-23 15:22:42,895 DEBUG micropolis.graphics_setup: [get_resource_path] Added image path variant: images/obj6-2.xpm
2025-11-23 15:22:42,896 DEBUG micropolis.graphics_setup: [get_resource_path] Trying candidate: 'obj6-2.xpm'
2025-11-23 15:22:42,897 INFO micropolis.graphics_setup: [get_resource_path] ✓ Resolved 'obj6-2.xpm' → 'C:\Users\cyrex\files\projects\micropolis\assets\images\obj6-2.png'
2025-11-23 15:22:42,898 DEBUG micropolis.graphics_setup: [load_xpm_surface] Resolved path: C:\Users\cyrex\files\projects\micropolis\assets\images\obj6-2.png
2025-11-23 15:22:42,899 INFO micropolis.graphics_setup: [load_xpm_surface] ✓ Successfully loaded obj6-2.xpm (48x48)
2025-11-23 15:22:42,900 DEBUG micropolis.graphics_setup: [load_xpm_surface] Attempting to load: obj7-0.xpm
2025-11-23 15:22:42,901 DEBUG micropolis.graphics_setup: [get_resource_path] Looking for asset: filename='obj7-0.xpm', category=images, normalized='obj7-0.xpm'
2025-11-23 15:22:42,902 DEBUG micropolis.graphics_setup: [get_resource_path] Added image path variant: images/obj7-0.xpm
2025-11-23 15:22:42,903 DEBUG micropolis.graphics_setup: [get_resource_path] Trying candidate: 'obj7-0.xpm'
2025-11-23 15:22:42,904 INFO micropolis.graphics_setup: [get_resource_path] ✓ Resolved 'obj7-0.xpm' → 'C:\Users\cyrex\files\projects\micropolis\assets\images\obj7-0.png'
2025-11-23 15:22:42,905 DEBUG micropolis.graphics_setup: [load_xpm_surface] Resolved path: C:\Users\cyrex\files\projects\micropolis\assets\images\obj7-0.png
2025-11-23 15:22:42,907 INFO micropolis.graphics_setup: [load_xpm_surface] ✓ Successfully loaded obj7-0.xpm (48x48)
2025-11-23 15:22:42,908 DEBUG micropolis.graphics_setup: [load_xpm_surface] Attempting to load: obj7-1.xpm
2025-11-23 15:22:42,909 DEBUG micropolis.graphics_setup: [get_resource_path] Looking for asset: filename='obj7-1.xpm', category=images, normalized='obj7-1.xpm'
2025-11-23 15:22:42,910 DEBUG micropolis.graphics_setup: [get_resource_path] Added image path variant: images/obj7-1.xpm
2025-11-23 15:22:42,911 DEBUG micropolis.graphics_setup: [get_resource_path] Trying candidate: 'obj7-1.xpm'
2025-11-23 15:22:42,912 INFO micropolis.graphics_setup: [get_resource_path] ✓ Resolved 'obj7-1.xpm' → 'C:\Users\cyrex\files\projects\micropolis\assets\images\obj7-1.png'
2025-11-23 15:22:42,913 DEBUG micropolis.graphics_setup: [load_xpm_surface] Resolved path: C:\Users\cyrex\files\projects\micropolis\assets\images\obj7-1.png
2025-11-23 15:22:42,914 INFO micropolis.graphics_setup: [load_xpm_surface] ✓ Successfully loaded obj7-1.xpm (48x48)
2025-11-23 15:22:42,915 DEBUG micropolis.graphics_setup: [load_xpm_surface] Attempting to load: obj7-2.xpm
2025-11-23 15:22:42,916 DEBUG micropolis.graphics_setup: [get_resource_path] Looking for asset: filename='obj7-2.xpm', category=images, normalized='obj7-2.xpm'
2025-11-23 15:22:42,918 DEBUG micropolis.graphics_setup: [get_resource_path] Added image path variant: images/obj7-2.xpm
2025-11-23 15:22:42,918 DEBUG micropolis.graphics_setup: [get_resource_path] Trying candidate: 'obj7-2.xpm'
2025-11-23 15:22:42,919 INFO micropolis.graphics_setup: [get_resource_path] ✓ Resolved 'obj7-2.xpm' → 'C:\Users\cyrex\files\projects\micropolis\assets\images\obj7-2.png'
2025-11-23 15:22:42,920 DEBUG micropolis.graphics_setup: [load_xpm_surface] Resolved path: C:\Users\cyrex\files\projects\micropolis\assets\images\obj7-2.png
2025-11-23 15:22:42,922 INFO micropolis.graphics_setup: [load_xpm_surface] ✓ Successfully loaded obj7-2.xpm (48x48)
2025-11-23 15:22:42,923 DEBUG micropolis.graphics_setup: [load_xpm_surface] Attempting to load: obj7-3.xpm
2025-11-23 15:22:42,923 DEBUG micropolis.graphics_setup: [get_resource_path] Looking for asset: filename='obj7-3.xpm', category=images, normalized='obj7-3.xpm'
2025-11-23 15:22:42,924 DEBUG micropolis.graphics_setup: [get_resource_path] Added image path variant: images/obj7-3.xpm
2025-11-23 15:22:42,925 DEBUG micropolis.graphics_setup: [get_resource_path] Trying candidate: 'obj7-3.xpm'
2025-11-23 15:22:42,926 INFO micropolis.graphics_setup: [get_resource_path] ✓ Resolved 'obj7-3.xpm' → 'C:\Users\cyrex\files\projects\micropolis\assets\images\obj7-3.png'
2025-11-23 15:22:42,927 DEBUG micropolis.graphics_setup: [load_xpm_surface] Resolved path: C:\Users\cyrex\files\projects\micropolis\assets\images\obj7-3.png
2025-11-23 15:22:42,928 INFO micropolis.graphics_setup: [load_xpm_surface] ✓ Successfully loaded obj7-3.xpm (48x48)
2025-11-23 15:22:42,930 DEBUG micropolis.graphics_setup: [load_xpm_surface] Attempting to load: obj7-4.xpm
2025-11-23 15:22:42,930 DEBUG micropolis.graphics_setup: [get_resource_path] Looking for asset: filename='obj7-4.xpm', category=images, normalized='obj7-4.xpm'
2025-11-23 15:22:42,931 DEBUG micropolis.graphics_setup: [get_resource_path] Added image path variant: images/obj7-4.xpm
2025-11-23 15:22:42,932 DEBUG micropolis.graphics_setup: [get_resource_path] Trying candidate: 'obj7-4.xpm'
2025-11-23 15:22:42,933 INFO micropolis.graphics_setup: [get_resource_path] ✓ Resolved 'obj7-4.xpm' → 'C:\Users\cyrex\files\projects\micropolis\assets\images\obj7-4.png'
2025-11-23 15:22:42,934 DEBUG micropolis.graphics_setup: [load_xpm_surface] Resolved path: C:\Users\cyrex\files\projects\micropolis\assets\images\obj7-4.png
2025-11-23 15:22:42,936 INFO micropolis.graphics_setup: [load_xpm_surface] ✓ Successfully loaded obj7-4.xpm (48x48)
2025-11-23 15:22:42,937 DEBUG micropolis.graphics_setup: [load_xpm_surface] Attempting to load: obj7-5.xpm
2025-11-23 15:22:42,938 DEBUG micropolis.graphics_setup: [get_resource_path] Looking for asset: filename='obj7-5.xpm', category=images, normalized='obj7-5.xpm'
2025-11-23 15:22:42,939 DEBUG micropolis.graphics_setup: [get_resource_path] Added image path variant: images/obj7-5.xpm
2025-11-23 15:22:42,939 DEBUG micropolis.graphics_setup: [get_resource_path] Trying candidate: 'obj7-5.xpm'
2025-11-23 15:22:42,940 INFO micropolis.graphics_setup: [get_resource_path] ✓ Resolved 'obj7-5.xpm' → 'C:\Users\cyrex\files\projects\micropolis\assets\images\obj7-5.png'
2025-11-23 15:22:42,941 DEBUG micropolis.graphics_setup: [load_xpm_surface] Resolved path: C:\Users\cyrex\files\projects\micropolis\assets\images\obj7-5.png
2025-11-23 15:22:42,943 INFO micropolis.graphics_setup: [load_xpm_surface] ✓ Successfully loaded obj7-5.xpm (48x48)
2025-11-23 15:22:42,944 DEBUG micropolis.graphics_setup: [load_xpm_surface] Attempting to load: obj8-0.xpm
2025-11-23 15:22:42,944 DEBUG micropolis.graphics_setup: [get_resource_path] Looking for asset: filename='obj8-0.xpm', category=images, normalized='obj8-0.xpm'
2025-11-23 15:22:42,945 DEBUG micropolis.graphics_setup: [get_resource_path] Added image path variant: images/obj8-0.xpm
2025-11-23 15:22:42,946 DEBUG micropolis.graphics_setup: [get_resource_path] Trying candidate: 'obj8-0.xpm'
2025-11-23 15:22:42,947 INFO micropolis.graphics_setup: [get_resource_path] ✓ Resolved 'obj8-0.xpm' → 'C:\Users\cyrex\files\projects\micropolis\assets\images\obj8-0.png'
2025-11-23 15:22:42,948 DEBUG micropolis.graphics_setup: [load_xpm_surface] Resolved path: C:\Users\cyrex\files\projects\micropolis\assets\images\obj8-0.png
2025-11-23 15:22:42,949 INFO micropolis.graphics_setup: [load_xpm_surface] ✓ Successfully loaded obj8-0.xpm (32x32)
2025-11-23 15:22:42,950 DEBUG micropolis.graphics_setup: [load_xpm_surface] Attempting to load: obj8-1.xpm
2025-11-23 15:22:42,951 DEBUG micropolis.graphics_setup: [get_resource_path] Looking for asset: filename='obj8-1.xpm', category=images, normalized='obj8-1.xpm'
2025-11-23 15:22:42,952 DEBUG micropolis.graphics_setup: [get_resource_path] Added image path variant: images/obj8-1.xpm
2025-11-23 15:22:42,953 DEBUG micropolis.graphics_setup: [get_resource_path] Trying candidate: 'obj8-1.xpm'
2025-11-23 15:22:42,954 INFO micropolis.graphics_setup: [get_resource_path] ✓ Resolved 'obj8-1.xpm' → 'C:\Users\cyrex\files\projects\micropolis\assets\images\obj8-1.png'
2025-11-23 15:22:42,955 DEBUG micropolis.graphics_setup: [load_xpm_surface] Resolved path: C:\Users\cyrex\files\projects\micropolis\assets\images\obj8-1.png
2025-11-23 15:22:42,956 INFO micropolis.graphics_setup: [load_xpm_surface] ✓ Successfully loaded obj8-1.xpm (32x32)
2025-11-23 15:22:42,957 DEBUG micropolis.graphics_setup: [load_xpm_surface] Attempting to load: obj8-2.xpm
2025-11-23 15:22:42,959 DEBUG micropolis.graphics_setup: [get_resource_path] Looking for asset: filename='obj8-2.xpm', category=images, normalized='obj8-2.xpm'
2025-11-23 15:22:42,960 DEBUG micropolis.graphics_setup: [get_resource_path] Added image path variant: images/obj8-2.xpm
2025-11-23 15:22:42,961 DEBUG micropolis.graphics_setup: [get_resource_path] Trying candidate: 'obj8-2.xpm'
2025-11-23 15:22:42,962 INFO micropolis.graphics_setup: [get_resource_path] ✓ Resolved 'obj8-2.xpm' → 'C:\Users\cyrex\files\projects\micropolis\assets\images\obj8-2.png'
2025-11-23 15:22:42,963 DEBUG micropolis.graphics_setup: [load_xpm_surface] Resolved path: C:\Users\cyrex\files\projects\micropolis\assets\images\obj8-2.png
2025-11-23 15:22:42,964 INFO micropolis.graphics_setup: [load_xpm_surface] ✓ Successfully loaded obj8-2.xpm (32x32)
2025-11-23 15:22:42,965 DEBUG micropolis.graphics_setup: [load_xpm_surface] Attempting to load: obj8-3.xpm
2025-11-23 15:22:42,966 DEBUG micropolis.graphics_setup: [get_resource_path] Looking for asset: filename='obj8-3.xpm', category=images, normalized='obj8-3.xpm'
2025-11-23 15:22:42,967 DEBUG micropolis.graphics_setup: [get_resource_path] Added image path variant: images/obj8-3.xpm
2025-11-23 15:22:42,968 DEBUG micropolis.graphics_setup: [get_resource_path] Trying candidate: 'obj8-3.xpm'
2025-11-23 15:22:42,969 INFO micropolis.graphics_setup: [get_resource_path] ✓ Resolved 'obj8-3.xpm' → 'C:\Users\cyrex\files\projects\micropolis\assets\images\obj8-3.png'
2025-11-23 15:22:42,970 DEBUG micropolis.graphics_setup: [load_xpm_surface] Resolved path: C:\Users\cyrex\files\projects\micropolis\assets\images\obj8-3.png
2025-11-23 15:22:42,971 INFO micropolis.graphics_setup: [load_xpm_surface] ✓ Successfully loaded obj8-3.xpm (32x32)
2025-11-23 15:22:43,002 INFO micropolis.graphics_setup: [init_view_graphics] Initializing graphics for view: class_id=0, type=1
2025-11-23 15:22:43,003 DEBUG micropolis.graphics_setup: [init_view_graphics] View display attributes: color=1
2025-11-23 15:22:43,004 DEBUG micropolis.graphics_setup: [init_view_graphics] Calling get_view_tiles()...
2025-11-23 15:22:43,006 INFO micropolis.graphics_setup: [get_view_tiles] Loading tiles for view: class_id=0, is_editor=True, is_map=False, type=1
2025-11-23 15:22:43,007 DEBUG micropolis.graphics_setup: [get_view_tiles] Loading tiles for EDITOR view
2025-11-23 15:22:43,008 DEBUG micropolis.graphics_setup: [get_view_tiles] Editor view type: X_Mem_View
2025-11-23 15:22:43,009 INFO micropolis.graphics_setup: [get_view_tiles] Loading big tile image: tiles.png
2025-11-23 15:22:43,010 DEBUG micropolis.graphics_setup: [load_xpm_surface] Attempting to load: tiles.png
2025-11-23 15:22:43,011 DEBUG micropolis.graphics_setup: [get_resource_path] Looking for asset: filename='tiles.png', category=images, normalized='tiles.png'
2025-11-23 15:22:43,012 DEBUG micropolis.graphics_setup: [get_resource_path] Added image path variant: images/tiles.png
2025-11-23 15:22:43,013 DEBUG micropolis.graphics_setup: [get_resource_path] Trying candidate: 'tiles.png'
2025-11-23 15:22:43,014 INFO micropolis.graphics_setup: [get_resource_path] ✓ Resolved 'tiles.png' → 'C:\Users\cyrex\files\projects\micropolis\assets\images\tiles.png'
2025-11-23 15:22:43,015 DEBUG micropolis.graphics_setup: [load_xpm_surface] Resolved path: C:\Users\cyrex\files\projects\micropolis\assets\images\tiles.png
2025-11-23 15:22:43,019 INFO micropolis.graphics_setup: [load_xpm_surface] ✓ Successfully loaded tiles.png (16x15360)
2025-11-23 15:22:43,020 INFO micropolis.graphics_setup: [get_view_tiles] ✓ Loaded big tile image: 16x15360
2025-11-23 15:22:43,021 DEBUG micropolis.graphics_setup: [get_view_tiles] Set view.bigtiles from big_tile_image
2025-11-23 15:22:43,022 INFO micropolis.graphics_setup: [init_view_graphics] ✓ Graphics initialized: bigtiles=True, smalltiles=False
2025-11-23 15:22:43,024 DEBUG micropolis.engine: Editor view tile cache initialized: bigtiles=present
2025-11-23 15:22:43,025 DEBUG micropolis.engine: Created surface for view: 360x300 (class_id=1)
2025-11-23 15:22:43,025 INFO micropolis.graphics_setup: [init_view_graphics] Initializing graphics for view: class_id=1, type=1
2025-11-23 15:22:43,026 DEBUG micropolis.graphics_setup: [init_view_graphics] View display attributes: color=1
2025-11-23 15:22:43,027 DEBUG micropolis.graphics_setup: [init_view_graphics] Calling get_view_tiles()...
2025-11-23 15:22:43,029 INFO micropolis.graphics_setup: [get_view_tiles] Loading tiles for view: class_id=1, is_editor=False, is_map=True, type=1
2025-11-23 15:22:43,030 DEBUG micropolis.graphics_setup: [get_view_tiles] Loading tiles for MAP view
2025-11-23 15:22:43,031 INFO micropolis.graphics_setup: [get_view_tiles] Loading small tile image: tilessm.png
2025-11-23 15:22:43,032 DEBUG micropolis.graphics_setup: [load_xpm_surface] Attempting to load: tilessm.png
2025-11-23 15:22:43,033 DEBUG micropolis.graphics_setup: [get_resource_path] Looking for asset: filename='tilessm.png', category=images, normalized='tilessm.png'
2025-11-23 15:22:43,034 DEBUG micropolis.graphics_setup: [get_resource_path] Added image path variant: images/tilessm.png
2025-11-23 15:22:43,036 DEBUG micropolis.graphics_setup: [get_resource_path] Trying candidate: 'tilessm.png'
2025-11-23 15:22:43,037 INFO micropolis.graphics_setup: [get_resource_path] ✓ Resolved 'tilessm.png' → 'C:\Users\cyrex\files\projects\micropolis\assets\images\tilessm.png'
2025-11-23 15:22:43,040 DEBUG micropolis.graphics_setup: [load_xpm_surface] Resolved path: C:\Users\cyrex\files\projects\micropolis\assets\images\tilessm.png
2025-11-23 15:22:43,043 INFO micropolis.graphics_setup: [load_xpm_surface] ✓ Successfully loaded tilessm.png (4x2880)
2025-11-23 15:22:43,044 INFO micropolis.graphics_setup: [get_view_tiles] ✓ Loaded small tile image: 4x2880
2025-11-23 15:22:43,046 DEBUG micropolis.graphics_setup: [get_view_tiles] Converting small tiles to 4x4 format
2025-11-23 15:22:43,052 INFO micropolis.graphics_setup: [get_view_tiles] ✓ Converted 960 small tiles to 4x4 format (61440 bytes)
2025-11-23 15:22:43,054 INFO micropolis.graphics_setup: [init_view_graphics] ✓ Graphics initialized: bigtiles=False, smalltiles=True
2025-11-23 15:22:43,055 DEBUG micropolis.engine: Map view tile cache initialized: smalltiles=present
2025-11-23 15:22:43,056 INFO micropolis.engine: All view surfaces initialized successfully
2025-11-23 15:22:43,059 INFO micropolis.engine: Editor panel created and registered successfully
2025-11-23 15:22:43,061 INFO micropolis.engine: Tool palette panel created and registered successfully
2025-11-23 15:22:43,062 INFO micropolis.engine: Head panel created and registered successfully
2025-11-23 15:22:43,079 INFO micropolis.engine: Pygame window initialized. Press Ctrl+C to exit
2025-11-23 15:24:02,311 INFO micropolis.engine: Selected tool tile 423
2025-11-23 15:24:03,408 INFO micropolis.engine: Quit event received
2025-11-23 15:24:03,409 INFO micropolis.engine: Stopping Micropolis...
2025-11-23 15:24:03,410 DEBUG micropolis.engine: Stopped all pygame timers
2025-11-23 15:24:03,412 DEBUG micropolis.engine: Cleaned up tkinter bridge
2025-11-23 15:24:03,413 INFO micropolis.audio: Sound system shut down
2025-11-23 15:24:03,413 DEBUG micropolis.engine: Shut down audio system
2025-11-23 15:24:03,414 DEBUG micropolis.engine: Cleaned up graphics
2025-11-23 15:24:03,415 DEBUG micropolis.engine: Cleared event bus
2025-11-23 15:24:03,416 INFO micropolis.engine: Micropolis stopped successfully
