2025-11-23 14:49:59,388 DEBUG micropolis.main: Logging initialized. Console -> rich, File -> C:\Users\cyrex\files\projects\micropolis\logs\micropolis-20251123-144959.log
2025-11-23 14:49:59,391 INFO micropolis.engine: Welcome to Python Micropolis version 2025.11.11
2025-11-23 14:49:59,392 INFO micropolis.engine: Copyright (C) 2002 by Electronic Arts, Maxis. All rights reserved.
2025-11-23 14:49:59,409 DEBUG micropolis.engine: Map view surface not yet initialized (will be set during graphics setup)
2025-11-23 14:49:59,550 INFO micropolis.audio: Sound system initialized with 7 logical channels
2025-11-23 14:49:59,551 DEBUG root: Funds set to: $20000
2025-11-23 14:49:59,552 DEBUG root: Funds set to: $20000
2025-11-23 14:49:59,553 INFO root: Game level set to 0 (Easy) - Starting funds: $20000
2025-11-23 14:49:59,554 INFO root: Map cleared - all tiles set to DIRT
2025-11-23 14:49:59,556 DEBUG root: Funds set to: $0
2025-11-23 14:49:59,556 DEBUG root: Funds set to: $20000
2025-11-23 14:49:59,557 INFO root: Game level set to 0 (Easy) - Starting funds: $20000
2025-11-23 14:49:59,558 DEBUG micropolis.engine: Initializing pygame graphics...
2025-11-23 14:49:59,667 DEBUG micropolis.graphics_setup: [load_xpm_surface] Attempting to load: obj1-0.xpm
2025-11-23 14:49:59,668 DEBUG micropolis.graphics_setup: [get_resource_path] Looking for asset: filename='obj1-0.xpm', category=images, normalized='obj1-0.xpm'
2025-11-23 14:49:59,669 DEBUG micropolis.graphics_setup: [get_resource_path] Added image path variant: images/obj1-0.xpm
2025-11-23 14:49:59,670 DEBUG micropolis.graphics_setup: [get_resource_path] Trying candidate: 'obj1-0.xpm'
2025-11-23 14:49:59,671 INFO micropolis.graphics_setup: [get_resource_path] ✓ Resolved 'obj1-0.xpm' → 'C:\Users\cyrex\files\projects\micropolis\assets\images\obj1-0.png'
2025-11-23 14:49:59,672 DEBUG micropolis.graphics_setup: [load_xpm_surface] Resolved path: C:\Users\cyrex\files\projects\micropolis\assets\images\obj1-0.png
2025-11-23 14:49:59,674 INFO micropolis.graphics_setup: [load_xpm_surface] ✓ Successfully loaded obj1-0.xpm (32x32)
2025-11-23 14:49:59,675 DEBUG micropolis.graphics_setup: [load_xpm_surface] Attempting to load: obj1-1.xpm
2025-11-23 14:49:59,676 DEBUG micropolis.graphics_setup: [get_resource_path] Looking for asset: filename='obj1-1.xpm', category=images, normalized='obj1-1.xpm'
2025-11-23 14:49:59,677 DEBUG micropolis.graphics_setup: [get_resource_path] Added image path variant: images/obj1-1.xpm
2025-11-23 14:49:59,678 DEBUG micropolis.graphics_setup: [get_resource_path] Trying candidate: 'obj1-1.xpm'
2025-11-23 14:49:59,679 INFO micropolis.graphics_setup: [get_resource_path] ✓ Resolved 'obj1-1.xpm' → 'C:\Users\cyrex\files\projects\micropolis\assets\images\obj1-1.png'
2025-11-23 14:49:59,680 DEBUG micropolis.graphics_setup: [load_xpm_surface] Resolved path: C:\Users\cyrex\files\projects\micropolis\assets\images\obj1-1.png
2025-11-23 14:49:59,681 INFO micropolis.graphics_setup: [load_xpm_surface] ✓ Successfully loaded obj1-1.xpm (32x32)
2025-11-23 14:49:59,682 DEBUG micropolis.graphics_setup: [load_xpm_surface] Attempting to load: obj1-2.xpm
2025-11-23 14:49:59,683 DEBUG micropolis.graphics_setup: [get_resource_path] Looking for asset: filename='obj1-2.xpm', category=images, normalized='obj1-2.xpm'
2025-11-23 14:49:59,684 DEBUG micropolis.graphics_setup: [get_resource_path] Added image path variant: images/obj1-2.xpm
2025-11-23 14:49:59,685 DEBUG micropolis.graphics_setup: [get_resource_path] Trying candidate: 'obj1-2.xpm'
2025-11-23 14:49:59,686 INFO micropolis.graphics_setup: [get_resource_path] ✓ Resolved 'obj1-2.xpm' → 'C:\Users\cyrex\files\projects\micropolis\assets\images\obj1-2.png'
2025-11-23 14:49:59,688 DEBUG micropolis.graphics_setup: [load_xpm_surface] Resolved path: C:\Users\cyrex\files\projects\micropolis\assets\images\obj1-2.png
2025-11-23 14:49:59,689 INFO micropolis.graphics_setup: [load_xpm_surface] ✓ Successfully loaded obj1-2.xpm (32x32)
2025-11-23 14:49:59,690 DEBUG micropolis.graphics_setup: [load_xpm_surface] Attempting to load: obj1-3.xpm
2025-11-23 14:49:59,691 DEBUG micropolis.graphics_setup: [get_resource_path] Looking for asset: filename='obj1-3.xpm', category=images, normalized='obj1-3.xpm'
2025-11-23 14:49:59,692 DEBUG micropolis.graphics_setup: [get_resource_path] Added image path variant: images/obj1-3.xpm
2025-11-23 14:49:59,693 DEBUG micropolis.graphics_setup: [get_resource_path] Trying candidate: 'obj1-3.xpm'
2025-11-23 14:49:59,694 INFO micropolis.graphics_setup: [get_resource_path] ✓ Resolved 'obj1-3.xpm' → 'C:\Users\cyrex\files\projects\micropolis\assets\images\obj1-3.png'
2025-11-23 14:49:59,695 DEBUG micropolis.graphics_setup: [load_xpm_surface] Resolved path: C:\Users\cyrex\files\projects\micropolis\assets\images\obj1-3.png
2025-11-23 14:49:59,696 INFO micropolis.graphics_setup: [load_xpm_surface] ✓ Successfully loaded obj1-3.xpm (32x32)
2025-11-23 14:49:59,698 DEBUG micropolis.graphics_setup: [load_xpm_surface] Attempting to load: obj1-4.xpm
2025-11-23 14:49:59,699 DEBUG micropolis.graphics_setup: [get_resource_path] Looking for asset: filename='obj1-4.xpm', category=images, normalized='obj1-4.xpm'
2025-11-23 14:49:59,700 DEBUG micropolis.graphics_setup: [get_resource_path] Added image path variant: images/obj1-4.xpm
2025-11-23 14:49:59,701 DEBUG micropolis.graphics_setup: [get_resource_path] Trying candidate: 'obj1-4.xpm'
2025-11-23 14:49:59,702 INFO micropolis.graphics_setup: [get_resource_path] ✓ Resolved 'obj1-4.xpm' → 'C:\Users\cyrex\files\projects\micropolis\assets\images\obj1-4.png'
2025-11-23 14:49:59,703 DEBUG micropolis.graphics_setup: [load_xpm_surface] Resolved path: C:\Users\cyrex\files\projects\micropolis\assets\images\obj1-4.png
2025-11-23 14:49:59,704 INFO micropolis.graphics_setup: [load_xpm_surface] ✓ Successfully loaded obj1-4.xpm (32x32)
2025-11-23 14:49:59,706 DEBUG micropolis.graphics_setup: [load_xpm_surface] Attempting to load: obj2-0.xpm
2025-11-23 14:49:59,707 DEBUG micropolis.graphics_setup: [get_resource_path] Looking for asset: filename='obj2-0.xpm', category=images, normalized='obj2-0.xpm'
2025-11-23 14:49:59,707 DEBUG micropolis.graphics_setup: [get_resource_path] Added image path variant: images/obj2-0.xpm
2025-11-23 14:49:59,709 DEBUG micropolis.graphics_setup: [get_resource_path] Trying candidate: 'obj2-0.xpm'
2025-11-23 14:49:59,710 INFO micropolis.graphics_setup: [get_resource_path] ✓ Resolved 'obj2-0.xpm' → 'C:\Users\cyrex\files\projects\micropolis\assets\images\obj2-0.png'
2025-11-23 14:49:59,711 DEBUG micropolis.graphics_setup: [load_xpm_surface] Resolved path: C:\Users\cyrex\files\projects\micropolis\assets\images\obj2-0.png
2025-11-23 14:49:59,712 INFO micropolis.graphics_setup: [load_xpm_surface] ✓ Successfully loaded obj2-0.xpm (32x32)
2025-11-23 14:49:59,713 DEBUG micropolis.graphics_setup: [load_xpm_surface] Attempting to load: obj2-1.xpm
2025-11-23 14:49:59,714 DEBUG micropolis.graphics_setup: [get_resource_path] Looking for asset: filename='obj2-1.xpm', category=images, normalized='obj2-1.xpm'
2025-11-23 14:49:59,715 DEBUG micropolis.graphics_setup: [get_resource_path] Added image path variant: images/obj2-1.xpm
2025-11-23 14:49:59,716 DEBUG micropolis.graphics_setup: [get_resource_path] Trying candidate: 'obj2-1.xpm'
2025-11-23 14:49:59,718 INFO micropolis.graphics_setup: [get_resource_path] ✓ Resolved 'obj2-1.xpm' → 'C:\Users\cyrex\files\projects\micropolis\assets\images\obj2-1.png'
2025-11-23 14:49:59,719 DEBUG micropolis.graphics_setup: [load_xpm_surface] Resolved path: C:\Users\cyrex\files\projects\micropolis\assets\images\obj2-1.png
2025-11-23 14:49:59,720 INFO micropolis.graphics_setup: [load_xpm_surface] ✓ Successfully loaded obj2-1.xpm (32x32)
2025-11-23 14:49:59,721 DEBUG micropolis.graphics_setup: [load_xpm_surface] Attempting to load: obj2-2.xpm
2025-11-23 14:49:59,722 DEBUG micropolis.graphics_setup: [get_resource_path] Looking for asset: filename='obj2-2.xpm', category=images, normalized='obj2-2.xpm'
2025-11-23 14:49:59,723 DEBUG micropolis.graphics_setup: [get_resource_path] Added image path variant: images/obj2-2.xpm
2025-11-23 14:49:59,724 DEBUG micropolis.graphics_setup: [get_resource_path] Trying candidate: 'obj2-2.xpm'
2025-11-23 14:49:59,725 INFO micropolis.graphics_setup: [get_resource_path] ✓ Resolved 'obj2-2.xpm' → 'C:\Users\cyrex\files\projects\micropolis\assets\images\obj2-2.png'
2025-11-23 14:49:59,726 DEBUG micropolis.graphics_setup: [load_xpm_surface] Resolved path: C:\Users\cyrex\files\projects\micropolis\assets\images\obj2-2.png
2025-11-23 14:49:59,728 INFO micropolis.graphics_setup: [load_xpm_surface] ✓ Successfully loaded obj2-2.xpm (32x32)
2025-11-23 14:49:59,729 DEBUG micropolis.graphics_setup: [load_xpm_surface] Attempting to load: obj2-3.xpm
2025-11-23 14:49:59,730 DEBUG micropolis.graphics_setup: [get_resource_path] Looking for asset: filename='obj2-3.xpm', category=images, normalized='obj2-3.xpm'
2025-11-23 14:49:59,731 DEBUG micropolis.graphics_setup: [get_resource_path] Added image path variant: images/obj2-3.xpm
2025-11-23 14:49:59,732 DEBUG micropolis.graphics_setup: [get_resource_path] Trying candidate: 'obj2-3.xpm'
2025-11-23 14:49:59,733 INFO micropolis.graphics_setup: [get_resource_path] ✓ Resolved 'obj2-3.xpm' → 'C:\Users\cyrex\files\projects\micropolis\assets\images\obj2-3.png'
2025-11-23 14:49:59,734 DEBUG micropolis.graphics_setup: [load_xpm_surface] Resolved path: C:\Users\cyrex\files\projects\micropolis\assets\images\obj2-3.png
2025-11-23 14:49:59,735 INFO micropolis.graphics_setup: [load_xpm_surface] ✓ Successfully loaded obj2-3.xpm (32x32)
2025-11-23 14:49:59,736 DEBUG micropolis.graphics_setup: [load_xpm_surface] Attempting to load: obj2-4.xpm
2025-11-23 14:49:59,737 DEBUG micropolis.graphics_setup: [get_resource_path] Looking for asset: filename='obj2-4.xpm', category=images, normalized='obj2-4.xpm'
2025-11-23 14:49:59,738 DEBUG micropolis.graphics_setup: [get_resource_path] Added image path variant: images/obj2-4.xpm
2025-11-23 14:49:59,739 DEBUG micropolis.graphics_setup: [get_resource_path] Trying candidate: 'obj2-4.xpm'
2025-11-23 14:49:59,741 INFO micropolis.graphics_setup: [get_resource_path] ✓ Resolved 'obj2-4.xpm' → 'C:\Users\cyrex\files\projects\micropolis\assets\images\obj2-4.png'
2025-11-23 14:49:59,742 DEBUG micropolis.graphics_setup: [load_xpm_surface] Resolved path: C:\Users\cyrex\files\projects\micropolis\assets\images\obj2-4.png
2025-11-23 14:49:59,744 INFO micropolis.graphics_setup: [load_xpm_surface] ✓ Successfully loaded obj2-4.xpm (32x32)
2025-11-23 14:49:59,744 DEBUG micropolis.graphics_setup: [load_xpm_surface] Attempting to load: obj2-5.xpm
2025-11-23 14:49:59,745 DEBUG micropolis.graphics_setup: [get_resource_path] Looking for asset: filename='obj2-5.xpm', category=images, normalized='obj2-5.xpm'
2025-11-23 14:49:59,746 DEBUG micropolis.graphics_setup: [get_resource_path] Added image path variant: images/obj2-5.xpm
2025-11-23 14:49:59,747 DEBUG micropolis.graphics_setup: [get_resource_path] Trying candidate: 'obj2-5.xpm'
2025-11-23 14:49:59,749 INFO micropolis.graphics_setup: [get_resource_path] ✓ Resolved 'obj2-5.xpm' → 'C:\Users\cyrex\files\projects\micropolis\assets\images\obj2-5.png'
2025-11-23 14:49:59,750 DEBUG micropolis.graphics_setup: [load_xpm_surface] Resolved path: C:\Users\cyrex\files\projects\micropolis\assets\images\obj2-5.png
2025-11-23 14:49:59,751 INFO micropolis.graphics_setup: [load_xpm_surface] ✓ Successfully loaded obj2-5.xpm (32x32)
2025-11-23 14:49:59,752 DEBUG micropolis.graphics_setup: [load_xpm_surface] Attempting to load: obj2-6.xpm
2025-11-23 14:49:59,753 DEBUG micropolis.graphics_setup: [get_resource_path] Looking for asset: filename='obj2-6.xpm', category=images, normalized='obj2-6.xpm'
2025-11-23 14:49:59,754 DEBUG micropolis.graphics_setup: [get_resource_path] Added image path variant: images/obj2-6.xpm
2025-11-23 14:49:59,755 DEBUG micropolis.graphics_setup: [get_resource_path] Trying candidate: 'obj2-6.xpm'
2025-11-23 14:49:59,756 INFO micropolis.graphics_setup: [get_resource_path] ✓ Resolved 'obj2-6.xpm' → 'C:\Users\cyrex\files\projects\micropolis\assets\images\obj2-6.png'
2025-11-23 14:49:59,757 DEBUG micropolis.graphics_setup: [load_xpm_surface] Resolved path: C:\Users\cyrex\files\projects\micropolis\assets\images\obj2-6.png
2025-11-23 14:49:59,759 INFO micropolis.graphics_setup: [load_xpm_surface] ✓ Successfully loaded obj2-6.xpm (32x32)
2025-11-23 14:49:59,760 DEBUG micropolis.graphics_setup: [load_xpm_surface] Attempting to load: obj2-7.xpm
2025-11-23 14:49:59,761 DEBUG micropolis.graphics_setup: [get_resource_path] Looking for asset: filename='obj2-7.xpm', category=images, normalized='obj2-7.xpm'
2025-11-23 14:49:59,762 DEBUG micropolis.graphics_setup: [get_resource_path] Added image path variant: images/obj2-7.xpm
2025-11-23 14:49:59,763 DEBUG micropolis.graphics_setup: [get_resource_path] Trying candidate: 'obj2-7.xpm'
2025-11-23 14:49:59,764 INFO micropolis.graphics_setup: [get_resource_path] ✓ Resolved 'obj2-7.xpm' → 'C:\Users\cyrex\files\projects\micropolis\assets\images\obj2-7.png'
2025-11-23 14:49:59,765 DEBUG micropolis.graphics_setup: [load_xpm_surface] Resolved path: C:\Users\cyrex\files\projects\micropolis\assets\images\obj2-7.png
2025-11-23 14:49:59,766 INFO micropolis.graphics_setup: [load_xpm_surface] ✓ Successfully loaded obj2-7.xpm (32x32)
2025-11-23 14:49:59,767 DEBUG micropolis.graphics_setup: [load_xpm_surface] Attempting to load: obj3-0.xpm
2025-11-23 14:49:59,768 DEBUG micropolis.graphics_setup: [get_resource_path] Looking for asset: filename='obj3-0.xpm', category=images, normalized='obj3-0.xpm'
2025-11-23 14:49:59,769 DEBUG micropolis.graphics_setup: [get_resource_path] Added image path variant: images/obj3-0.xpm
2025-11-23 14:49:59,770 DEBUG micropolis.graphics_setup: [get_resource_path] Trying candidate: 'obj3-0.xpm'
2025-11-23 14:49:59,771 INFO micropolis.graphics_setup: [get_resource_path] ✓ Resolved 'obj3-0.xpm' → 'C:\Users\cyrex\files\projects\micropolis\assets\images\obj3-0.png'
2025-11-23 14:49:59,772 DEBUG micropolis.graphics_setup: [load_xpm_surface] Resolved path: C:\Users\cyrex\files\projects\micropolis\assets\images\obj3-0.png
2025-11-23 14:49:59,774 INFO micropolis.graphics_setup: [load_xpm_surface] ✓ Successfully loaded obj3-0.xpm (48x48)
2025-11-23 14:49:59,774 DEBUG micropolis.graphics_setup: [load_xpm_surface] Attempting to load: obj3-1.xpm
2025-11-23 14:49:59,775 DEBUG micropolis.graphics_setup: [get_resource_path] Looking for asset: filename='obj3-1.xpm', category=images, normalized='obj3-1.xpm'
2025-11-23 14:49:59,776 DEBUG micropolis.graphics_setup: [get_resource_path] Added image path variant: images/obj3-1.xpm
2025-11-23 14:49:59,777 DEBUG micropolis.graphics_setup: [get_resource_path] Trying candidate: 'obj3-1.xpm'
2025-11-23 14:49:59,778 INFO micropolis.graphics_setup: [get_resource_path] ✓ Resolved 'obj3-1.xpm' → 'C:\Users\cyrex\files\projects\micropolis\assets\images\obj3-1.png'
2025-11-23 14:49:59,780 DEBUG micropolis.graphics_setup: [load_xpm_surface] Resolved path: C:\Users\cyrex\files\projects\micropolis\assets\images\obj3-1.png
2025-11-23 14:49:59,781 INFO micropolis.graphics_setup: [load_xpm_surface] ✓ Successfully loaded obj3-1.xpm (48x48)
2025-11-23 14:49:59,782 DEBUG micropolis.graphics_setup: [load_xpm_surface] Attempting to load: obj3-2.xpm
2025-11-23 14:49:59,783 DEBUG micropolis.graphics_setup: [get_resource_path] Looking for asset: filename='obj3-2.xpm', category=images, normalized='obj3-2.xpm'
2025-11-23 14:49:59,784 DEBUG micropolis.graphics_setup: [get_resource_path] Added image path variant: images/obj3-2.xpm
2025-11-23 14:49:59,785 DEBUG micropolis.graphics_setup: [get_resource_path] Trying candidate: 'obj3-2.xpm'
2025-11-23 14:49:59,786 INFO micropolis.graphics_setup: [get_resource_path] ✓ Resolved 'obj3-2.xpm' → 'C:\Users\cyrex\files\projects\micropolis\assets\images\obj3-2.png'
2025-11-23 14:49:59,787 DEBUG micropolis.graphics_setup: [load_xpm_surface] Resolved path: C:\Users\cyrex\files\projects\micropolis\assets\images\obj3-2.png
2025-11-23 14:49:59,788 INFO micropolis.graphics_setup: [load_xpm_surface] ✓ Successfully loaded obj3-2.xpm (48x48)
2025-11-23 14:49:59,789 DEBUG micropolis.graphics_setup: [load_xpm_surface] Attempting to load: obj3-3.xpm
2025-11-23 14:49:59,790 DEBUG micropolis.graphics_setup: [get_resource_path] Looking for asset: filename='obj3-3.xpm', category=images, normalized='obj3-3.xpm'
2025-11-23 14:49:59,791 DEBUG micropolis.graphics_setup: [get_resource_path] Added image path variant: images/obj3-3.xpm
2025-11-23 14:49:59,792 DEBUG micropolis.graphics_setup: [get_resource_path] Trying candidate: 'obj3-3.xpm'
2025-11-23 14:49:59,793 INFO micropolis.graphics_setup: [get_resource_path] ✓ Resolved 'obj3-3.xpm' → 'C:\Users\cyrex\files\projects\micropolis\assets\images\obj3-3.png'
2025-11-23 14:49:59,794 DEBUG micropolis.graphics_setup: [load_xpm_surface] Resolved path: C:\Users\cyrex\files\projects\micropolis\assets\images\obj3-3.png
2025-11-23 14:49:59,796 INFO micropolis.graphics_setup: [load_xpm_surface] ✓ Successfully loaded obj3-3.xpm (48x48)
2025-11-23 14:49:59,797 DEBUG micropolis.graphics_setup: [load_xpm_surface] Attempting to load: obj3-4.xpm
2025-11-23 14:49:59,798 DEBUG micropolis.graphics_setup: [get_resource_path] Looking for asset: filename='obj3-4.xpm', category=images, normalized='obj3-4.xpm'
2025-11-23 14:49:59,799 DEBUG micropolis.graphics_setup: [get_resource_path] Added image path variant: images/obj3-4.xpm
2025-11-23 14:49:59,800 DEBUG micropolis.graphics_setup: [get_resource_path] Trying candidate: 'obj3-4.xpm'
2025-11-23 14:49:59,801 INFO micropolis.graphics_setup: [get_resource_path] ✓ Resolved 'obj3-4.xpm' → 'C:\Users\cyrex\files\projects\micropolis\assets\images\obj3-4.png'
2025-11-23 14:49:59,802 DEBUG micropolis.graphics_setup: [load_xpm_surface] Resolved path: C:\Users\cyrex\files\projects\micropolis\assets\images\obj3-4.png
2025-11-23 14:49:59,804 INFO micropolis.graphics_setup: [load_xpm_surface] ✓ Successfully loaded obj3-4.xpm (48x48)
2025-11-23 14:49:59,805 DEBUG micropolis.graphics_setup: [load_xpm_surface] Attempting to load: obj3-5.xpm
2025-11-23 14:49:59,806 DEBUG micropolis.graphics_setup: [get_resource_path] Looking for asset: filename='obj3-5.xpm', category=images, normalized='obj3-5.xpm'
2025-11-23 14:49:59,807 DEBUG micropolis.graphics_setup: [get_resource_path] Added image path variant: images/obj3-5.xpm
2025-11-23 14:49:59,807 DEBUG micropolis.graphics_setup: [get_resource_path] Trying candidate: 'obj3-5.xpm'
2025-11-23 14:49:59,809 INFO micropolis.graphics_setup: [get_resource_path] ✓ Resolved 'obj3-5.xpm' → 'C:\Users\cyrex\files\projects\micropolis\assets\images\obj3-5.png'
2025-11-23 14:49:59,810 DEBUG micropolis.graphics_setup: [load_xpm_surface] Resolved path: C:\Users\cyrex\files\projects\micropolis\assets\images\obj3-5.png
2025-11-23 14:49:59,811 INFO micropolis.graphics_setup: [load_xpm_surface] ✓ Successfully loaded obj3-5.xpm (48x48)
2025-11-23 14:49:59,812 DEBUG micropolis.graphics_setup: [load_xpm_surface] Attempting to load: obj3-6.xpm
2025-11-23 14:49:59,813 DEBUG micropolis.graphics_setup: [get_resource_path] Looking for asset: filename='obj3-6.xpm', category=images, normalized='obj3-6.xpm'
2025-11-23 14:49:59,814 DEBUG micropolis.graphics_setup: [get_resource_path] Added image path variant: images/obj3-6.xpm
2025-11-23 14:49:59,815 DEBUG micropolis.graphics_setup: [get_resource_path] Trying candidate: 'obj3-6.xpm'
2025-11-23 14:49:59,816 INFO micropolis.graphics_setup: [get_resource_path] ✓ Resolved 'obj3-6.xpm' → 'C:\Users\cyrex\files\projects\micropolis\assets\images\obj3-6.png'
2025-11-23 14:49:59,817 DEBUG micropolis.graphics_setup: [load_xpm_surface] Resolved path: C:\Users\cyrex\files\projects\micropolis\assets\images\obj3-6.png
2025-11-23 14:49:59,818 INFO micropolis.graphics_setup: [load_xpm_surface] ✓ Successfully loaded obj3-6.xpm (48x48)
2025-11-23 14:49:59,819 DEBUG micropolis.graphics_setup: [load_xpm_surface] Attempting to load: obj3-7.xpm
2025-11-23 14:49:59,820 DEBUG micropolis.graphics_setup: [get_resource_path] Looking for asset: filename='obj3-7.xpm', category=images, normalized='obj3-7.xpm'
2025-11-23 14:49:59,821 DEBUG micropolis.graphics_setup: [get_resource_path] Added image path variant: images/obj3-7.xpm
2025-11-23 14:49:59,822 DEBUG micropolis.graphics_setup: [get_resource_path] Trying candidate: 'obj3-7.xpm'
2025-11-23 14:49:59,823 INFO micropolis.graphics_setup: [get_resource_path] ✓ Resolved 'obj3-7.xpm' → 'C:\Users\cyrex\files\projects\micropolis\assets\images\obj3-7.png'
2025-11-23 14:49:59,825 DEBUG micropolis.graphics_setup: [load_xpm_surface] Resolved path: C:\Users\cyrex\files\projects\micropolis\assets\images\obj3-7.png
2025-11-23 14:49:59,826 INFO micropolis.graphics_setup: [load_xpm_surface] ✓ Successfully loaded obj3-7.xpm (48x48)
2025-11-23 14:49:59,827 DEBUG micropolis.graphics_setup: [load_xpm_surface] Attempting to load: obj3-8.xpm
2025-11-23 14:49:59,828 DEBUG micropolis.graphics_setup: [get_resource_path] Looking for asset: filename='obj3-8.xpm', category=images, normalized='obj3-8.xpm'
2025-11-23 14:49:59,829 DEBUG micropolis.graphics_setup: [get_resource_path] Added image path variant: images/obj3-8.xpm
2025-11-23 14:49:59,830 DEBUG micropolis.graphics_setup: [get_resource_path] Trying candidate: 'obj3-8.xpm'
2025-11-23 14:49:59,831 INFO micropolis.graphics_setup: [get_resource_path] ✓ Resolved 'obj3-8.xpm' → 'C:\Users\cyrex\files\projects\micropolis\assets\images\obj3-8.png'
2025-11-23 14:49:59,832 DEBUG micropolis.graphics_setup: [load_xpm_surface] Resolved path: C:\Users\cyrex\files\projects\micropolis\assets\images\obj3-8.png
2025-11-23 14:49:59,833 INFO micropolis.graphics_setup: [load_xpm_surface] ✓ Successfully loaded obj3-8.xpm (48x48)
2025-11-23 14:49:59,834 DEBUG micropolis.graphics_setup: [load_xpm_surface] Attempting to load: obj3-9.xpm
2025-11-23 14:49:59,835 DEBUG micropolis.graphics_setup: [get_resource_path] Looking for asset: filename='obj3-9.xpm', category=images, normalized='obj3-9.xpm'
2025-11-23 14:49:59,836 DEBUG micropolis.graphics_setup: [get_resource_path] Added image path variant: images/obj3-9.xpm
2025-11-23 14:49:59,837 DEBUG micropolis.graphics_setup: [get_resource_path] Trying candidate: 'obj3-9.xpm'
2025-11-23 14:49:59,838 INFO micropolis.graphics_setup: [get_resource_path] ✓ Resolved 'obj3-9.xpm' → 'C:\Users\cyrex\files\projects\micropolis\assets\images\obj3-9.png'
2025-11-23 14:49:59,846 DEBUG micropolis.graphics_setup: [load_xpm_surface] Resolved path: C:\Users\cyrex\files\projects\micropolis\assets\images\obj3-9.png
2025-11-23 14:49:59,848 INFO micropolis.graphics_setup: [load_xpm_surface] ✓ Successfully loaded obj3-9.xpm (48x48)
2025-11-23 14:49:59,849 DEBUG micropolis.graphics_setup: [load_xpm_surface] Attempting to load: obj3-10.xpm
2025-11-23 14:49:59,850 DEBUG micropolis.graphics_setup: [get_resource_path] Looking for asset: filename='obj3-10.xpm', category=images, normalized='obj3-10.xpm'
2025-11-23 14:49:59,851 DEBUG micropolis.graphics_setup: [get_resource_path] Added image path variant: images/obj3-10.xpm
2025-11-23 14:49:59,852 DEBUG micropolis.graphics_setup: [get_resource_path] Trying candidate: 'obj3-10.xpm'
2025-11-23 14:49:59,853 INFO micropolis.graphics_setup: [get_resource_path] ✓ Resolved 'obj3-10.xpm' → 'C:\Users\cyrex\files\projects\micropolis\assets\images\obj3-10.png'
2025-11-23 14:49:59,854 DEBUG micropolis.graphics_setup: [load_xpm_surface] Resolved path: C:\Users\cyrex\files\projects\micropolis\assets\images\obj3-10.png
2025-11-23 14:49:59,856 INFO micropolis.graphics_setup: [load_xpm_surface] ✓ Successfully loaded obj3-10.xpm (48x48)
2025-11-23 14:49:59,857 DEBUG micropolis.graphics_setup: [load_xpm_surface] Attempting to load: obj4-0.xpm
2025-11-23 14:49:59,858 DEBUG micropolis.graphics_setup: [get_resource_path] Looking for asset: filename='obj4-0.xpm', category=images, normalized='obj4-0.xpm'
2025-11-23 14:49:59,859 DEBUG micropolis.graphics_setup: [get_resource_path] Added image path variant: images/obj4-0.xpm
2025-11-23 14:49:59,860 DEBUG micropolis.graphics_setup: [get_resource_path] Trying candidate: 'obj4-0.xpm'
2025-11-23 14:49:59,861 INFO micropolis.graphics_setup: [get_resource_path] ✓ Resolved 'obj4-0.xpm' → 'C:\Users\cyrex\files\projects\micropolis\assets\images\obj4-0.png'
2025-11-23 14:49:59,862 DEBUG micropolis.graphics_setup: [load_xpm_surface] Resolved path: C:\Users\cyrex\files\projects\micropolis\assets\images\obj4-0.png
2025-11-23 14:49:59,863 INFO micropolis.graphics_setup: [load_xpm_surface] ✓ Successfully loaded obj4-0.xpm (48x48)
2025-11-23 14:49:59,864 DEBUG micropolis.graphics_setup: [load_xpm_surface] Attempting to load: obj4-1.xpm
2025-11-23 14:49:59,865 DEBUG micropolis.graphics_setup: [get_resource_path] Looking for asset: filename='obj4-1.xpm', category=images, normalized='obj4-1.xpm'
2025-11-23 14:49:59,866 DEBUG micropolis.graphics_setup: [get_resource_path] Added image path variant: images/obj4-1.xpm
2025-11-23 14:49:59,867 DEBUG micropolis.graphics_setup: [get_resource_path] Trying candidate: 'obj4-1.xpm'
2025-11-23 14:49:59,868 INFO micropolis.graphics_setup: [get_resource_path] ✓ Resolved 'obj4-1.xpm' → 'C:\Users\cyrex\files\projects\micropolis\assets\images\obj4-1.png'
2025-11-23 14:49:59,869 DEBUG micropolis.graphics_setup: [load_xpm_surface] Resolved path: C:\Users\cyrex\files\projects\micropolis\assets\images\obj4-1.png
2025-11-23 14:49:59,871 INFO micropolis.graphics_setup: [load_xpm_surface] ✓ Successfully loaded obj4-1.xpm (48x48)
2025-11-23 14:49:59,872 DEBUG micropolis.graphics_setup: [load_xpm_surface] Attempting to load: obj4-2.xpm
2025-11-23 14:49:59,873 DEBUG micropolis.graphics_setup: [get_resource_path] Looking for asset: filename='obj4-2.xpm', category=images, normalized='obj4-2.xpm'
2025-11-23 14:49:59,874 DEBUG micropolis.graphics_setup: [get_resource_path] Added image path variant: images/obj4-2.xpm
2025-11-23 14:49:59,875 DEBUG micropolis.graphics_setup: [get_resource_path] Trying candidate: 'obj4-2.xpm'
2025-11-23 14:49:59,876 INFO micropolis.graphics_setup: [get_resource_path] ✓ Resolved 'obj4-2.xpm' → 'C:\Users\cyrex\files\projects\micropolis\assets\images\obj4-2.png'
2025-11-23 14:49:59,877 DEBUG micropolis.graphics_setup: [load_xpm_surface] Resolved path: C:\Users\cyrex\files\projects\micropolis\assets\images\obj4-2.png
2025-11-23 14:49:59,878 INFO micropolis.graphics_setup: [load_xpm_surface] ✓ Successfully loaded obj4-2.xpm (48x48)
2025-11-23 14:49:59,879 DEBUG micropolis.graphics_setup: [load_xpm_surface] Attempting to load: obj4-3.xpm
2025-11-23 14:49:59,880 DEBUG micropolis.graphics_setup: [get_resource_path] Looking for asset: filename='obj4-3.xpm', category=images, normalized='obj4-3.xpm'
2025-11-23 14:49:59,882 DEBUG micropolis.graphics_setup: [get_resource_path] Added image path variant: images/obj4-3.xpm
2025-11-23 14:49:59,883 DEBUG micropolis.graphics_setup: [get_resource_path] Trying candidate: 'obj4-3.xpm'
2025-11-23 14:49:59,884 INFO micropolis.graphics_setup: [get_resource_path] ✓ Resolved 'obj4-3.xpm' → 'C:\Users\cyrex\files\projects\micropolis\assets\images\obj4-3.png'
2025-11-23 14:49:59,886 DEBUG micropolis.graphics_setup: [load_xpm_surface] Resolved path: C:\Users\cyrex\files\projects\micropolis\assets\images\obj4-3.png
2025-11-23 14:49:59,887 INFO micropolis.graphics_setup: [load_xpm_surface] ✓ Successfully loaded obj4-3.xpm (48x48)
2025-11-23 14:49:59,888 DEBUG micropolis.graphics_setup: [load_xpm_surface] Attempting to load: obj4-4.xpm
2025-11-23 14:49:59,889 DEBUG micropolis.graphics_setup: [get_resource_path] Looking for asset: filename='obj4-4.xpm', category=images, normalized='obj4-4.xpm'
2025-11-23 14:49:59,890 DEBUG micropolis.graphics_setup: [get_resource_path] Added image path variant: images/obj4-4.xpm
2025-11-23 14:49:59,890 DEBUG micropolis.graphics_setup: [get_resource_path] Trying candidate: 'obj4-4.xpm'
2025-11-23 14:49:59,892 INFO micropolis.graphics_setup: [get_resource_path] ✓ Resolved 'obj4-4.xpm' → 'C:\Users\cyrex\files\projects\micropolis\assets\images\obj4-4.png'
2025-11-23 14:49:59,893 DEBUG micropolis.graphics_setup: [load_xpm_surface] Resolved path: C:\Users\cyrex\files\projects\micropolis\assets\images\obj4-4.png
2025-11-23 14:49:59,894 INFO micropolis.graphics_setup: [load_xpm_surface] ✓ Successfully loaded obj4-4.xpm (48x48)
2025-11-23 14:49:59,895 DEBUG micropolis.graphics_setup: [load_xpm_surface] Attempting to load: obj4-5.xpm
2025-11-23 14:49:59,896 DEBUG micropolis.graphics_setup: [get_resource_path] Looking for asset: filename='obj4-5.xpm', category=images, normalized='obj4-5.xpm'
2025-11-23 14:49:59,897 DEBUG micropolis.graphics_setup: [get_resource_path] Added image path variant: images/obj4-5.xpm
2025-11-23 14:49:59,898 DEBUG micropolis.graphics_setup: [get_resource_path] Trying candidate: 'obj4-5.xpm'
2025-11-23 14:49:59,899 INFO micropolis.graphics_setup: [get_resource_path] ✓ Resolved 'obj4-5.xpm' → 'C:\Users\cyrex\files\projects\micropolis\assets\images\obj4-5.png'
2025-11-23 14:49:59,900 DEBUG micropolis.graphics_setup: [load_xpm_surface] Resolved path: C:\Users\cyrex\files\projects\micropolis\assets\images\obj4-5.png
2025-11-23 14:49:59,902 INFO micropolis.graphics_setup: [load_xpm_surface] ✓ Successfully loaded obj4-5.xpm (48x48)
2025-11-23 14:49:59,903 DEBUG micropolis.graphics_setup: [load_xpm_surface] Attempting to load: obj4-6.xpm
2025-11-23 14:49:59,904 DEBUG micropolis.graphics_setup: [get_resource_path] Looking for asset: filename='obj4-6.xpm', category=images, normalized='obj4-6.xpm'
2025-11-23 14:49:59,905 DEBUG micropolis.graphics_setup: [get_resource_path] Added image path variant: images/obj4-6.xpm
2025-11-23 14:49:59,906 DEBUG micropolis.graphics_setup: [get_resource_path] Trying candidate: 'obj4-6.xpm'
2025-11-23 14:49:59,907 INFO micropolis.graphics_setup: [get_resource_path] ✓ Resolved 'obj4-6.xpm' → 'C:\Users\cyrex\files\projects\micropolis\assets\images\obj4-6.png'
2025-11-23 14:49:59,908 DEBUG micropolis.graphics_setup: [load_xpm_surface] Resolved path: C:\Users\cyrex\files\projects\micropolis\assets\images\obj4-6.png
2025-11-23 14:49:59,909 INFO micropolis.graphics_setup: [load_xpm_surface] ✓ Successfully loaded obj4-6.xpm (48x48)
2025-11-23 14:49:59,910 DEBUG micropolis.graphics_setup: [load_xpm_surface] Attempting to load: obj4-7.xpm
2025-11-23 14:49:59,911 DEBUG micropolis.graphics_setup: [get_resource_path] Looking for asset: filename='obj4-7.xpm', category=images, normalized='obj4-7.xpm'
2025-11-23 14:49:59,912 DEBUG micropolis.graphics_setup: [get_resource_path] Added image path variant: images/obj4-7.xpm
2025-11-23 14:49:59,912 DEBUG micropolis.graphics_setup: [get_resource_path] Trying candidate: 'obj4-7.xpm'
2025-11-23 14:49:59,913 INFO micropolis.graphics_setup: [get_resource_path] ✓ Resolved 'obj4-7.xpm' → 'C:\Users\cyrex\files\projects\micropolis\assets\images\obj4-7.png'
2025-11-23 14:49:59,914 DEBUG micropolis.graphics_setup: [load_xpm_surface] Resolved path: C:\Users\cyrex\files\projects\micropolis\assets\images\obj4-7.png
2025-11-23 14:49:59,916 INFO micropolis.graphics_setup: [load_xpm_surface] ✓ Successfully loaded obj4-7.xpm (48x48)
2025-11-23 14:49:59,917 DEBUG micropolis.graphics_setup: [load_xpm_surface] Attempting to load: obj5-0.xpm
2025-11-23 14:49:59,918 DEBUG micropolis.graphics_setup: [get_resource_path] Looking for asset: filename='obj5-0.xpm', category=images, normalized='obj5-0.xpm'
2025-11-23 14:49:59,919 DEBUG micropolis.graphics_setup: [get_resource_path] Added image path variant: images/obj5-0.xpm
2025-11-23 14:49:59,920 DEBUG micropolis.graphics_setup: [get_resource_path] Trying candidate: 'obj5-0.xpm'
2025-11-23 14:49:59,921 INFO micropolis.graphics_setup: [get_resource_path] ✓ Resolved 'obj5-0.xpm' → 'C:\Users\cyrex\files\projects\micropolis\assets\images\obj5-0.png'
2025-11-23 14:49:59,922 DEBUG micropolis.graphics_setup: [load_xpm_surface] Resolved path: C:\Users\cyrex\files\projects\micropolis\assets\images\obj5-0.png
2025-11-23 14:49:59,923 INFO micropolis.graphics_setup: [load_xpm_surface] ✓ Successfully loaded obj5-0.xpm (48x48)
2025-11-23 14:49:59,924 DEBUG micropolis.graphics_setup: [load_xpm_surface] Attempting to load: obj5-1.xpm
2025-11-23 14:49:59,925 DEBUG micropolis.graphics_setup: [get_resource_path] Looking for asset: filename='obj5-1.xpm', category=images, normalized='obj5-1.xpm'
2025-11-23 14:49:59,927 DEBUG micropolis.graphics_setup: [get_resource_path] Added image path variant: images/obj5-1.xpm
2025-11-23 14:49:59,928 DEBUG micropolis.graphics_setup: [get_resource_path] Trying candidate: 'obj5-1.xpm'
2025-11-23 14:49:59,929 INFO micropolis.graphics_setup: [get_resource_path] ✓ Resolved 'obj5-1.xpm' → 'C:\Users\cyrex\files\projects\micropolis\assets\images\obj5-1.png'
2025-11-23 14:49:59,930 DEBUG micropolis.graphics_setup: [load_xpm_surface] Resolved path: C:\Users\cyrex\files\projects\micropolis\assets\images\obj5-1.png
2025-11-23 14:49:59,931 INFO micropolis.graphics_setup: [load_xpm_surface] ✓ Successfully loaded obj5-1.xpm (48x48)
2025-11-23 14:49:59,932 DEBUG micropolis.graphics_setup: [load_xpm_surface] Attempting to load: obj5-2.xpm
2025-11-23 14:49:59,933 DEBUG micropolis.graphics_setup: [get_resource_path] Looking for asset: filename='obj5-2.xpm', category=images, normalized='obj5-2.xpm'
2025-11-23 14:49:59,935 DEBUG micropolis.graphics_setup: [get_resource_path] Added image path variant: images/obj5-2.xpm
2025-11-23 14:49:59,936 DEBUG micropolis.graphics_setup: [get_resource_path] Trying candidate: 'obj5-2.xpm'
2025-11-23 14:49:59,937 INFO micropolis.graphics_setup: [get_resource_path] ✓ Resolved 'obj5-2.xpm' → 'C:\Users\cyrex\files\projects\micropolis\assets\images\obj5-2.png'
2025-11-23 14:49:59,938 DEBUG micropolis.graphics_setup: [load_xpm_surface] Resolved path: C:\Users\cyrex\files\projects\micropolis\assets\images\obj5-2.png
2025-11-23 14:49:59,939 INFO micropolis.graphics_setup: [load_xpm_surface] ✓ Successfully loaded obj5-2.xpm (48x48)
2025-11-23 14:49:59,940 DEBUG micropolis.graphics_setup: [load_xpm_surface] Attempting to load: obj5-3.xpm
2025-11-23 14:49:59,941 DEBUG micropolis.graphics_setup: [get_resource_path] Looking for asset: filename='obj5-3.xpm', category=images, normalized='obj5-3.xpm'
2025-11-23 14:49:59,942 DEBUG micropolis.graphics_setup: [get_resource_path] Added image path variant: images/obj5-3.xpm
2025-11-23 14:49:59,943 DEBUG micropolis.graphics_setup: [get_resource_path] Trying candidate: 'obj5-3.xpm'
2025-11-23 14:49:59,944 INFO micropolis.graphics_setup: [get_resource_path] ✓ Resolved 'obj5-3.xpm' → 'C:\Users\cyrex\files\projects\micropolis\assets\images\obj5-3.png'
2025-11-23 14:49:59,945 DEBUG micropolis.graphics_setup: [load_xpm_surface] Resolved path: C:\Users\cyrex\files\projects\micropolis\assets\images\obj5-3.png
2025-11-23 14:49:59,947 INFO micropolis.graphics_setup: [load_xpm_surface] ✓ Successfully loaded obj5-3.xpm (48x48)
2025-11-23 14:49:59,948 DEBUG micropolis.graphics_setup: [load_xpm_surface] Attempting to load: obj5-4.xpm
2025-11-23 14:49:59,948 DEBUG micropolis.graphics_setup: [get_resource_path] Looking for asset: filename='obj5-4.xpm', category=images, normalized='obj5-4.xpm'
2025-11-23 14:49:59,949 DEBUG micropolis.graphics_setup: [get_resource_path] Added image path variant: images/obj5-4.xpm
2025-11-23 14:49:59,950 DEBUG micropolis.graphics_setup: [get_resource_path] Trying candidate: 'obj5-4.xpm'
2025-11-23 14:49:59,951 INFO micropolis.graphics_setup: [get_resource_path] ✓ Resolved 'obj5-4.xpm' → 'C:\Users\cyrex\files\projects\micropolis\assets\images\obj5-4.png'
2025-11-23 14:49:59,952 DEBUG micropolis.graphics_setup: [load_xpm_surface] Resolved path: C:\Users\cyrex\files\projects\micropolis\assets\images\obj5-4.png
2025-11-23 14:49:59,954 INFO micropolis.graphics_setup: [load_xpm_surface] ✓ Successfully loaded obj5-4.xpm (48x48)
2025-11-23 14:49:59,955 DEBUG micropolis.graphics_setup: [load_xpm_surface] Attempting to load: obj5-5.xpm
2025-11-23 14:49:59,956 DEBUG micropolis.graphics_setup: [get_resource_path] Looking for asset: filename='obj5-5.xpm', category=images, normalized='obj5-5.xpm'
2025-11-23 14:49:59,957 DEBUG micropolis.graphics_setup: [get_resource_path] Added image path variant: images/obj5-5.xpm
2025-11-23 14:49:59,958 DEBUG micropolis.graphics_setup: [get_resource_path] Trying candidate: 'obj5-5.xpm'
2025-11-23 14:49:59,959 INFO micropolis.graphics_setup: [get_resource_path] ✓ Resolved 'obj5-5.xpm' → 'C:\Users\cyrex\files\projects\micropolis\assets\images\obj5-5.png'
2025-11-23 14:49:59,960 DEBUG micropolis.graphics_setup: [load_xpm_surface] Resolved path: C:\Users\cyrex\files\projects\micropolis\assets\images\obj5-5.png
2025-11-23 14:49:59,961 INFO micropolis.graphics_setup: [load_xpm_surface] ✓ Successfully loaded obj5-5.xpm (48x48)
2025-11-23 14:49:59,963 DEBUG micropolis.graphics_setup: [load_xpm_surface] Attempting to load: obj5-6.xpm
2025-11-23 14:49:59,965 DEBUG micropolis.graphics_setup: [get_resource_path] Looking for asset: filename='obj5-6.xpm', category=images, normalized='obj5-6.xpm'
2025-11-23 14:49:59,967 DEBUG micropolis.graphics_setup: [get_resource_path] Added image path variant: images/obj5-6.xpm
2025-11-23 14:49:59,968 DEBUG micropolis.graphics_setup: [get_resource_path] Trying candidate: 'obj5-6.xpm'
2025-11-23 14:49:59,969 INFO micropolis.graphics_setup: [get_resource_path] ✓ Resolved 'obj5-6.xpm' → 'C:\Users\cyrex\files\projects\micropolis\assets\images\obj5-6.png'
2025-11-23 14:49:59,970 DEBUG micropolis.graphics_setup: [load_xpm_surface] Resolved path: C:\Users\cyrex\files\projects\micropolis\assets\images\obj5-6.png
2025-11-23 14:49:59,972 INFO micropolis.graphics_setup: [load_xpm_surface] ✓ Successfully loaded obj5-6.xpm (48x48)
2025-11-23 14:49:59,973 DEBUG micropolis.graphics_setup: [load_xpm_surface] Attempting to load: obj5-7.xpm
2025-11-23 14:49:59,974 DEBUG micropolis.graphics_setup: [get_resource_path] Looking for asset: filename='obj5-7.xpm', category=images, normalized='obj5-7.xpm'
2025-11-23 14:49:59,974 DEBUG micropolis.graphics_setup: [get_resource_path] Added image path variant: images/obj5-7.xpm
2025-11-23 14:49:59,975 DEBUG micropolis.graphics_setup: [get_resource_path] Trying candidate: 'obj5-7.xpm'
2025-11-23 14:49:59,976 INFO micropolis.graphics_setup: [get_resource_path] ✓ Resolved 'obj5-7.xpm' → 'C:\Users\cyrex\files\projects\micropolis\assets\images\obj5-7.png'
2025-11-23 14:49:59,977 DEBUG micropolis.graphics_setup: [load_xpm_surface] Resolved path: C:\Users\cyrex\files\projects\micropolis\assets\images\obj5-7.png
2025-11-23 14:49:59,978 INFO micropolis.graphics_setup: [load_xpm_surface] ✓ Successfully loaded obj5-7.xpm (48x48)
2025-11-23 14:49:59,979 DEBUG micropolis.graphics_setup: [load_xpm_surface] Attempting to load: obj5-8.xpm
2025-11-23 14:49:59,980 DEBUG micropolis.graphics_setup: [get_resource_path] Looking for asset: filename='obj5-8.xpm', category=images, normalized='obj5-8.xpm'
2025-11-23 14:49:59,981 DEBUG micropolis.graphics_setup: [get_resource_path] Added image path variant: images/obj5-8.xpm
2025-11-23 14:49:59,982 DEBUG micropolis.graphics_setup: [get_resource_path] Trying candidate: 'obj5-8.xpm'
2025-11-23 14:49:59,983 INFO micropolis.graphics_setup: [get_resource_path] ✓ Resolved 'obj5-8.xpm' → 'C:\Users\cyrex\files\projects\micropolis\assets\images\obj5-8.png'
2025-11-23 14:49:59,984 DEBUG micropolis.graphics_setup: [load_xpm_surface] Resolved path: C:\Users\cyrex\files\projects\micropolis\assets\images\obj5-8.png
2025-11-23 14:49:59,985 INFO micropolis.graphics_setup: [load_xpm_surface] ✓ Successfully loaded obj5-8.xpm (48x48)
2025-11-23 14:49:59,986 DEBUG micropolis.graphics_setup: [load_xpm_surface] Attempting to load: obj5-9.xpm
2025-11-23 14:49:59,987 DEBUG micropolis.graphics_setup: [get_resource_path] Looking for asset: filename='obj5-9.xpm', category=images, normalized='obj5-9.xpm'
2025-11-23 14:49:59,988 DEBUG micropolis.graphics_setup: [get_resource_path] Added image path variant: images/obj5-9.xpm
2025-11-23 14:49:59,990 DEBUG micropolis.graphics_setup: [get_resource_path] Trying candidate: 'obj5-9.xpm'
2025-11-23 14:49:59,991 INFO micropolis.graphics_setup: [get_resource_path] ✓ Resolved 'obj5-9.xpm' → 'C:\Users\cyrex\files\projects\micropolis\assets\images\obj5-9.png'
2025-11-23 14:49:59,992 DEBUG micropolis.graphics_setup: [load_xpm_surface] Resolved path: C:\Users\cyrex\files\projects\micropolis\assets\images\obj5-9.png
2025-11-23 14:49:59,993 INFO micropolis.graphics_setup: [load_xpm_surface] ✓ Successfully loaded obj5-9.xpm (48x48)
2025-11-23 14:49:59,994 DEBUG micropolis.graphics_setup: [load_xpm_surface] Attempting to load: obj5-10.xpm
2025-11-23 14:49:59,995 DEBUG micropolis.graphics_setup: [get_resource_path] Looking for asset: filename='obj5-10.xpm', category=images, normalized='obj5-10.xpm'
2025-11-23 14:49:59,996 DEBUG micropolis.graphics_setup: [get_resource_path] Added image path variant: images/obj5-10.xpm
2025-11-23 14:49:59,997 DEBUG micropolis.graphics_setup: [get_resource_path] Trying candidate: 'obj5-10.xpm'
2025-11-23 14:49:59,998 INFO micropolis.graphics_setup: [get_resource_path] ✓ Resolved 'obj5-10.xpm' → 'C:\Users\cyrex\files\projects\micropolis\assets\images\obj5-10.png'
2025-11-23 14:49:59,999 DEBUG micropolis.graphics_setup: [load_xpm_surface] Resolved path: C:\Users\cyrex\files\projects\micropolis\assets\images\obj5-10.png
2025-11-23 14:50:00,000 INFO micropolis.graphics_setup: [load_xpm_surface] ✓ Successfully loaded obj5-10.xpm (48x48)
2025-11-23 14:50:00,001 DEBUG micropolis.graphics_setup: [load_xpm_surface] Attempting to load: obj5-11.xpm
2025-11-23 14:50:00,002 DEBUG micropolis.graphics_setup: [get_resource_path] Looking for asset: filename='obj5-11.xpm', category=images, normalized='obj5-11.xpm'
2025-11-23 14:50:00,004 DEBUG micropolis.graphics_setup: [get_resource_path] Added image path variant: images/obj5-11.xpm
2025-11-23 14:50:00,004 DEBUG micropolis.graphics_setup: [get_resource_path] Trying candidate: 'obj5-11.xpm'
2025-11-23 14:50:00,006 INFO micropolis.graphics_setup: [get_resource_path] ✓ Resolved 'obj5-11.xpm' → 'C:\Users\cyrex\files\projects\micropolis\assets\images\obj5-11.png'
2025-11-23 14:50:00,007 DEBUG micropolis.graphics_setup: [load_xpm_surface] Resolved path: C:\Users\cyrex\files\projects\micropolis\assets\images\obj5-11.png
2025-11-23 14:50:00,008 INFO micropolis.graphics_setup: [load_xpm_surface] ✓ Successfully loaded obj5-11.xpm (48x48)
2025-11-23 14:50:00,009 DEBUG micropolis.graphics_setup: [load_xpm_surface] Attempting to load: obj5-12.xpm
2025-11-23 14:50:00,010 DEBUG micropolis.graphics_setup: [get_resource_path] Looking for asset: filename='obj5-12.xpm', category=images, normalized='obj5-12.xpm'
2025-11-23 14:50:00,011 DEBUG micropolis.graphics_setup: [get_resource_path] Added image path variant: images/obj5-12.xpm
2025-11-23 14:50:00,012 DEBUG micropolis.graphics_setup: [get_resource_path] Trying candidate: 'obj5-12.xpm'
2025-11-23 14:50:00,013 INFO micropolis.graphics_setup: [get_resource_path] ✓ Resolved 'obj5-12.xpm' → 'C:\Users\cyrex\files\projects\micropolis\assets\images\obj5-12.png'
2025-11-23 14:50:00,014 DEBUG micropolis.graphics_setup: [load_xpm_surface] Resolved path: C:\Users\cyrex\files\projects\micropolis\assets\images\obj5-12.png
2025-11-23 14:50:00,016 INFO micropolis.graphics_setup: [load_xpm_surface] ✓ Successfully loaded obj5-12.xpm (48x48)
2025-11-23 14:50:00,018 DEBUG micropolis.graphics_setup: [load_xpm_surface] Attempting to load: obj5-13.xpm
2025-11-23 14:50:00,019 DEBUG micropolis.graphics_setup: [get_resource_path] Looking for asset: filename='obj5-13.xpm', category=images, normalized='obj5-13.xpm'
2025-11-23 14:50:00,020 DEBUG micropolis.graphics_setup: [get_resource_path] Added image path variant: images/obj5-13.xpm
2025-11-23 14:50:00,021 DEBUG micropolis.graphics_setup: [get_resource_path] Trying candidate: 'obj5-13.xpm'
2025-11-23 14:50:00,022 INFO micropolis.graphics_setup: [get_resource_path] ✓ Resolved 'obj5-13.xpm' → 'C:\Users\cyrex\files\projects\micropolis\assets\images\obj5-13.png'
2025-11-23 14:50:00,023 DEBUG micropolis.graphics_setup: [load_xpm_surface] Resolved path: C:\Users\cyrex\files\projects\micropolis\assets\images\obj5-13.png
2025-11-23 14:50:00,024 INFO micropolis.graphics_setup: [load_xpm_surface] ✓ Successfully loaded obj5-13.xpm (48x48)
2025-11-23 14:50:00,025 DEBUG micropolis.graphics_setup: [load_xpm_surface] Attempting to load: obj5-14.xpm
2025-11-23 14:50:00,026 DEBUG micropolis.graphics_setup: [get_resource_path] Looking for asset: filename='obj5-14.xpm', category=images, normalized='obj5-14.xpm'
2025-11-23 14:50:00,027 DEBUG micropolis.graphics_setup: [get_resource_path] Added image path variant: images/obj5-14.xpm
2025-11-23 14:50:00,028 DEBUG micropolis.graphics_setup: [get_resource_path] Trying candidate: 'obj5-14.xpm'
2025-11-23 14:50:00,030 INFO micropolis.graphics_setup: [get_resource_path] ✓ Resolved 'obj5-14.xpm' → 'C:\Users\cyrex\files\projects\micropolis\assets\images\obj5-14.png'
2025-11-23 14:50:00,031 DEBUG micropolis.graphics_setup: [load_xpm_surface] Resolved path: C:\Users\cyrex\files\projects\micropolis\assets\images\obj5-14.png
2025-11-23 14:50:00,032 INFO micropolis.graphics_setup: [load_xpm_surface] ✓ Successfully loaded obj5-14.xpm (48x48)
2025-11-23 14:50:00,033 DEBUG micropolis.graphics_setup: [load_xpm_surface] Attempting to load: obj5-15.xpm
2025-11-23 14:50:00,034 DEBUG micropolis.graphics_setup: [get_resource_path] Looking for asset: filename='obj5-15.xpm', category=images, normalized='obj5-15.xpm'
2025-11-23 14:50:00,034 DEBUG micropolis.graphics_setup: [get_resource_path] Added image path variant: images/obj5-15.xpm
2025-11-23 14:50:00,035 DEBUG micropolis.graphics_setup: [get_resource_path] Trying candidate: 'obj5-15.xpm'
2025-11-23 14:50:00,036 INFO micropolis.graphics_setup: [get_resource_path] ✓ Resolved 'obj5-15.xpm' → 'C:\Users\cyrex\files\projects\micropolis\assets\images\obj5-15.png'
2025-11-23 14:50:00,037 DEBUG micropolis.graphics_setup: [load_xpm_surface] Resolved path: C:\Users\cyrex\files\projects\micropolis\assets\images\obj5-15.png
2025-11-23 14:50:00,039 INFO micropolis.graphics_setup: [load_xpm_surface] ✓ Successfully loaded obj5-15.xpm (48x48)
2025-11-23 14:50:00,039 DEBUG micropolis.graphics_setup: [load_xpm_surface] Attempting to load: obj6-0.xpm
2025-11-23 14:50:00,040 DEBUG micropolis.graphics_setup: [get_resource_path] Looking for asset: filename='obj6-0.xpm', category=images, normalized='obj6-0.xpm'
2025-11-23 14:50:00,041 DEBUG micropolis.graphics_setup: [get_resource_path] Added image path variant: images/obj6-0.xpm
2025-11-23 14:50:00,042 DEBUG micropolis.graphics_setup: [get_resource_path] Trying candidate: 'obj6-0.xpm'
2025-11-23 14:50:00,044 INFO micropolis.graphics_setup: [get_resource_path] ✓ Resolved 'obj6-0.xpm' → 'C:\Users\cyrex\files\projects\micropolis\assets\images\obj6-0.png'
2025-11-23 14:50:00,045 DEBUG micropolis.graphics_setup: [load_xpm_surface] Resolved path: C:\Users\cyrex\files\projects\micropolis\assets\images\obj6-0.png
2025-11-23 14:50:00,046 INFO micropolis.graphics_setup: [load_xpm_surface] ✓ Successfully loaded obj6-0.xpm (48x48)
2025-11-23 14:50:00,047 DEBUG micropolis.graphics_setup: [load_xpm_surface] Attempting to load: obj6-1.xpm
2025-11-23 14:50:00,048 DEBUG micropolis.graphics_setup: [get_resource_path] Looking for asset: filename='obj6-1.xpm', category=images, normalized='obj6-1.xpm'
2025-11-23 14:50:00,048 DEBUG micropolis.graphics_setup: [get_resource_path] Added image path variant: images/obj6-1.xpm
2025-11-23 14:50:00,049 DEBUG micropolis.graphics_setup: [get_resource_path] Trying candidate: 'obj6-1.xpm'
2025-11-23 14:50:00,051 INFO micropolis.graphics_setup: [get_resource_path] ✓ Resolved 'obj6-1.xpm' → 'C:\Users\cyrex\files\projects\micropolis\assets\images\obj6-1.png'
2025-11-23 14:50:00,052 DEBUG micropolis.graphics_setup: [load_xpm_surface] Resolved path: C:\Users\cyrex\files\projects\micropolis\assets\images\obj6-1.png
2025-11-23 14:50:00,053 INFO micropolis.graphics_setup: [load_xpm_surface] ✓ Successfully loaded obj6-1.xpm (48x48)
2025-11-23 14:50:00,055 DEBUG micropolis.graphics_setup: [load_xpm_surface] Attempting to load: obj6-2.xpm
2025-11-23 14:50:00,056 DEBUG micropolis.graphics_setup: [get_resource_path] Looking for asset: filename='obj6-2.xpm', category=images, normalized='obj6-2.xpm'
2025-11-23 14:50:00,057 DEBUG micropolis.graphics_setup: [get_resource_path] Added image path variant: images/obj6-2.xpm
2025-11-23 14:50:00,059 DEBUG micropolis.graphics_setup: [get_resource_path] Trying candidate: 'obj6-2.xpm'
2025-11-23 14:50:00,060 INFO micropolis.graphics_setup: [get_resource_path] ✓ Resolved 'obj6-2.xpm' → 'C:\Users\cyrex\files\projects\micropolis\assets\images\obj6-2.png'
2025-11-23 14:50:00,061 DEBUG micropolis.graphics_setup: [load_xpm_surface] Resolved path: C:\Users\cyrex\files\projects\micropolis\assets\images\obj6-2.png
2025-11-23 14:50:00,063 INFO micropolis.graphics_setup: [load_xpm_surface] ✓ Successfully loaded obj6-2.xpm (48x48)
2025-11-23 14:50:00,064 DEBUG micropolis.graphics_setup: [load_xpm_surface] Attempting to load: obj7-0.xpm
2025-11-23 14:50:00,065 DEBUG micropolis.graphics_setup: [get_resource_path] Looking for asset: filename='obj7-0.xpm', category=images, normalized='obj7-0.xpm'
2025-11-23 14:50:00,066 DEBUG micropolis.graphics_setup: [get_resource_path] Added image path variant: images/obj7-0.xpm
2025-11-23 14:50:00,067 DEBUG micropolis.graphics_setup: [get_resource_path] Trying candidate: 'obj7-0.xpm'
2025-11-23 14:50:00,069 INFO micropolis.graphics_setup: [get_resource_path] ✓ Resolved 'obj7-0.xpm' → 'C:\Users\cyrex\files\projects\micropolis\assets\images\obj7-0.png'
2025-11-23 14:50:00,070 DEBUG micropolis.graphics_setup: [load_xpm_surface] Resolved path: C:\Users\cyrex\files\projects\micropolis\assets\images\obj7-0.png
2025-11-23 14:50:00,071 INFO micropolis.graphics_setup: [load_xpm_surface] ✓ Successfully loaded obj7-0.xpm (48x48)
2025-11-23 14:50:00,073 DEBUG micropolis.graphics_setup: [load_xpm_surface] Attempting to load: obj7-1.xpm
2025-11-23 14:50:00,074 DEBUG micropolis.graphics_setup: [get_resource_path] Looking for asset: filename='obj7-1.xpm', category=images, normalized='obj7-1.xpm'
2025-11-23 14:50:00,075 DEBUG micropolis.graphics_setup: [get_resource_path] Added image path variant: images/obj7-1.xpm
2025-11-23 14:50:00,076 DEBUG micropolis.graphics_setup: [get_resource_path] Trying candidate: 'obj7-1.xpm'
2025-11-23 14:50:00,077 INFO micropolis.graphics_setup: [get_resource_path] ✓ Resolved 'obj7-1.xpm' → 'C:\Users\cyrex\files\projects\micropolis\assets\images\obj7-1.png'
2025-11-23 14:50:00,078 DEBUG micropolis.graphics_setup: [load_xpm_surface] Resolved path: C:\Users\cyrex\files\projects\micropolis\assets\images\obj7-1.png
2025-11-23 14:50:00,080 INFO micropolis.graphics_setup: [load_xpm_surface] ✓ Successfully loaded obj7-1.xpm (48x48)
2025-11-23 14:50:00,081 DEBUG micropolis.graphics_setup: [load_xpm_surface] Attempting to load: obj7-2.xpm
2025-11-23 14:50:00,082 DEBUG micropolis.graphics_setup: [get_resource_path] Looking for asset: filename='obj7-2.xpm', category=images, normalized='obj7-2.xpm'
2025-11-23 14:50:00,084 DEBUG micropolis.graphics_setup: [get_resource_path] Added image path variant: images/obj7-2.xpm
2025-11-23 14:50:00,085 DEBUG micropolis.graphics_setup: [get_resource_path] Trying candidate: 'obj7-2.xpm'
2025-11-23 14:50:00,092 INFO micropolis.graphics_setup: [get_resource_path] ✓ Resolved 'obj7-2.xpm' → 'C:\Users\cyrex\files\projects\micropolis\assets\images\obj7-2.png'
2025-11-23 14:50:00,099 DEBUG micropolis.graphics_setup: [load_xpm_surface] Resolved path: C:\Users\cyrex\files\projects\micropolis\assets\images\obj7-2.png
2025-11-23 14:50:00,110 INFO micropolis.graphics_setup: [load_xpm_surface] ✓ Successfully loaded obj7-2.xpm (48x48)
2025-11-23 14:50:00,118 DEBUG micropolis.graphics_setup: [load_xpm_surface] Attempting to load: obj7-3.xpm
2025-11-23 14:50:00,122 DEBUG micropolis.graphics_setup: [get_resource_path] Looking for asset: filename='obj7-3.xpm', category=images, normalized='obj7-3.xpm'
2025-11-23 14:50:00,128 DEBUG micropolis.graphics_setup: [get_resource_path] Added image path variant: images/obj7-3.xpm
2025-11-23 14:50:00,131 DEBUG micropolis.graphics_setup: [get_resource_path] Trying candidate: 'obj7-3.xpm'
2025-11-23 14:50:00,134 INFO micropolis.graphics_setup: [get_resource_path] ✓ Resolved 'obj7-3.xpm' → 'C:\Users\cyrex\files\projects\micropolis\assets\images\obj7-3.png'
2025-11-23 14:50:00,136 DEBUG micropolis.graphics_setup: [load_xpm_surface] Resolved path: C:\Users\cyrex\files\projects\micropolis\assets\images\obj7-3.png
2025-11-23 14:50:00,142 INFO micropolis.graphics_setup: [load_xpm_surface] ✓ Successfully loaded obj7-3.xpm (48x48)
2025-11-23 14:50:00,143 DEBUG micropolis.graphics_setup: [load_xpm_surface] Attempting to load: obj7-4.xpm
2025-11-23 14:50:00,145 DEBUG micropolis.graphics_setup: [get_resource_path] Looking for asset: filename='obj7-4.xpm', category=images, normalized='obj7-4.xpm'
2025-11-23 14:50:00,146 DEBUG micropolis.graphics_setup: [get_resource_path] Added image path variant: images/obj7-4.xpm
2025-11-23 14:50:00,147 DEBUG micropolis.graphics_setup: [get_resource_path] Trying candidate: 'obj7-4.xpm'
2025-11-23 14:50:00,148 INFO micropolis.graphics_setup: [get_resource_path] ✓ Resolved 'obj7-4.xpm' → 'C:\Users\cyrex\files\projects\micropolis\assets\images\obj7-4.png'
2025-11-23 14:50:00,149 DEBUG micropolis.graphics_setup: [load_xpm_surface] Resolved path: C:\Users\cyrex\files\projects\micropolis\assets\images\obj7-4.png
2025-11-23 14:50:00,151 INFO micropolis.graphics_setup: [load_xpm_surface] ✓ Successfully loaded obj7-4.xpm (48x48)
2025-11-23 14:50:00,152 DEBUG micropolis.graphics_setup: [load_xpm_surface] Attempting to load: obj7-5.xpm
2025-11-23 14:50:00,153 DEBUG micropolis.graphics_setup: [get_resource_path] Looking for asset: filename='obj7-5.xpm', category=images, normalized='obj7-5.xpm'
2025-11-23 14:50:00,154 DEBUG micropolis.graphics_setup: [get_resource_path] Added image path variant: images/obj7-5.xpm
2025-11-23 14:50:00,155 DEBUG micropolis.graphics_setup: [get_resource_path] Trying candidate: 'obj7-5.xpm'
2025-11-23 14:50:00,157 INFO micropolis.graphics_setup: [get_resource_path] ✓ Resolved 'obj7-5.xpm' → 'C:\Users\cyrex\files\projects\micropolis\assets\images\obj7-5.png'
2025-11-23 14:50:00,159 DEBUG micropolis.graphics_setup: [load_xpm_surface] Resolved path: C:\Users\cyrex\files\projects\micropolis\assets\images\obj7-5.png
2025-11-23 14:50:00,161 INFO micropolis.graphics_setup: [load_xpm_surface] ✓ Successfully loaded obj7-5.xpm (48x48)
2025-11-23 14:50:00,162 DEBUG micropolis.graphics_setup: [load_xpm_surface] Attempting to load: obj8-0.xpm
2025-11-23 14:50:00,164 DEBUG micropolis.graphics_setup: [get_resource_path] Looking for asset: filename='obj8-0.xpm', category=images, normalized='obj8-0.xpm'
2025-11-23 14:50:00,166 DEBUG micropolis.graphics_setup: [get_resource_path] Added image path variant: images/obj8-0.xpm
2025-11-23 14:50:00,168 DEBUG micropolis.graphics_setup: [get_resource_path] Trying candidate: 'obj8-0.xpm'
2025-11-23 14:50:00,170 INFO micropolis.graphics_setup: [get_resource_path] ✓ Resolved 'obj8-0.xpm' → 'C:\Users\cyrex\files\projects\micropolis\assets\images\obj8-0.png'
2025-11-23 14:50:00,171 DEBUG micropolis.graphics_setup: [load_xpm_surface] Resolved path: C:\Users\cyrex\files\projects\micropolis\assets\images\obj8-0.png
2025-11-23 14:50:00,172 INFO micropolis.graphics_setup: [load_xpm_surface] ✓ Successfully loaded obj8-0.xpm (32x32)
2025-11-23 14:50:00,173 DEBUG micropolis.graphics_setup: [load_xpm_surface] Attempting to load: obj8-1.xpm
2025-11-23 14:50:00,174 DEBUG micropolis.graphics_setup: [get_resource_path] Looking for asset: filename='obj8-1.xpm', category=images, normalized='obj8-1.xpm'
2025-11-23 14:50:00,175 DEBUG micropolis.graphics_setup: [get_resource_path] Added image path variant: images/obj8-1.xpm
2025-11-23 14:50:00,176 DEBUG micropolis.graphics_setup: [get_resource_path] Trying candidate: 'obj8-1.xpm'
2025-11-23 14:50:00,177 INFO micropolis.graphics_setup: [get_resource_path] ✓ Resolved 'obj8-1.xpm' → 'C:\Users\cyrex\files\projects\micropolis\assets\images\obj8-1.png'
2025-11-23 14:50:00,178 DEBUG micropolis.graphics_setup: [load_xpm_surface] Resolved path: C:\Users\cyrex\files\projects\micropolis\assets\images\obj8-1.png
2025-11-23 14:50:00,180 INFO micropolis.graphics_setup: [load_xpm_surface] ✓ Successfully loaded obj8-1.xpm (32x32)
2025-11-23 14:50:00,181 DEBUG micropolis.graphics_setup: [load_xpm_surface] Attempting to load: obj8-2.xpm
2025-11-23 14:50:00,182 DEBUG micropolis.graphics_setup: [get_resource_path] Looking for asset: filename='obj8-2.xpm', category=images, normalized='obj8-2.xpm'
2025-11-23 14:50:00,183 DEBUG micropolis.graphics_setup: [get_resource_path] Added image path variant: images/obj8-2.xpm
2025-11-23 14:50:00,184 DEBUG micropolis.graphics_setup: [get_resource_path] Trying candidate: 'obj8-2.xpm'
2025-11-23 14:50:00,185 INFO micropolis.graphics_setup: [get_resource_path] ✓ Resolved 'obj8-2.xpm' → 'C:\Users\cyrex\files\projects\micropolis\assets\images\obj8-2.png'
2025-11-23 14:50:00,186 DEBUG micropolis.graphics_setup: [load_xpm_surface] Resolved path: C:\Users\cyrex\files\projects\micropolis\assets\images\obj8-2.png
2025-11-23 14:50:00,188 INFO micropolis.graphics_setup: [load_xpm_surface] ✓ Successfully loaded obj8-2.xpm (32x32)
2025-11-23 14:50:00,189 DEBUG micropolis.graphics_setup: [load_xpm_surface] Attempting to load: obj8-3.xpm
2025-11-23 14:50:00,190 DEBUG micropolis.graphics_setup: [get_resource_path] Looking for asset: filename='obj8-3.xpm', category=images, normalized='obj8-3.xpm'
2025-11-23 14:50:00,191 DEBUG micropolis.graphics_setup: [get_resource_path] Added image path variant: images/obj8-3.xpm
2025-11-23 14:50:00,192 DEBUG micropolis.graphics_setup: [get_resource_path] Trying candidate: 'obj8-3.xpm'
2025-11-23 14:50:00,193 INFO micropolis.graphics_setup: [get_resource_path] ✓ Resolved 'obj8-3.xpm' → 'C:\Users\cyrex\files\projects\micropolis\assets\images\obj8-3.png'
2025-11-23 14:50:00,194 DEBUG micropolis.graphics_setup: [load_xpm_surface] Resolved path: C:\Users\cyrex\files\projects\micropolis\assets\images\obj8-3.png
2025-11-23 14:50:00,196 INFO micropolis.graphics_setup: [load_xpm_surface] ✓ Successfully loaded obj8-3.xpm (32x32)
2025-11-23 14:50:00,238 INFO micropolis.graphics_setup: [init_view_graphics] Initializing graphics for view: class_id=0, type=1
2025-11-23 14:50:00,239 DEBUG micropolis.graphics_setup: [init_view_graphics] View display attributes: color=1
2025-11-23 14:50:00,240 DEBUG micropolis.graphics_setup: [init_view_graphics] Calling get_view_tiles()...
2025-11-23 14:50:00,241 INFO micropolis.graphics_setup: [get_view_tiles] Loading tiles for view: class_id=0, is_editor=True, is_map=False, type=1
2025-11-23 14:50:00,242 DEBUG micropolis.graphics_setup: [get_view_tiles] Loading tiles for EDITOR view
2025-11-23 14:50:00,243 DEBUG micropolis.graphics_setup: [get_view_tiles] Editor view type: X_Mem_View
2025-11-23 14:50:00,244 INFO micropolis.graphics_setup: [get_view_tiles] Loading big tile image: tiles.png
2025-11-23 14:50:00,245 DEBUG micropolis.graphics_setup: [load_xpm_surface] Attempting to load: tiles.png
2025-11-23 14:50:00,245 DEBUG micropolis.graphics_setup: [get_resource_path] Looking for asset: filename='tiles.png', category=images, normalized='tiles.png'
2025-11-23 14:50:00,246 DEBUG micropolis.graphics_setup: [get_resource_path] Added image path variant: images/tiles.png
2025-11-23 14:50:00,247 DEBUG micropolis.graphics_setup: [get_resource_path] Trying candidate: 'tiles.png'
2025-11-23 14:50:00,248 INFO micropolis.graphics_setup: [get_resource_path] ✓ Resolved 'tiles.png' → 'C:\Users\cyrex\files\projects\micropolis\assets\images\tiles.png'
2025-11-23 14:50:00,249 DEBUG micropolis.graphics_setup: [load_xpm_surface] Resolved path: C:\Users\cyrex\files\projects\micropolis\assets\images\tiles.png
2025-11-23 14:50:00,254 INFO micropolis.graphics_setup: [load_xpm_surface] ✓ Successfully loaded tiles.png (16x15360)
2025-11-23 14:50:00,255 INFO micropolis.graphics_setup: [get_view_tiles] ✓ Loaded big tile image: 16x15360
2025-11-23 14:50:00,256 DEBUG micropolis.graphics_setup: [get_view_tiles] Set view.bigtiles from big_tile_image
2025-11-23 14:50:00,257 INFO micropolis.graphics_setup: [init_view_graphics] ✓ Graphics initialized: bigtiles=True, smalltiles=False
2025-11-23 14:50:00,258 DEBUG micropolis.engine: Editor view tile cache initialized: bigtiles=present
2025-11-23 14:50:00,259 DEBUG micropolis.engine: Created surface for view: 360x300 (class_id=1)
2025-11-23 14:50:00,260 INFO micropolis.graphics_setup: [init_view_graphics] Initializing graphics for view: class_id=1, type=1
2025-11-23 14:50:00,261 DEBUG micropolis.graphics_setup: [init_view_graphics] View display attributes: color=1
2025-11-23 14:50:00,262 DEBUG micropolis.graphics_setup: [init_view_graphics] Calling get_view_tiles()...
2025-11-23 14:50:00,263 INFO micropolis.graphics_setup: [get_view_tiles] Loading tiles for view: class_id=1, is_editor=False, is_map=True, type=1
2025-11-23 14:50:00,264 DEBUG micropolis.graphics_setup: [get_view_tiles] Loading tiles for MAP view
2025-11-23 14:50:00,265 INFO micropolis.graphics_setup: [get_view_tiles] Loading small tile image: tilessm.png
2025-11-23 14:50:00,266 DEBUG micropolis.graphics_setup: [load_xpm_surface] Attempting to load: tilessm.png
2025-11-23 14:50:00,267 DEBUG micropolis.graphics_setup: [get_resource_path] Looking for asset: filename='tilessm.png', category=images, normalized='tilessm.png'
2025-11-23 14:50:00,268 DEBUG micropolis.graphics_setup: [get_resource_path] Added image path variant: images/tilessm.png
2025-11-23 14:50:00,269 DEBUG micropolis.graphics_setup: [get_resource_path] Trying candidate: 'tilessm.png'
2025-11-23 14:50:00,271 INFO micropolis.graphics_setup: [get_resource_path] ✓ Resolved 'tilessm.png' → 'C:\Users\cyrex\files\projects\micropolis\assets\images\tilessm.png'
2025-11-23 14:50:00,272 DEBUG micropolis.graphics_setup: [load_xpm_surface] Resolved path: C:\Users\cyrex\files\projects\micropolis\assets\images\tilessm.png
2025-11-23 14:50:00,273 INFO micropolis.graphics_setup: [load_xpm_surface] ✓ Successfully loaded tilessm.png (4x2880)
2025-11-23 14:50:00,274 INFO micropolis.graphics_setup: [get_view_tiles] ✓ Loaded small tile image: 4x2880
2025-11-23 14:50:00,276 DEBUG micropolis.graphics_setup: [get_view_tiles] Converting small tiles to 4x4 format
2025-11-23 14:50:00,284 INFO micropolis.graphics_setup: [get_view_tiles] ✓ Converted 960 small tiles to 4x4 format (61440 bytes)
2025-11-23 14:50:00,286 INFO micropolis.graphics_setup: [init_view_graphics] ✓ Graphics initialized: bigtiles=False, smalltiles=True
2025-11-23 14:50:00,287 DEBUG micropolis.engine: Map view tile cache initialized: smalltiles=present
2025-11-23 14:50:00,289 INFO micropolis.engine: All view surfaces initialized successfully
2025-11-23 14:50:00,293 INFO micropolis.engine: Editor panel created and registered successfully
2025-11-23 14:50:00,294 INFO micropolis.engine: Tool palette panel created and registered successfully
2025-11-23 14:50:00,295 INFO micropolis.engine: Head panel created and registered successfully
2025-11-23 14:50:00,309 INFO micropolis.engine: Pygame window initialized. Press Ctrl+C to exit
2025-11-23 14:52:28,046 INFO micropolis.engine: Quit event received
2025-11-23 14:52:28,154 INFO micropolis.engine: Stopping Micropolis...
2025-11-23 14:52:28,304 DEBUG micropolis.engine: Stopped all pygame timers
2025-11-23 14:52:28,383 DEBUG micropolis.engine: Cleaned up tkinter bridge
2025-11-23 14:52:28,487 INFO micropolis.audio: Sound system shut down
2025-11-23 14:52:28,549 DEBUG micropolis.engine: Shut down audio system
2025-11-23 14:52:28,761 DEBUG micropolis.engine: Cleaned up graphics
2025-11-23 14:52:28,933 DEBUG micropolis.engine: Cleared event bus
2025-11-23 14:52:29,020 INFO micropolis.engine: Micropolis stopped successfully
