2025-11-23 14:49:37,825 DEBUG micropolis.main: Logging initialized. Console -> rich, File -> C:\Users\cyrex\files\projects\micropolis\logs\micropolis-20251123-144937.log
2025-11-23 14:49:37,828 INFO micropolis.engine: Welcome to Python Micropolis version 2025.11.11
2025-11-23 14:49:37,829 INFO micropolis.engine: Copyright (C) 2002 by Electronic Arts, Maxis. All rights reserved.
2025-11-23 14:49:37,851 DEBUG micropolis.engine: Map view surface not yet initialized (will be set during graphics setup)
2025-11-23 14:49:38,598 INFO micropolis.audio: Sound system initialized with 7 logical channels
2025-11-23 14:49:38,599 DEBUG root: Funds set to: $20000
2025-11-23 14:49:38,601 DEBUG root: Funds set to: $20000
2025-11-23 14:49:38,601 INFO root: Game level set to 0 (Easy) - Starting funds: $20000
2025-11-23 14:49:38,602 INFO root: Map cleared - all tiles set to DIRT
2025-11-23 14:49:38,604 DEBUG root: Funds set to: $0
2025-11-23 14:49:38,605 DEBUG root: Funds set to: $20000
2025-11-23 14:49:38,606 INFO root: Game level set to 0 (Easy) - Starting funds: $20000
2025-11-23 14:49:38,606 DEBUG micropolis.engine: Initializing pygame graphics...
2025-11-23 14:49:38,721 DEBUG micropolis.graphics_setup: [load_xpm_surface] Attempting to load: obj1-0.xpm
2025-11-23 14:49:38,722 DEBUG micropolis.graphics_setup: [get_resource_path] Looking for asset: filename='obj1-0.xpm', category=images, normalized='obj1-0.xpm'
2025-11-23 14:49:38,723 DEBUG micropolis.graphics_setup: [get_resource_path] Added image path variant: images/obj1-0.xpm
2025-11-23 14:49:38,723 DEBUG micropolis.graphics_setup: [get_resource_path] Trying candidate: 'obj1-0.xpm'
2025-11-23 14:49:38,724 INFO micropolis.graphics_setup: [get_resource_path] ✓ Resolved 'obj1-0.xpm' → 'C:\Users\cyrex\files\projects\micropolis\assets\images\obj1-0.png'
2025-11-23 14:49:38,725 DEBUG micropolis.graphics_setup: [load_xpm_surface] Resolved path: C:\Users\cyrex\files\projects\micropolis\assets\images\obj1-0.png
2025-11-23 14:49:38,727 INFO micropolis.graphics_setup: [load_xpm_surface] ✓ Successfully loaded obj1-0.xpm (32x32)
2025-11-23 14:49:38,728 DEBUG micropolis.graphics_setup: [load_xpm_surface] Attempting to load: obj1-1.xpm
2025-11-23 14:49:38,729 DEBUG micropolis.graphics_setup: [get_resource_path] Looking for asset: filename='obj1-1.xpm', category=images, normalized='obj1-1.xpm'
2025-11-23 14:49:38,730 DEBUG micropolis.graphics_setup: [get_resource_path] Added image path variant: images/obj1-1.xpm
2025-11-23 14:49:38,731 DEBUG micropolis.graphics_setup: [get_resource_path] Trying candidate: 'obj1-1.xpm'
2025-11-23 14:49:38,732 INFO micropolis.graphics_setup: [get_resource_path] ✓ Resolved 'obj1-1.xpm' → 'C:\Users\cyrex\files\projects\micropolis\assets\images\obj1-1.png'
2025-11-23 14:49:38,733 DEBUG micropolis.graphics_setup: [load_xpm_surface] Resolved path: C:\Users\cyrex\files\projects\micropolis\assets\images\obj1-1.png
2025-11-23 14:49:38,735 INFO micropolis.graphics_setup: [load_xpm_surface] ✓ Successfully loaded obj1-1.xpm (32x32)
2025-11-23 14:49:38,736 DEBUG micropolis.graphics_setup: [load_xpm_surface] Attempting to load: obj1-2.xpm
2025-11-23 14:49:38,738 DEBUG micropolis.graphics_setup: [get_resource_path] Looking for asset: filename='obj1-2.xpm', category=images, normalized='obj1-2.xpm'
2025-11-23 14:49:38,739 DEBUG micropolis.graphics_setup: [get_resource_path] Added image path variant: images/obj1-2.xpm
2025-11-23 14:49:38,740 DEBUG micropolis.graphics_setup: [get_resource_path] Trying candidate: 'obj1-2.xpm'
2025-11-23 14:49:38,742 INFO micropolis.graphics_setup: [get_resource_path] ✓ Resolved 'obj1-2.xpm' → 'C:\Users\cyrex\files\projects\micropolis\assets\images\obj1-2.png'
2025-11-23 14:49:38,743 DEBUG micropolis.graphics_setup: [load_xpm_surface] Resolved path: C:\Users\cyrex\files\projects\micropolis\assets\images\obj1-2.png
2025-11-23 14:49:38,744 INFO micropolis.graphics_setup: [load_xpm_surface] ✓ Successfully loaded obj1-2.xpm (32x32)
2025-11-23 14:49:38,745 DEBUG micropolis.graphics_setup: [load_xpm_surface] Attempting to load: obj1-3.xpm
2025-11-23 14:49:38,747 DEBUG micropolis.graphics_setup: [get_resource_path] Looking for asset: filename='obj1-3.xpm', category=images, normalized='obj1-3.xpm'
2025-11-23 14:49:38,748 DEBUG micropolis.graphics_setup: [get_resource_path] Added image path variant: images/obj1-3.xpm
2025-11-23 14:49:38,749 DEBUG micropolis.graphics_setup: [get_resource_path] Trying candidate: 'obj1-3.xpm'
2025-11-23 14:49:38,750 INFO micropolis.graphics_setup: [get_resource_path] ✓ Resolved 'obj1-3.xpm' → 'C:\Users\cyrex\files\projects\micropolis\assets\images\obj1-3.png'
2025-11-23 14:49:38,751 DEBUG micropolis.graphics_setup: [load_xpm_surface] Resolved path: C:\Users\cyrex\files\projects\micropolis\assets\images\obj1-3.png
2025-11-23 14:49:38,753 INFO micropolis.graphics_setup: [load_xpm_surface] ✓ Successfully loaded obj1-3.xpm (32x32)
2025-11-23 14:49:38,754 DEBUG micropolis.graphics_setup: [load_xpm_surface] Attempting to load: obj1-4.xpm
2025-11-23 14:49:38,755 DEBUG micropolis.graphics_setup: [get_resource_path] Looking for asset: filename='obj1-4.xpm', category=images, normalized='obj1-4.xpm'
2025-11-23 14:49:38,756 DEBUG micropolis.graphics_setup: [get_resource_path] Added image path variant: images/obj1-4.xpm
2025-11-23 14:49:38,757 DEBUG micropolis.graphics_setup: [get_resource_path] Trying candidate: 'obj1-4.xpm'
2025-11-23 14:49:38,758 INFO micropolis.graphics_setup: [get_resource_path] ✓ Resolved 'obj1-4.xpm' → 'C:\Users\cyrex\files\projects\micropolis\assets\images\obj1-4.png'
2025-11-23 14:49:38,759 DEBUG micropolis.graphics_setup: [load_xpm_surface] Resolved path: C:\Users\cyrex\files\projects\micropolis\assets\images\obj1-4.png
2025-11-23 14:49:38,760 INFO micropolis.graphics_setup: [load_xpm_surface] ✓ Successfully loaded obj1-4.xpm (32x32)
2025-11-23 14:49:38,761 DEBUG micropolis.graphics_setup: [load_xpm_surface] Attempting to load: obj2-0.xpm
2025-11-23 14:49:38,762 DEBUG micropolis.graphics_setup: [get_resource_path] Looking for asset: filename='obj2-0.xpm', category=images, normalized='obj2-0.xpm'
2025-11-23 14:49:38,763 DEBUG micropolis.graphics_setup: [get_resource_path] Added image path variant: images/obj2-0.xpm
2025-11-23 14:49:38,764 DEBUG micropolis.graphics_setup: [get_resource_path] Trying candidate: 'obj2-0.xpm'
2025-11-23 14:49:38,766 INFO micropolis.graphics_setup: [get_resource_path] ✓ Resolved 'obj2-0.xpm' → 'C:\Users\cyrex\files\projects\micropolis\assets\images\obj2-0.png'
2025-11-23 14:49:38,767 DEBUG micropolis.graphics_setup: [load_xpm_surface] Resolved path: C:\Users\cyrex\files\projects\micropolis\assets\images\obj2-0.png
2025-11-23 14:49:38,768 INFO micropolis.graphics_setup: [load_xpm_surface] ✓ Successfully loaded obj2-0.xpm (32x32)
2025-11-23 14:49:38,769 DEBUG micropolis.graphics_setup: [load_xpm_surface] Attempting to load: obj2-1.xpm
2025-11-23 14:49:38,770 DEBUG micropolis.graphics_setup: [get_resource_path] Looking for asset: filename='obj2-1.xpm', category=images, normalized='obj2-1.xpm'
2025-11-23 14:49:38,772 DEBUG micropolis.graphics_setup: [get_resource_path] Added image path variant: images/obj2-1.xpm
2025-11-23 14:49:38,773 DEBUG micropolis.graphics_setup: [get_resource_path] Trying candidate: 'obj2-1.xpm'
2025-11-23 14:49:38,774 INFO micropolis.graphics_setup: [get_resource_path] ✓ Resolved 'obj2-1.xpm' → 'C:\Users\cyrex\files\projects\micropolis\assets\images\obj2-1.png'
2025-11-23 14:49:38,775 DEBUG micropolis.graphics_setup: [load_xpm_surface] Resolved path: C:\Users\cyrex\files\projects\micropolis\assets\images\obj2-1.png
2025-11-23 14:49:38,777 INFO micropolis.graphics_setup: [load_xpm_surface] ✓ Successfully loaded obj2-1.xpm (32x32)
2025-11-23 14:49:38,778 DEBUG micropolis.graphics_setup: [load_xpm_surface] Attempting to load: obj2-2.xpm
2025-11-23 14:49:38,779 DEBUG micropolis.graphics_setup: [get_resource_path] Looking for asset: filename='obj2-2.xpm', category=images, normalized='obj2-2.xpm'
2025-11-23 14:49:38,780 DEBUG micropolis.graphics_setup: [get_resource_path] Added image path variant: images/obj2-2.xpm
2025-11-23 14:49:38,781 DEBUG micropolis.graphics_setup: [get_resource_path] Trying candidate: 'obj2-2.xpm'
2025-11-23 14:49:38,782 INFO micropolis.graphics_setup: [get_resource_path] ✓ Resolved 'obj2-2.xpm' → 'C:\Users\cyrex\files\projects\micropolis\assets\images\obj2-2.png'
2025-11-23 14:49:38,783 DEBUG micropolis.graphics_setup: [load_xpm_surface] Resolved path: C:\Users\cyrex\files\projects\micropolis\assets\images\obj2-2.png
2025-11-23 14:49:38,785 INFO micropolis.graphics_setup: [load_xpm_surface] ✓ Successfully loaded obj2-2.xpm (32x32)
2025-11-23 14:49:38,786 DEBUG micropolis.graphics_setup: [load_xpm_surface] Attempting to load: obj2-3.xpm
2025-11-23 14:49:38,787 DEBUG micropolis.graphics_setup: [get_resource_path] Looking for asset: filename='obj2-3.xpm', category=images, normalized='obj2-3.xpm'
2025-11-23 14:49:38,789 DEBUG micropolis.graphics_setup: [get_resource_path] Added image path variant: images/obj2-3.xpm
2025-11-23 14:49:38,790 DEBUG micropolis.graphics_setup: [get_resource_path] Trying candidate: 'obj2-3.xpm'
2025-11-23 14:49:38,791 INFO micropolis.graphics_setup: [get_resource_path] ✓ Resolved 'obj2-3.xpm' → 'C:\Users\cyrex\files\projects\micropolis\assets\images\obj2-3.png'
2025-11-23 14:49:38,792 DEBUG micropolis.graphics_setup: [load_xpm_surface] Resolved path: C:\Users\cyrex\files\projects\micropolis\assets\images\obj2-3.png
2025-11-23 14:49:38,793 INFO micropolis.graphics_setup: [load_xpm_surface] ✓ Successfully loaded obj2-3.xpm (32x32)
2025-11-23 14:49:38,795 DEBUG micropolis.graphics_setup: [load_xpm_surface] Attempting to load: obj2-4.xpm
2025-11-23 14:49:38,795 DEBUG micropolis.graphics_setup: [get_resource_path] Looking for asset: filename='obj2-4.xpm', category=images, normalized='obj2-4.xpm'
2025-11-23 14:49:38,797 DEBUG micropolis.graphics_setup: [get_resource_path] Added image path variant: images/obj2-4.xpm
2025-11-23 14:49:38,798 DEBUG micropolis.graphics_setup: [get_resource_path] Trying candidate: 'obj2-4.xpm'
2025-11-23 14:49:38,799 INFO micropolis.graphics_setup: [get_resource_path] ✓ Resolved 'obj2-4.xpm' → 'C:\Users\cyrex\files\projects\micropolis\assets\images\obj2-4.png'
2025-11-23 14:49:38,800 DEBUG micropolis.graphics_setup: [load_xpm_surface] Resolved path: C:\Users\cyrex\files\projects\micropolis\assets\images\obj2-4.png
2025-11-23 14:49:38,802 INFO micropolis.graphics_setup: [load_xpm_surface] ✓ Successfully loaded obj2-4.xpm (32x32)
2025-11-23 14:49:38,803 DEBUG micropolis.graphics_setup: [load_xpm_surface] Attempting to load: obj2-5.xpm
2025-11-23 14:49:38,804 DEBUG micropolis.graphics_setup: [get_resource_path] Looking for asset: filename='obj2-5.xpm', category=images, normalized='obj2-5.xpm'
2025-11-23 14:49:38,805 DEBUG micropolis.graphics_setup: [get_resource_path] Added image path variant: images/obj2-5.xpm
2025-11-23 14:49:38,806 DEBUG micropolis.graphics_setup: [get_resource_path] Trying candidate: 'obj2-5.xpm'
2025-11-23 14:49:38,807 INFO micropolis.graphics_setup: [get_resource_path] ✓ Resolved 'obj2-5.xpm' → 'C:\Users\cyrex\files\projects\micropolis\assets\images\obj2-5.png'
2025-11-23 14:49:38,808 DEBUG micropolis.graphics_setup: [load_xpm_surface] Resolved path: C:\Users\cyrex\files\projects\micropolis\assets\images\obj2-5.png
2025-11-23 14:49:38,810 INFO micropolis.graphics_setup: [load_xpm_surface] ✓ Successfully loaded obj2-5.xpm (32x32)
2025-11-23 14:49:38,810 DEBUG micropolis.graphics_setup: [load_xpm_surface] Attempting to load: obj2-6.xpm
2025-11-23 14:49:38,811 DEBUG micropolis.graphics_setup: [get_resource_path] Looking for asset: filename='obj2-6.xpm', category=images, normalized='obj2-6.xpm'
2025-11-23 14:49:38,812 DEBUG micropolis.graphics_setup: [get_resource_path] Added image path variant: images/obj2-6.xpm
2025-11-23 14:49:38,813 DEBUG micropolis.graphics_setup: [get_resource_path] Trying candidate: 'obj2-6.xpm'
2025-11-23 14:49:38,814 INFO micropolis.graphics_setup: [get_resource_path] ✓ Resolved 'obj2-6.xpm' → 'C:\Users\cyrex\files\projects\micropolis\assets\images\obj2-6.png'
2025-11-23 14:49:38,815 DEBUG micropolis.graphics_setup: [load_xpm_surface] Resolved path: C:\Users\cyrex\files\projects\micropolis\assets\images\obj2-6.png
2025-11-23 14:49:38,817 INFO micropolis.graphics_setup: [load_xpm_surface] ✓ Successfully loaded obj2-6.xpm (32x32)
2025-11-23 14:49:38,818 DEBUG micropolis.graphics_setup: [load_xpm_surface] Attempting to load: obj2-7.xpm
2025-11-23 14:49:38,819 DEBUG micropolis.graphics_setup: [get_resource_path] Looking for asset: filename='obj2-7.xpm', category=images, normalized='obj2-7.xpm'
2025-11-23 14:49:38,820 DEBUG micropolis.graphics_setup: [get_resource_path] Added image path variant: images/obj2-7.xpm
2025-11-23 14:49:38,821 DEBUG micropolis.graphics_setup: [get_resource_path] Trying candidate: 'obj2-7.xpm'
2025-11-23 14:49:38,823 INFO micropolis.graphics_setup: [get_resource_path] ✓ Resolved 'obj2-7.xpm' → 'C:\Users\cyrex\files\projects\micropolis\assets\images\obj2-7.png'
2025-11-23 14:49:38,824 DEBUG micropolis.graphics_setup: [load_xpm_surface] Resolved path: C:\Users\cyrex\files\projects\micropolis\assets\images\obj2-7.png
2025-11-23 14:49:38,825 INFO micropolis.graphics_setup: [load_xpm_surface] ✓ Successfully loaded obj2-7.xpm (32x32)
2025-11-23 14:49:38,826 DEBUG micropolis.graphics_setup: [load_xpm_surface] Attempting to load: obj3-0.xpm
2025-11-23 14:49:38,827 DEBUG micropolis.graphics_setup: [get_resource_path] Looking for asset: filename='obj3-0.xpm', category=images, normalized='obj3-0.xpm'
2025-11-23 14:49:38,828 DEBUG micropolis.graphics_setup: [get_resource_path] Added image path variant: images/obj3-0.xpm
2025-11-23 14:49:38,828 DEBUG micropolis.graphics_setup: [get_resource_path] Trying candidate: 'obj3-0.xpm'
2025-11-23 14:49:38,830 INFO micropolis.graphics_setup: [get_resource_path] ✓ Resolved 'obj3-0.xpm' → 'C:\Users\cyrex\files\projects\micropolis\assets\images\obj3-0.png'
2025-11-23 14:49:38,831 DEBUG micropolis.graphics_setup: [load_xpm_surface] Resolved path: C:\Users\cyrex\files\projects\micropolis\assets\images\obj3-0.png
2025-11-23 14:49:38,832 INFO micropolis.graphics_setup: [load_xpm_surface] ✓ Successfully loaded obj3-0.xpm (48x48)
2025-11-23 14:49:38,833 DEBUG micropolis.graphics_setup: [load_xpm_surface] Attempting to load: obj3-1.xpm
2025-11-23 14:49:38,834 DEBUG micropolis.graphics_setup: [get_resource_path] Looking for asset: filename='obj3-1.xpm', category=images, normalized='obj3-1.xpm'
2025-11-23 14:49:38,835 DEBUG micropolis.graphics_setup: [get_resource_path] Added image path variant: images/obj3-1.xpm
2025-11-23 14:49:38,836 DEBUG micropolis.graphics_setup: [get_resource_path] Trying candidate: 'obj3-1.xpm'
2025-11-23 14:49:38,837 INFO micropolis.graphics_setup: [get_resource_path] ✓ Resolved 'obj3-1.xpm' → 'C:\Users\cyrex\files\projects\micropolis\assets\images\obj3-1.png'
2025-11-23 14:49:38,838 DEBUG micropolis.graphics_setup: [load_xpm_surface] Resolved path: C:\Users\cyrex\files\projects\micropolis\assets\images\obj3-1.png
2025-11-23 14:49:38,839 INFO micropolis.graphics_setup: [load_xpm_surface] ✓ Successfully loaded obj3-1.xpm (48x48)
2025-11-23 14:49:38,840 DEBUG micropolis.graphics_setup: [load_xpm_surface] Attempting to load: obj3-2.xpm
2025-11-23 14:49:38,841 DEBUG micropolis.graphics_setup: [get_resource_path] Looking for asset: filename='obj3-2.xpm', category=images, normalized='obj3-2.xpm'
2025-11-23 14:49:38,842 DEBUG micropolis.graphics_setup: [get_resource_path] Added image path variant: images/obj3-2.xpm
2025-11-23 14:49:38,843 DEBUG micropolis.graphics_setup: [get_resource_path] Trying candidate: 'obj3-2.xpm'
2025-11-23 14:49:38,845 INFO micropolis.graphics_setup: [get_resource_path] ✓ Resolved 'obj3-2.xpm' → 'C:\Users\cyrex\files\projects\micropolis\assets\images\obj3-2.png'
2025-11-23 14:49:38,846 DEBUG micropolis.graphics_setup: [load_xpm_surface] Resolved path: C:\Users\cyrex\files\projects\micropolis\assets\images\obj3-2.png
2025-11-23 14:49:38,847 INFO micropolis.graphics_setup: [load_xpm_surface] ✓ Successfully loaded obj3-2.xpm (48x48)
2025-11-23 14:49:38,848 DEBUG micropolis.graphics_setup: [load_xpm_surface] Attempting to load: obj3-3.xpm
2025-11-23 14:49:38,849 DEBUG micropolis.graphics_setup: [get_resource_path] Looking for asset: filename='obj3-3.xpm', category=images, normalized='obj3-3.xpm'
2025-11-23 14:49:38,851 DEBUG micropolis.graphics_setup: [get_resource_path] Added image path variant: images/obj3-3.xpm
2025-11-23 14:49:38,852 DEBUG micropolis.graphics_setup: [get_resource_path] Trying candidate: 'obj3-3.xpm'
2025-11-23 14:49:38,853 INFO micropolis.graphics_setup: [get_resource_path] ✓ Resolved 'obj3-3.xpm' → 'C:\Users\cyrex\files\projects\micropolis\assets\images\obj3-3.png'
2025-11-23 14:49:38,854 DEBUG micropolis.graphics_setup: [load_xpm_surface] Resolved path: C:\Users\cyrex\files\projects\micropolis\assets\images\obj3-3.png
2025-11-23 14:49:38,855 INFO micropolis.graphics_setup: [load_xpm_surface] ✓ Successfully loaded obj3-3.xpm (48x48)
2025-11-23 14:49:38,857 DEBUG micropolis.graphics_setup: [load_xpm_surface] Attempting to load: obj3-4.xpm
2025-11-23 14:49:38,857 DEBUG micropolis.graphics_setup: [get_resource_path] Looking for asset: filename='obj3-4.xpm', category=images, normalized='obj3-4.xpm'
2025-11-23 14:49:38,858 DEBUG micropolis.graphics_setup: [get_resource_path] Added image path variant: images/obj3-4.xpm
2025-11-23 14:49:38,859 DEBUG micropolis.graphics_setup: [get_resource_path] Trying candidate: 'obj3-4.xpm'
2025-11-23 14:49:38,861 INFO micropolis.graphics_setup: [get_resource_path] ✓ Resolved 'obj3-4.xpm' → 'C:\Users\cyrex\files\projects\micropolis\assets\images\obj3-4.png'
2025-11-23 14:49:38,861 DEBUG micropolis.graphics_setup: [load_xpm_surface] Resolved path: C:\Users\cyrex\files\projects\micropolis\assets\images\obj3-4.png
2025-11-23 14:49:38,863 INFO micropolis.graphics_setup: [load_xpm_surface] ✓ Successfully loaded obj3-4.xpm (48x48)
2025-11-23 14:49:38,864 DEBUG micropolis.graphics_setup: [load_xpm_surface] Attempting to load: obj3-5.xpm
2025-11-23 14:49:38,864 DEBUG micropolis.graphics_setup: [get_resource_path] Looking for asset: filename='obj3-5.xpm', category=images, normalized='obj3-5.xpm'
2025-11-23 14:49:38,865 DEBUG micropolis.graphics_setup: [get_resource_path] Added image path variant: images/obj3-5.xpm
2025-11-23 14:49:38,866 DEBUG micropolis.graphics_setup: [get_resource_path] Trying candidate: 'obj3-5.xpm'
2025-11-23 14:49:38,867 INFO micropolis.graphics_setup: [get_resource_path] ✓ Resolved 'obj3-5.xpm' → 'C:\Users\cyrex\files\projects\micropolis\assets\images\obj3-5.png'
2025-11-23 14:49:38,868 DEBUG micropolis.graphics_setup: [load_xpm_surface] Resolved path: C:\Users\cyrex\files\projects\micropolis\assets\images\obj3-5.png
2025-11-23 14:49:38,870 INFO micropolis.graphics_setup: [load_xpm_surface] ✓ Successfully loaded obj3-5.xpm (48x48)
2025-11-23 14:49:38,871 DEBUG micropolis.graphics_setup: [load_xpm_surface] Attempting to load: obj3-6.xpm
2025-11-23 14:49:38,872 DEBUG micropolis.graphics_setup: [get_resource_path] Looking for asset: filename='obj3-6.xpm', category=images, normalized='obj3-6.xpm'
2025-11-23 14:49:38,873 DEBUG micropolis.graphics_setup: [get_resource_path] Added image path variant: images/obj3-6.xpm
2025-11-23 14:49:38,874 DEBUG micropolis.graphics_setup: [get_resource_path] Trying candidate: 'obj3-6.xpm'
2025-11-23 14:49:38,875 INFO micropolis.graphics_setup: [get_resource_path] ✓ Resolved 'obj3-6.xpm' → 'C:\Users\cyrex\files\projects\micropolis\assets\images\obj3-6.png'
2025-11-23 14:49:38,877 DEBUG micropolis.graphics_setup: [load_xpm_surface] Resolved path: C:\Users\cyrex\files\projects\micropolis\assets\images\obj3-6.png
2025-11-23 14:49:38,878 INFO micropolis.graphics_setup: [load_xpm_surface] ✓ Successfully loaded obj3-6.xpm (48x48)
2025-11-23 14:49:38,879 DEBUG micropolis.graphics_setup: [load_xpm_surface] Attempting to load: obj3-7.xpm
2025-11-23 14:49:38,881 DEBUG micropolis.graphics_setup: [get_resource_path] Looking for asset: filename='obj3-7.xpm', category=images, normalized='obj3-7.xpm'
2025-11-23 14:49:38,881 DEBUG micropolis.graphics_setup: [get_resource_path] Added image path variant: images/obj3-7.xpm
2025-11-23 14:49:38,882 DEBUG micropolis.graphics_setup: [get_resource_path] Trying candidate: 'obj3-7.xpm'
2025-11-23 14:49:38,884 INFO micropolis.graphics_setup: [get_resource_path] ✓ Resolved 'obj3-7.xpm' → 'C:\Users\cyrex\files\projects\micropolis\assets\images\obj3-7.png'
2025-11-23 14:49:38,885 DEBUG micropolis.graphics_setup: [load_xpm_surface] Resolved path: C:\Users\cyrex\files\projects\micropolis\assets\images\obj3-7.png
2025-11-23 14:49:38,886 INFO micropolis.graphics_setup: [load_xpm_surface] ✓ Successfully loaded obj3-7.xpm (48x48)
2025-11-23 14:49:38,887 DEBUG micropolis.graphics_setup: [load_xpm_surface] Attempting to load: obj3-8.xpm
2025-11-23 14:49:38,888 DEBUG micropolis.graphics_setup: [get_resource_path] Looking for asset: filename='obj3-8.xpm', category=images, normalized='obj3-8.xpm'
2025-11-23 14:49:38,889 DEBUG micropolis.graphics_setup: [get_resource_path] Added image path variant: images/obj3-8.xpm
2025-11-23 14:49:38,890 DEBUG micropolis.graphics_setup: [get_resource_path] Trying candidate: 'obj3-8.xpm'
2025-11-23 14:49:38,891 INFO micropolis.graphics_setup: [get_resource_path] ✓ Resolved 'obj3-8.xpm' → 'C:\Users\cyrex\files\projects\micropolis\assets\images\obj3-8.png'
2025-11-23 14:49:38,892 DEBUG micropolis.graphics_setup: [load_xpm_surface] Resolved path: C:\Users\cyrex\files\projects\micropolis\assets\images\obj3-8.png
2025-11-23 14:49:38,894 INFO micropolis.graphics_setup: [load_xpm_surface] ✓ Successfully loaded obj3-8.xpm (48x48)
2025-11-23 14:49:38,895 DEBUG micropolis.graphics_setup: [load_xpm_surface] Attempting to load: obj3-9.xpm
2025-11-23 14:49:38,896 DEBUG micropolis.graphics_setup: [get_resource_path] Looking for asset: filename='obj3-9.xpm', category=images, normalized='obj3-9.xpm'
2025-11-23 14:49:38,897 DEBUG micropolis.graphics_setup: [get_resource_path] Added image path variant: images/obj3-9.xpm
2025-11-23 14:49:38,898 DEBUG micropolis.graphics_setup: [get_resource_path] Trying candidate: 'obj3-9.xpm'
2025-11-23 14:49:38,900 INFO micropolis.graphics_setup: [get_resource_path] ✓ Resolved 'obj3-9.xpm' → 'C:\Users\cyrex\files\projects\micropolis\assets\images\obj3-9.png'
2025-11-23 14:49:38,901 DEBUG micropolis.graphics_setup: [load_xpm_surface] Resolved path: C:\Users\cyrex\files\projects\micropolis\assets\images\obj3-9.png
2025-11-23 14:49:38,902 INFO micropolis.graphics_setup: [load_xpm_surface] ✓ Successfully loaded obj3-9.xpm (48x48)
2025-11-23 14:49:38,903 DEBUG micropolis.graphics_setup: [load_xpm_surface] Attempting to load: obj3-10.xpm
2025-11-23 14:49:38,904 DEBUG micropolis.graphics_setup: [get_resource_path] Looking for asset: filename='obj3-10.xpm', category=images, normalized='obj3-10.xpm'
2025-11-23 14:49:38,905 DEBUG micropolis.graphics_setup: [get_resource_path] Added image path variant: images/obj3-10.xpm
2025-11-23 14:49:38,906 DEBUG micropolis.graphics_setup: [get_resource_path] Trying candidate: 'obj3-10.xpm'
2025-11-23 14:49:38,907 INFO micropolis.graphics_setup: [get_resource_path] ✓ Resolved 'obj3-10.xpm' → 'C:\Users\cyrex\files\projects\micropolis\assets\images\obj3-10.png'
2025-11-23 14:49:38,909 DEBUG micropolis.graphics_setup: [load_xpm_surface] Resolved path: C:\Users\cyrex\files\projects\micropolis\assets\images\obj3-10.png
2025-11-23 14:49:38,910 INFO micropolis.graphics_setup: [load_xpm_surface] ✓ Successfully loaded obj3-10.xpm (48x48)
2025-11-23 14:49:38,911 DEBUG micropolis.graphics_setup: [load_xpm_surface] Attempting to load: obj4-0.xpm
2025-11-23 14:49:38,912 DEBUG micropolis.graphics_setup: [get_resource_path] Looking for asset: filename='obj4-0.xpm', category=images, normalized='obj4-0.xpm'
2025-11-23 14:49:38,914 DEBUG micropolis.graphics_setup: [get_resource_path] Added image path variant: images/obj4-0.xpm
2025-11-23 14:49:38,915 DEBUG micropolis.graphics_setup: [get_resource_path] Trying candidate: 'obj4-0.xpm'
2025-11-23 14:49:38,916 INFO micropolis.graphics_setup: [get_resource_path] ✓ Resolved 'obj4-0.xpm' → 'C:\Users\cyrex\files\projects\micropolis\assets\images\obj4-0.png'
2025-11-23 14:49:38,917 DEBUG micropolis.graphics_setup: [load_xpm_surface] Resolved path: C:\Users\cyrex\files\projects\micropolis\assets\images\obj4-0.png
2025-11-23 14:49:38,918 INFO micropolis.graphics_setup: [load_xpm_surface] ✓ Successfully loaded obj4-0.xpm (48x48)
2025-11-23 14:49:38,919 DEBUG micropolis.graphics_setup: [load_xpm_surface] Attempting to load: obj4-1.xpm
2025-11-23 14:49:38,920 DEBUG micropolis.graphics_setup: [get_resource_path] Looking for asset: filename='obj4-1.xpm', category=images, normalized='obj4-1.xpm'
2025-11-23 14:49:38,921 DEBUG micropolis.graphics_setup: [get_resource_path] Added image path variant: images/obj4-1.xpm
2025-11-23 14:49:38,922 DEBUG micropolis.graphics_setup: [get_resource_path] Trying candidate: 'obj4-1.xpm'
2025-11-23 14:49:38,923 INFO micropolis.graphics_setup: [get_resource_path] ✓ Resolved 'obj4-1.xpm' → 'C:\Users\cyrex\files\projects\micropolis\assets\images\obj4-1.png'
2025-11-23 14:49:38,924 DEBUG micropolis.graphics_setup: [load_xpm_surface] Resolved path: C:\Users\cyrex\files\projects\micropolis\assets\images\obj4-1.png
2025-11-23 14:49:38,926 INFO micropolis.graphics_setup: [load_xpm_surface] ✓ Successfully loaded obj4-1.xpm (48x48)
2025-11-23 14:49:38,927 DEBUG micropolis.graphics_setup: [load_xpm_surface] Attempting to load: obj4-2.xpm
2025-11-23 14:49:38,928 DEBUG micropolis.graphics_setup: [get_resource_path] Looking for asset: filename='obj4-2.xpm', category=images, normalized='obj4-2.xpm'
2025-11-23 14:49:38,929 DEBUG micropolis.graphics_setup: [get_resource_path] Added image path variant: images/obj4-2.xpm
2025-11-23 14:49:38,930 DEBUG micropolis.graphics_setup: [get_resource_path] Trying candidate: 'obj4-2.xpm'
2025-11-23 14:49:38,931 INFO micropolis.graphics_setup: [get_resource_path] ✓ Resolved 'obj4-2.xpm' → 'C:\Users\cyrex\files\projects\micropolis\assets\images\obj4-2.png'
2025-11-23 14:49:38,932 DEBUG micropolis.graphics_setup: [load_xpm_surface] Resolved path: C:\Users\cyrex\files\projects\micropolis\assets\images\obj4-2.png
2025-11-23 14:49:38,934 INFO micropolis.graphics_setup: [load_xpm_surface] ✓ Successfully loaded obj4-2.xpm (48x48)
2025-11-23 14:49:38,935 DEBUG micropolis.graphics_setup: [load_xpm_surface] Attempting to load: obj4-3.xpm
2025-11-23 14:49:38,936 DEBUG micropolis.graphics_setup: [get_resource_path] Looking for asset: filename='obj4-3.xpm', category=images, normalized='obj4-3.xpm'
2025-11-23 14:49:38,937 DEBUG micropolis.graphics_setup: [get_resource_path] Added image path variant: images/obj4-3.xpm
2025-11-23 14:49:38,938 DEBUG micropolis.graphics_setup: [get_resource_path] Trying candidate: 'obj4-3.xpm'
2025-11-23 14:49:38,939 INFO micropolis.graphics_setup: [get_resource_path] ✓ Resolved 'obj4-3.xpm' → 'C:\Users\cyrex\files\projects\micropolis\assets\images\obj4-3.png'
2025-11-23 14:49:38,940 DEBUG micropolis.graphics_setup: [load_xpm_surface] Resolved path: C:\Users\cyrex\files\projects\micropolis\assets\images\obj4-3.png
2025-11-23 14:49:38,941 INFO micropolis.graphics_setup: [load_xpm_surface] ✓ Successfully loaded obj4-3.xpm (48x48)
2025-11-23 14:49:38,942 DEBUG micropolis.graphics_setup: [load_xpm_surface] Attempting to load: obj4-4.xpm
2025-11-23 14:49:38,943 DEBUG micropolis.graphics_setup: [get_resource_path] Looking for asset: filename='obj4-4.xpm', category=images, normalized='obj4-4.xpm'
2025-11-23 14:49:38,944 DEBUG micropolis.graphics_setup: [get_resource_path] Added image path variant: images/obj4-4.xpm
2025-11-23 14:49:38,945 DEBUG micropolis.graphics_setup: [get_resource_path] Trying candidate: 'obj4-4.xpm'
2025-11-23 14:49:38,946 INFO micropolis.graphics_setup: [get_resource_path] ✓ Resolved 'obj4-4.xpm' → 'C:\Users\cyrex\files\projects\micropolis\assets\images\obj4-4.png'
2025-11-23 14:49:38,947 DEBUG micropolis.graphics_setup: [load_xpm_surface] Resolved path: C:\Users\cyrex\files\projects\micropolis\assets\images\obj4-4.png
2025-11-23 14:49:38,949 INFO micropolis.graphics_setup: [load_xpm_surface] ✓ Successfully loaded obj4-4.xpm (48x48)
2025-11-23 14:49:38,950 DEBUG micropolis.graphics_setup: [load_xpm_surface] Attempting to load: obj4-5.xpm
2025-11-23 14:49:38,951 DEBUG micropolis.graphics_setup: [get_resource_path] Looking for asset: filename='obj4-5.xpm', category=images, normalized='obj4-5.xpm'
2025-11-23 14:49:38,952 DEBUG micropolis.graphics_setup: [get_resource_path] Added image path variant: images/obj4-5.xpm
2025-11-23 14:49:38,952 DEBUG micropolis.graphics_setup: [get_resource_path] Trying candidate: 'obj4-5.xpm'
2025-11-23 14:49:38,954 INFO micropolis.graphics_setup: [get_resource_path] ✓ Resolved 'obj4-5.xpm' → 'C:\Users\cyrex\files\projects\micropolis\assets\images\obj4-5.png'
2025-11-23 14:49:38,955 DEBUG micropolis.graphics_setup: [load_xpm_surface] Resolved path: C:\Users\cyrex\files\projects\micropolis\assets\images\obj4-5.png
2025-11-23 14:49:38,956 INFO micropolis.graphics_setup: [load_xpm_surface] ✓ Successfully loaded obj4-5.xpm (48x48)
2025-11-23 14:49:38,957 DEBUG micropolis.graphics_setup: [load_xpm_surface] Attempting to load: obj4-6.xpm
2025-11-23 14:49:38,958 DEBUG micropolis.graphics_setup: [get_resource_path] Looking for asset: filename='obj4-6.xpm', category=images, normalized='obj4-6.xpm'
2025-11-23 14:49:38,959 DEBUG micropolis.graphics_setup: [get_resource_path] Added image path variant: images/obj4-6.xpm
2025-11-23 14:49:38,960 DEBUG micropolis.graphics_setup: [get_resource_path] Trying candidate: 'obj4-6.xpm'
2025-11-23 14:49:38,961 INFO micropolis.graphics_setup: [get_resource_path] ✓ Resolved 'obj4-6.xpm' → 'C:\Users\cyrex\files\projects\micropolis\assets\images\obj4-6.png'
2025-11-23 14:49:38,962 DEBUG micropolis.graphics_setup: [load_xpm_surface] Resolved path: C:\Users\cyrex\files\projects\micropolis\assets\images\obj4-6.png
2025-11-23 14:49:38,963 INFO micropolis.graphics_setup: [load_xpm_surface] ✓ Successfully loaded obj4-6.xpm (48x48)
2025-11-23 14:49:38,964 DEBUG micropolis.graphics_setup: [load_xpm_surface] Attempting to load: obj4-7.xpm
2025-11-23 14:49:38,965 DEBUG micropolis.graphics_setup: [get_resource_path] Looking for asset: filename='obj4-7.xpm', category=images, normalized='obj4-7.xpm'
2025-11-23 14:49:38,967 DEBUG micropolis.graphics_setup: [get_resource_path] Added image path variant: images/obj4-7.xpm
2025-11-23 14:49:38,968 DEBUG micropolis.graphics_setup: [get_resource_path] Trying candidate: 'obj4-7.xpm'
2025-11-23 14:49:38,969 INFO micropolis.graphics_setup: [get_resource_path] ✓ Resolved 'obj4-7.xpm' → 'C:\Users\cyrex\files\projects\micropolis\assets\images\obj4-7.png'
2025-11-23 14:49:38,970 DEBUG micropolis.graphics_setup: [load_xpm_surface] Resolved path: C:\Users\cyrex\files\projects\micropolis\assets\images\obj4-7.png
2025-11-23 14:49:38,972 INFO micropolis.graphics_setup: [load_xpm_surface] ✓ Successfully loaded obj4-7.xpm (48x48)
2025-11-23 14:49:38,973 DEBUG micropolis.graphics_setup: [load_xpm_surface] Attempting to load: obj5-0.xpm
2025-11-23 14:49:38,974 DEBUG micropolis.graphics_setup: [get_resource_path] Looking for asset: filename='obj5-0.xpm', category=images, normalized='obj5-0.xpm'
2025-11-23 14:49:38,975 DEBUG micropolis.graphics_setup: [get_resource_path] Added image path variant: images/obj5-0.xpm
2025-11-23 14:49:38,976 DEBUG micropolis.graphics_setup: [get_resource_path] Trying candidate: 'obj5-0.xpm'
2025-11-23 14:49:38,977 INFO micropolis.graphics_setup: [get_resource_path] ✓ Resolved 'obj5-0.xpm' → 'C:\Users\cyrex\files\projects\micropolis\assets\images\obj5-0.png'
2025-11-23 14:49:38,978 DEBUG micropolis.graphics_setup: [load_xpm_surface] Resolved path: C:\Users\cyrex\files\projects\micropolis\assets\images\obj5-0.png
2025-11-23 14:49:38,980 INFO micropolis.graphics_setup: [load_xpm_surface] ✓ Successfully loaded obj5-0.xpm (48x48)
2025-11-23 14:49:38,981 DEBUG micropolis.graphics_setup: [load_xpm_surface] Attempting to load: obj5-1.xpm
2025-11-23 14:49:38,982 DEBUG micropolis.graphics_setup: [get_resource_path] Looking for asset: filename='obj5-1.xpm', category=images, normalized='obj5-1.xpm'
2025-11-23 14:49:38,983 DEBUG micropolis.graphics_setup: [get_resource_path] Added image path variant: images/obj5-1.xpm
2025-11-23 14:49:38,984 DEBUG micropolis.graphics_setup: [get_resource_path] Trying candidate: 'obj5-1.xpm'
2025-11-23 14:49:38,986 INFO micropolis.graphics_setup: [get_resource_path] ✓ Resolved 'obj5-1.xpm' → 'C:\Users\cyrex\files\projects\micropolis\assets\images\obj5-1.png'
2025-11-23 14:49:38,987 DEBUG micropolis.graphics_setup: [load_xpm_surface] Resolved path: C:\Users\cyrex\files\projects\micropolis\assets\images\obj5-1.png
2025-11-23 14:49:38,988 INFO micropolis.graphics_setup: [load_xpm_surface] ✓ Successfully loaded obj5-1.xpm (48x48)
2025-11-23 14:49:38,989 DEBUG micropolis.graphics_setup: [load_xpm_surface] Attempting to load: obj5-2.xpm
2025-11-23 14:49:38,990 DEBUG micropolis.graphics_setup: [get_resource_path] Looking for asset: filename='obj5-2.xpm', category=images, normalized='obj5-2.xpm'
2025-11-23 14:49:38,992 DEBUG micropolis.graphics_setup: [get_resource_path] Added image path variant: images/obj5-2.xpm
2025-11-23 14:49:38,994 DEBUG micropolis.graphics_setup: [get_resource_path] Trying candidate: 'obj5-2.xpm'
2025-11-23 14:49:38,995 INFO micropolis.graphics_setup: [get_resource_path] ✓ Resolved 'obj5-2.xpm' → 'C:\Users\cyrex\files\projects\micropolis\assets\images\obj5-2.png'
2025-11-23 14:49:38,997 DEBUG micropolis.graphics_setup: [load_xpm_surface] Resolved path: C:\Users\cyrex\files\projects\micropolis\assets\images\obj5-2.png
2025-11-23 14:49:38,998 INFO micropolis.graphics_setup: [load_xpm_surface] ✓ Successfully loaded obj5-2.xpm (48x48)
2025-11-23 14:49:39,000 DEBUG micropolis.graphics_setup: [load_xpm_surface] Attempting to load: obj5-3.xpm
2025-11-23 14:49:39,001 DEBUG micropolis.graphics_setup: [get_resource_path] Looking for asset: filename='obj5-3.xpm', category=images, normalized='obj5-3.xpm'
2025-11-23 14:49:39,002 DEBUG micropolis.graphics_setup: [get_resource_path] Added image path variant: images/obj5-3.xpm
2025-11-23 14:49:39,003 DEBUG micropolis.graphics_setup: [get_resource_path] Trying candidate: 'obj5-3.xpm'
2025-11-23 14:49:39,005 INFO micropolis.graphics_setup: [get_resource_path] ✓ Resolved 'obj5-3.xpm' → 'C:\Users\cyrex\files\projects\micropolis\assets\images\obj5-3.png'
2025-11-23 14:49:39,006 DEBUG micropolis.graphics_setup: [load_xpm_surface] Resolved path: C:\Users\cyrex\files\projects\micropolis\assets\images\obj5-3.png
2025-11-23 14:49:39,007 INFO micropolis.graphics_setup: [load_xpm_surface] ✓ Successfully loaded obj5-3.xpm (48x48)
2025-11-23 14:49:39,009 DEBUG micropolis.graphics_setup: [load_xpm_surface] Attempting to load: obj5-4.xpm
2025-11-23 14:49:39,009 DEBUG micropolis.graphics_setup: [get_resource_path] Looking for asset: filename='obj5-4.xpm', category=images, normalized='obj5-4.xpm'
2025-11-23 14:49:39,011 DEBUG micropolis.graphics_setup: [get_resource_path] Added image path variant: images/obj5-4.xpm
2025-11-23 14:49:39,012 DEBUG micropolis.graphics_setup: [get_resource_path] Trying candidate: 'obj5-4.xpm'
2025-11-23 14:49:39,013 INFO micropolis.graphics_setup: [get_resource_path] ✓ Resolved 'obj5-4.xpm' → 'C:\Users\cyrex\files\projects\micropolis\assets\images\obj5-4.png'
2025-11-23 14:49:39,014 DEBUG micropolis.graphics_setup: [load_xpm_surface] Resolved path: C:\Users\cyrex\files\projects\micropolis\assets\images\obj5-4.png
2025-11-23 14:49:39,015 INFO micropolis.graphics_setup: [load_xpm_surface] ✓ Successfully loaded obj5-4.xpm (48x48)
2025-11-23 14:49:39,016 DEBUG micropolis.graphics_setup: [load_xpm_surface] Attempting to load: obj5-5.xpm
2025-11-23 14:49:39,017 DEBUG micropolis.graphics_setup: [get_resource_path] Looking for asset: filename='obj5-5.xpm', category=images, normalized='obj5-5.xpm'
2025-11-23 14:49:39,018 DEBUG micropolis.graphics_setup: [get_resource_path] Added image path variant: images/obj5-5.xpm
2025-11-23 14:49:39,019 DEBUG micropolis.graphics_setup: [get_resource_path] Trying candidate: 'obj5-5.xpm'
2025-11-23 14:49:39,020 INFO micropolis.graphics_setup: [get_resource_path] ✓ Resolved 'obj5-5.xpm' → 'C:\Users\cyrex\files\projects\micropolis\assets\images\obj5-5.png'
2025-11-23 14:49:39,022 DEBUG micropolis.graphics_setup: [load_xpm_surface] Resolved path: C:\Users\cyrex\files\projects\micropolis\assets\images\obj5-5.png
2025-11-23 14:49:39,023 INFO micropolis.graphics_setup: [load_xpm_surface] ✓ Successfully loaded obj5-5.xpm (48x48)
2025-11-23 14:49:39,024 DEBUG micropolis.graphics_setup: [load_xpm_surface] Attempting to load: obj5-6.xpm
2025-11-23 14:49:39,025 DEBUG micropolis.graphics_setup: [get_resource_path] Looking for asset: filename='obj5-6.xpm', category=images, normalized='obj5-6.xpm'
2025-11-23 14:49:39,026 DEBUG micropolis.graphics_setup: [get_resource_path] Added image path variant: images/obj5-6.xpm
2025-11-23 14:49:39,027 DEBUG micropolis.graphics_setup: [get_resource_path] Trying candidate: 'obj5-6.xpm'
2025-11-23 14:49:39,028 INFO micropolis.graphics_setup: [get_resource_path] ✓ Resolved 'obj5-6.xpm' → 'C:\Users\cyrex\files\projects\micropolis\assets\images\obj5-6.png'
2025-11-23 14:49:39,029 DEBUG micropolis.graphics_setup: [load_xpm_surface] Resolved path: C:\Users\cyrex\files\projects\micropolis\assets\images\obj5-6.png
2025-11-23 14:49:39,030 INFO micropolis.graphics_setup: [load_xpm_surface] ✓ Successfully loaded obj5-6.xpm (48x48)
2025-11-23 14:49:39,031 DEBUG micropolis.graphics_setup: [load_xpm_surface] Attempting to load: obj5-7.xpm
2025-11-23 14:49:39,032 DEBUG micropolis.graphics_setup: [get_resource_path] Looking for asset: filename='obj5-7.xpm', category=images, normalized='obj5-7.xpm'
2025-11-23 14:49:39,034 DEBUG micropolis.graphics_setup: [get_resource_path] Added image path variant: images/obj5-7.xpm
2025-11-23 14:49:39,035 DEBUG micropolis.graphics_setup: [get_resource_path] Trying candidate: 'obj5-7.xpm'
2025-11-23 14:49:39,036 INFO micropolis.graphics_setup: [get_resource_path] ✓ Resolved 'obj5-7.xpm' → 'C:\Users\cyrex\files\projects\micropolis\assets\images\obj5-7.png'
2025-11-23 14:49:39,037 DEBUG micropolis.graphics_setup: [load_xpm_surface] Resolved path: C:\Users\cyrex\files\projects\micropolis\assets\images\obj5-7.png
2025-11-23 14:49:39,038 INFO micropolis.graphics_setup: [load_xpm_surface] ✓ Successfully loaded obj5-7.xpm (48x48)
2025-11-23 14:49:39,039 DEBUG micropolis.graphics_setup: [load_xpm_surface] Attempting to load: obj5-8.xpm
2025-11-23 14:49:39,040 DEBUG micropolis.graphics_setup: [get_resource_path] Looking for asset: filename='obj5-8.xpm', category=images, normalized='obj5-8.xpm'
2025-11-23 14:49:39,041 DEBUG micropolis.graphics_setup: [get_resource_path] Added image path variant: images/obj5-8.xpm
2025-11-23 14:49:39,042 DEBUG micropolis.graphics_setup: [get_resource_path] Trying candidate: 'obj5-8.xpm'
2025-11-23 14:49:39,043 INFO micropolis.graphics_setup: [get_resource_path] ✓ Resolved 'obj5-8.xpm' → 'C:\Users\cyrex\files\projects\micropolis\assets\images\obj5-8.png'
2025-11-23 14:49:39,044 DEBUG micropolis.graphics_setup: [load_xpm_surface] Resolved path: C:\Users\cyrex\files\projects\micropolis\assets\images\obj5-8.png
2025-11-23 14:49:39,045 INFO micropolis.graphics_setup: [load_xpm_surface] ✓ Successfully loaded obj5-8.xpm (48x48)
2025-11-23 14:49:39,046 DEBUG micropolis.graphics_setup: [load_xpm_surface] Attempting to load: obj5-9.xpm
2025-11-23 14:49:39,047 DEBUG micropolis.graphics_setup: [get_resource_path] Looking for asset: filename='obj5-9.xpm', category=images, normalized='obj5-9.xpm'
2025-11-23 14:49:39,048 DEBUG micropolis.graphics_setup: [get_resource_path] Added image path variant: images/obj5-9.xpm
2025-11-23 14:49:39,049 DEBUG micropolis.graphics_setup: [get_resource_path] Trying candidate: 'obj5-9.xpm'
2025-11-23 14:49:39,050 INFO micropolis.graphics_setup: [get_resource_path] ✓ Resolved 'obj5-9.xpm' → 'C:\Users\cyrex\files\projects\micropolis\assets\images\obj5-9.png'
2025-11-23 14:49:39,051 DEBUG micropolis.graphics_setup: [load_xpm_surface] Resolved path: C:\Users\cyrex\files\projects\micropolis\assets\images\obj5-9.png
2025-11-23 14:49:39,053 INFO micropolis.graphics_setup: [load_xpm_surface] ✓ Successfully loaded obj5-9.xpm (48x48)
2025-11-23 14:49:39,053 DEBUG micropolis.graphics_setup: [load_xpm_surface] Attempting to load: obj5-10.xpm
2025-11-23 14:49:39,054 DEBUG micropolis.graphics_setup: [get_resource_path] Looking for asset: filename='obj5-10.xpm', category=images, normalized='obj5-10.xpm'
2025-11-23 14:49:39,055 DEBUG micropolis.graphics_setup: [get_resource_path] Added image path variant: images/obj5-10.xpm
2025-11-23 14:49:39,056 DEBUG micropolis.graphics_setup: [get_resource_path] Trying candidate: 'obj5-10.xpm'
2025-11-23 14:49:39,059 INFO micropolis.graphics_setup: [get_resource_path] ✓ Resolved 'obj5-10.xpm' → 'C:\Users\cyrex\files\projects\micropolis\assets\images\obj5-10.png'
2025-11-23 14:49:39,060 DEBUG micropolis.graphics_setup: [load_xpm_surface] Resolved path: C:\Users\cyrex\files\projects\micropolis\assets\images\obj5-10.png
2025-11-23 14:49:39,062 INFO micropolis.graphics_setup: [load_xpm_surface] ✓ Successfully loaded obj5-10.xpm (48x48)
2025-11-23 14:49:39,063 DEBUG micropolis.graphics_setup: [load_xpm_surface] Attempting to load: obj5-11.xpm
2025-11-23 14:49:39,064 DEBUG micropolis.graphics_setup: [get_resource_path] Looking for asset: filename='obj5-11.xpm', category=images, normalized='obj5-11.xpm'
2025-11-23 14:49:39,065 DEBUG micropolis.graphics_setup: [get_resource_path] Added image path variant: images/obj5-11.xpm
2025-11-23 14:49:39,066 DEBUG micropolis.graphics_setup: [get_resource_path] Trying candidate: 'obj5-11.xpm'
2025-11-23 14:49:39,067 INFO micropolis.graphics_setup: [get_resource_path] ✓ Resolved 'obj5-11.xpm' → 'C:\Users\cyrex\files\projects\micropolis\assets\images\obj5-11.png'
2025-11-23 14:49:39,068 DEBUG micropolis.graphics_setup: [load_xpm_surface] Resolved path: C:\Users\cyrex\files\projects\micropolis\assets\images\obj5-11.png
2025-11-23 14:49:39,069 INFO micropolis.graphics_setup: [load_xpm_surface] ✓ Successfully loaded obj5-11.xpm (48x48)
2025-11-23 14:49:39,070 DEBUG micropolis.graphics_setup: [load_xpm_surface] Attempting to load: obj5-12.xpm
2025-11-23 14:49:39,071 DEBUG micropolis.graphics_setup: [get_resource_path] Looking for asset: filename='obj5-12.xpm', category=images, normalized='obj5-12.xpm'
2025-11-23 14:49:39,072 DEBUG micropolis.graphics_setup: [get_resource_path] Added image path variant: images/obj5-12.xpm
2025-11-23 14:49:39,073 DEBUG micropolis.graphics_setup: [get_resource_path] Trying candidate: 'obj5-12.xpm'
2025-11-23 14:49:39,074 INFO micropolis.graphics_setup: [get_resource_path] ✓ Resolved 'obj5-12.xpm' → 'C:\Users\cyrex\files\projects\micropolis\assets\images\obj5-12.png'
2025-11-23 14:49:39,075 DEBUG micropolis.graphics_setup: [load_xpm_surface] Resolved path: C:\Users\cyrex\files\projects\micropolis\assets\images\obj5-12.png
2025-11-23 14:49:39,076 INFO micropolis.graphics_setup: [load_xpm_surface] ✓ Successfully loaded obj5-12.xpm (48x48)
2025-11-23 14:49:39,077 DEBUG micropolis.graphics_setup: [load_xpm_surface] Attempting to load: obj5-13.xpm
2025-11-23 14:49:39,078 DEBUG micropolis.graphics_setup: [get_resource_path] Looking for asset: filename='obj5-13.xpm', category=images, normalized='obj5-13.xpm'
2025-11-23 14:49:39,079 DEBUG micropolis.graphics_setup: [get_resource_path] Added image path variant: images/obj5-13.xpm
2025-11-23 14:49:39,080 DEBUG micropolis.graphics_setup: [get_resource_path] Trying candidate: 'obj5-13.xpm'
2025-11-23 14:49:39,081 INFO micropolis.graphics_setup: [get_resource_path] ✓ Resolved 'obj5-13.xpm' → 'C:\Users\cyrex\files\projects\micropolis\assets\images\obj5-13.png'
2025-11-23 14:49:39,082 DEBUG micropolis.graphics_setup: [load_xpm_surface] Resolved path: C:\Users\cyrex\files\projects\micropolis\assets\images\obj5-13.png
2025-11-23 14:49:39,083 INFO micropolis.graphics_setup: [load_xpm_surface] ✓ Successfully loaded obj5-13.xpm (48x48)
2025-11-23 14:49:39,084 DEBUG micropolis.graphics_setup: [load_xpm_surface] Attempting to load: obj5-14.xpm
2025-11-23 14:49:39,085 DEBUG micropolis.graphics_setup: [get_resource_path] Looking for asset: filename='obj5-14.xpm', category=images, normalized='obj5-14.xpm'
2025-11-23 14:49:39,086 DEBUG micropolis.graphics_setup: [get_resource_path] Added image path variant: images/obj5-14.xpm
2025-11-23 14:49:39,087 DEBUG micropolis.graphics_setup: [get_resource_path] Trying candidate: 'obj5-14.xpm'
2025-11-23 14:49:39,088 INFO micropolis.graphics_setup: [get_resource_path] ✓ Resolved 'obj5-14.xpm' → 'C:\Users\cyrex\files\projects\micropolis\assets\images\obj5-14.png'
2025-11-23 14:49:39,089 DEBUG micropolis.graphics_setup: [load_xpm_surface] Resolved path: C:\Users\cyrex\files\projects\micropolis\assets\images\obj5-14.png
2025-11-23 14:49:39,090 INFO micropolis.graphics_setup: [load_xpm_surface] ✓ Successfully loaded obj5-14.xpm (48x48)
2025-11-23 14:49:39,091 DEBUG micropolis.graphics_setup: [load_xpm_surface] Attempting to load: obj5-15.xpm
2025-11-23 14:49:39,092 DEBUG micropolis.graphics_setup: [get_resource_path] Looking for asset: filename='obj5-15.xpm', category=images, normalized='obj5-15.xpm'
2025-11-23 14:49:39,094 DEBUG micropolis.graphics_setup: [get_resource_path] Added image path variant: images/obj5-15.xpm
2025-11-23 14:49:39,094 DEBUG micropolis.graphics_setup: [get_resource_path] Trying candidate: 'obj5-15.xpm'
2025-11-23 14:49:39,096 INFO micropolis.graphics_setup: [get_resource_path] ✓ Resolved 'obj5-15.xpm' → 'C:\Users\cyrex\files\projects\micropolis\assets\images\obj5-15.png'
2025-11-23 14:49:39,097 DEBUG micropolis.graphics_setup: [load_xpm_surface] Resolved path: C:\Users\cyrex\files\projects\micropolis\assets\images\obj5-15.png
2025-11-23 14:49:39,098 INFO micropolis.graphics_setup: [load_xpm_surface] ✓ Successfully loaded obj5-15.xpm (48x48)
2025-11-23 14:49:39,099 DEBUG micropolis.graphics_setup: [load_xpm_surface] Attempting to load: obj6-0.xpm
2025-11-23 14:49:39,100 DEBUG micropolis.graphics_setup: [get_resource_path] Looking for asset: filename='obj6-0.xpm', category=images, normalized='obj6-0.xpm'
2025-11-23 14:49:39,101 DEBUG micropolis.graphics_setup: [get_resource_path] Added image path variant: images/obj6-0.xpm
2025-11-23 14:49:39,102 DEBUG micropolis.graphics_setup: [get_resource_path] Trying candidate: 'obj6-0.xpm'
2025-11-23 14:49:39,103 INFO micropolis.graphics_setup: [get_resource_path] ✓ Resolved 'obj6-0.xpm' → 'C:\Users\cyrex\files\projects\micropolis\assets\images\obj6-0.png'
2025-11-23 14:49:39,104 DEBUG micropolis.graphics_setup: [load_xpm_surface] Resolved path: C:\Users\cyrex\files\projects\micropolis\assets\images\obj6-0.png
2025-11-23 14:49:39,105 INFO micropolis.graphics_setup: [load_xpm_surface] ✓ Successfully loaded obj6-0.xpm (48x48)
2025-11-23 14:49:39,106 DEBUG micropolis.graphics_setup: [load_xpm_surface] Attempting to load: obj6-1.xpm
2025-11-23 14:49:39,107 DEBUG micropolis.graphics_setup: [get_resource_path] Looking for asset: filename='obj6-1.xpm', category=images, normalized='obj6-1.xpm'
2025-11-23 14:49:39,109 DEBUG micropolis.graphics_setup: [get_resource_path] Added image path variant: images/obj6-1.xpm
2025-11-23 14:49:39,110 DEBUG micropolis.graphics_setup: [get_resource_path] Trying candidate: 'obj6-1.xpm'
2025-11-23 14:49:39,111 INFO micropolis.graphics_setup: [get_resource_path] ✓ Resolved 'obj6-1.xpm' → 'C:\Users\cyrex\files\projects\micropolis\assets\images\obj6-1.png'
2025-11-23 14:49:39,112 DEBUG micropolis.graphics_setup: [load_xpm_surface] Resolved path: C:\Users\cyrex\files\projects\micropolis\assets\images\obj6-1.png
2025-11-23 14:49:39,113 INFO micropolis.graphics_setup: [load_xpm_surface] ✓ Successfully loaded obj6-1.xpm (48x48)
2025-11-23 14:49:39,114 DEBUG micropolis.graphics_setup: [load_xpm_surface] Attempting to load: obj6-2.xpm
2025-11-23 14:49:39,147 DEBUG micropolis.graphics_setup: [get_resource_path] Looking for asset: filename='obj6-2.xpm', category=images, normalized='obj6-2.xpm'
2025-11-23 14:49:39,157 DEBUG micropolis.graphics_setup: [get_resource_path] Added image path variant: images/obj6-2.xpm
2025-11-23 14:49:39,164 DEBUG micropolis.graphics_setup: [get_resource_path] Trying candidate: 'obj6-2.xpm'
2025-11-23 14:49:39,169 INFO micropolis.graphics_setup: [get_resource_path] ✓ Resolved 'obj6-2.xpm' → 'C:\Users\cyrex\files\projects\micropolis\assets\images\obj6-2.png'
2025-11-23 14:49:39,171 DEBUG micropolis.graphics_setup: [load_xpm_surface] Resolved path: C:\Users\cyrex\files\projects\micropolis\assets\images\obj6-2.png
2025-11-23 14:49:39,173 INFO micropolis.graphics_setup: [load_xpm_surface] ✓ Successfully loaded obj6-2.xpm (48x48)
2025-11-23 14:49:39,174 DEBUG micropolis.graphics_setup: [load_xpm_surface] Attempting to load: obj7-0.xpm
2025-11-23 14:49:39,175 DEBUG micropolis.graphics_setup: [get_resource_path] Looking for asset: filename='obj7-0.xpm', category=images, normalized='obj7-0.xpm'
2025-11-23 14:49:39,177 DEBUG micropolis.graphics_setup: [get_resource_path] Added image path variant: images/obj7-0.xpm
2025-11-23 14:49:39,179 DEBUG micropolis.graphics_setup: [get_resource_path] Trying candidate: 'obj7-0.xpm'
2025-11-23 14:49:39,182 INFO micropolis.graphics_setup: [get_resource_path] ✓ Resolved 'obj7-0.xpm' → 'C:\Users\cyrex\files\projects\micropolis\assets\images\obj7-0.png'
2025-11-23 14:49:39,186 DEBUG micropolis.graphics_setup: [load_xpm_surface] Resolved path: C:\Users\cyrex\files\projects\micropolis\assets\images\obj7-0.png
2025-11-23 14:49:39,187 INFO micropolis.graphics_setup: [load_xpm_surface] ✓ Successfully loaded obj7-0.xpm (48x48)
2025-11-23 14:49:39,188 DEBUG micropolis.graphics_setup: [load_xpm_surface] Attempting to load: obj7-1.xpm
2025-11-23 14:49:39,189 DEBUG micropolis.graphics_setup: [get_resource_path] Looking for asset: filename='obj7-1.xpm', category=images, normalized='obj7-1.xpm'
2025-11-23 14:49:39,190 DEBUG micropolis.graphics_setup: [get_resource_path] Added image path variant: images/obj7-1.xpm
2025-11-23 14:49:39,191 DEBUG micropolis.graphics_setup: [get_resource_path] Trying candidate: 'obj7-1.xpm'
2025-11-23 14:49:39,193 INFO micropolis.graphics_setup: [get_resource_path] ✓ Resolved 'obj7-1.xpm' → 'C:\Users\cyrex\files\projects\micropolis\assets\images\obj7-1.png'
2025-11-23 14:49:39,194 DEBUG micropolis.graphics_setup: [load_xpm_surface] Resolved path: C:\Users\cyrex\files\projects\micropolis\assets\images\obj7-1.png
2025-11-23 14:49:39,195 INFO micropolis.graphics_setup: [load_xpm_surface] ✓ Successfully loaded obj7-1.xpm (48x48)
2025-11-23 14:49:39,196 DEBUG micropolis.graphics_setup: [load_xpm_surface] Attempting to load: obj7-2.xpm
2025-11-23 14:49:39,197 DEBUG micropolis.graphics_setup: [get_resource_path] Looking for asset: filename='obj7-2.xpm', category=images, normalized='obj7-2.xpm'
2025-11-23 14:49:39,198 DEBUG micropolis.graphics_setup: [get_resource_path] Added image path variant: images/obj7-2.xpm
2025-11-23 14:49:39,198 DEBUG micropolis.graphics_setup: [get_resource_path] Trying candidate: 'obj7-2.xpm'
2025-11-23 14:49:39,200 INFO micropolis.graphics_setup: [get_resource_path] ✓ Resolved 'obj7-2.xpm' → 'C:\Users\cyrex\files\projects\micropolis\assets\images\obj7-2.png'
2025-11-23 14:49:39,201 DEBUG micropolis.graphics_setup: [load_xpm_surface] Resolved path: C:\Users\cyrex\files\projects\micropolis\assets\images\obj7-2.png
2025-11-23 14:49:39,202 INFO micropolis.graphics_setup: [load_xpm_surface] ✓ Successfully loaded obj7-2.xpm (48x48)
2025-11-23 14:49:39,203 DEBUG micropolis.graphics_setup: [load_xpm_surface] Attempting to load: obj7-3.xpm
2025-11-23 14:49:39,204 DEBUG micropolis.graphics_setup: [get_resource_path] Looking for asset: filename='obj7-3.xpm', category=images, normalized='obj7-3.xpm'
2025-11-23 14:49:39,205 DEBUG micropolis.graphics_setup: [get_resource_path] Added image path variant: images/obj7-3.xpm
2025-11-23 14:49:39,206 DEBUG micropolis.graphics_setup: [get_resource_path] Trying candidate: 'obj7-3.xpm'
2025-11-23 14:49:39,207 INFO micropolis.graphics_setup: [get_resource_path] ✓ Resolved 'obj7-3.xpm' → 'C:\Users\cyrex\files\projects\micropolis\assets\images\obj7-3.png'
2025-11-23 14:49:39,208 DEBUG micropolis.graphics_setup: [load_xpm_surface] Resolved path: C:\Users\cyrex\files\projects\micropolis\assets\images\obj7-3.png
2025-11-23 14:49:39,209 INFO micropolis.graphics_setup: [load_xpm_surface] ✓ Successfully loaded obj7-3.xpm (48x48)
2025-11-23 14:49:39,210 DEBUG micropolis.graphics_setup: [load_xpm_surface] Attempting to load: obj7-4.xpm
2025-11-23 14:49:39,211 DEBUG micropolis.graphics_setup: [get_resource_path] Looking for asset: filename='obj7-4.xpm', category=images, normalized='obj7-4.xpm'
2025-11-23 14:49:39,212 DEBUG micropolis.graphics_setup: [get_resource_path] Added image path variant: images/obj7-4.xpm
2025-11-23 14:49:39,213 DEBUG micropolis.graphics_setup: [get_resource_path] Trying candidate: 'obj7-4.xpm'
2025-11-23 14:49:39,214 INFO micropolis.graphics_setup: [get_resource_path] ✓ Resolved 'obj7-4.xpm' → 'C:\Users\cyrex\files\projects\micropolis\assets\images\obj7-4.png'
2025-11-23 14:49:39,215 DEBUG micropolis.graphics_setup: [load_xpm_surface] Resolved path: C:\Users\cyrex\files\projects\micropolis\assets\images\obj7-4.png
2025-11-23 14:49:39,216 INFO micropolis.graphics_setup: [load_xpm_surface] ✓ Successfully loaded obj7-4.xpm (48x48)
2025-11-23 14:49:39,217 DEBUG micropolis.graphics_setup: [load_xpm_surface] Attempting to load: obj7-5.xpm
2025-11-23 14:49:39,218 DEBUG micropolis.graphics_setup: [get_resource_path] Looking for asset: filename='obj7-5.xpm', category=images, normalized='obj7-5.xpm'
2025-11-23 14:49:39,219 DEBUG micropolis.graphics_setup: [get_resource_path] Added image path variant: images/obj7-5.xpm
2025-11-23 14:49:39,220 DEBUG micropolis.graphics_setup: [get_resource_path] Trying candidate: 'obj7-5.xpm'
2025-11-23 14:49:39,221 INFO micropolis.graphics_setup: [get_resource_path] ✓ Resolved 'obj7-5.xpm' → 'C:\Users\cyrex\files\projects\micropolis\assets\images\obj7-5.png'
2025-11-23 14:49:39,222 DEBUG micropolis.graphics_setup: [load_xpm_surface] Resolved path: C:\Users\cyrex\files\projects\micropolis\assets\images\obj7-5.png
2025-11-23 14:49:39,223 INFO micropolis.graphics_setup: [load_xpm_surface] ✓ Successfully loaded obj7-5.xpm (48x48)
2025-11-23 14:49:39,224 DEBUG micropolis.graphics_setup: [load_xpm_surface] Attempting to load: obj8-0.xpm
2025-11-23 14:49:39,225 DEBUG micropolis.graphics_setup: [get_resource_path] Looking for asset: filename='obj8-0.xpm', category=images, normalized='obj8-0.xpm'
2025-11-23 14:49:39,226 DEBUG micropolis.graphics_setup: [get_resource_path] Added image path variant: images/obj8-0.xpm
2025-11-23 14:49:39,227 DEBUG micropolis.graphics_setup: [get_resource_path] Trying candidate: 'obj8-0.xpm'
2025-11-23 14:49:39,228 INFO micropolis.graphics_setup: [get_resource_path] ✓ Resolved 'obj8-0.xpm' → 'C:\Users\cyrex\files\projects\micropolis\assets\images\obj8-0.png'
2025-11-23 14:49:39,229 DEBUG micropolis.graphics_setup: [load_xpm_surface] Resolved path: C:\Users\cyrex\files\projects\micropolis\assets\images\obj8-0.png
2025-11-23 14:49:39,231 INFO micropolis.graphics_setup: [load_xpm_surface] ✓ Successfully loaded obj8-0.xpm (32x32)
2025-11-23 14:49:39,232 DEBUG micropolis.graphics_setup: [load_xpm_surface] Attempting to load: obj8-1.xpm
2025-11-23 14:49:39,232 DEBUG micropolis.graphics_setup: [get_resource_path] Looking for asset: filename='obj8-1.xpm', category=images, normalized='obj8-1.xpm'
2025-11-23 14:49:39,233 DEBUG micropolis.graphics_setup: [get_resource_path] Added image path variant: images/obj8-1.xpm
2025-11-23 14:49:39,234 DEBUG micropolis.graphics_setup: [get_resource_path] Trying candidate: 'obj8-1.xpm'
2025-11-23 14:49:39,236 INFO micropolis.graphics_setup: [get_resource_path] ✓ Resolved 'obj8-1.xpm' → 'C:\Users\cyrex\files\projects\micropolis\assets\images\obj8-1.png'
2025-11-23 14:49:39,236 DEBUG micropolis.graphics_setup: [load_xpm_surface] Resolved path: C:\Users\cyrex\files\projects\micropolis\assets\images\obj8-1.png
2025-11-23 14:49:39,238 INFO micropolis.graphics_setup: [load_xpm_surface] ✓ Successfully loaded obj8-1.xpm (32x32)
2025-11-23 14:49:39,239 DEBUG micropolis.graphics_setup: [load_xpm_surface] Attempting to load: obj8-2.xpm
2025-11-23 14:49:39,240 DEBUG micropolis.graphics_setup: [get_resource_path] Looking for asset: filename='obj8-2.xpm', category=images, normalized='obj8-2.xpm'
2025-11-23 14:49:39,241 DEBUG micropolis.graphics_setup: [get_resource_path] Added image path variant: images/obj8-2.xpm
2025-11-23 14:49:39,242 DEBUG micropolis.graphics_setup: [get_resource_path] Trying candidate: 'obj8-2.xpm'
2025-11-23 14:49:39,243 INFO micropolis.graphics_setup: [get_resource_path] ✓ Resolved 'obj8-2.xpm' → 'C:\Users\cyrex\files\projects\micropolis\assets\images\obj8-2.png'
2025-11-23 14:49:39,244 DEBUG micropolis.graphics_setup: [load_xpm_surface] Resolved path: C:\Users\cyrex\files\projects\micropolis\assets\images\obj8-2.png
2025-11-23 14:49:39,245 INFO micropolis.graphics_setup: [load_xpm_surface] ✓ Successfully loaded obj8-2.xpm (32x32)
2025-11-23 14:49:39,246 DEBUG micropolis.graphics_setup: [load_xpm_surface] Attempting to load: obj8-3.xpm
2025-11-23 14:49:39,247 DEBUG micropolis.graphics_setup: [get_resource_path] Looking for asset: filename='obj8-3.xpm', category=images, normalized='obj8-3.xpm'
2025-11-23 14:49:39,248 DEBUG micropolis.graphics_setup: [get_resource_path] Added image path variant: images/obj8-3.xpm
2025-11-23 14:49:39,249 DEBUG micropolis.graphics_setup: [get_resource_path] Trying candidate: 'obj8-3.xpm'
2025-11-23 14:49:39,250 INFO micropolis.graphics_setup: [get_resource_path] ✓ Resolved 'obj8-3.xpm' → 'C:\Users\cyrex\files\projects\micropolis\assets\images\obj8-3.png'
2025-11-23 14:49:39,251 DEBUG micropolis.graphics_setup: [load_xpm_surface] Resolved path: C:\Users\cyrex\files\projects\micropolis\assets\images\obj8-3.png
2025-11-23 14:49:39,252 INFO micropolis.graphics_setup: [load_xpm_surface] ✓ Successfully loaded obj8-3.xpm (32x32)
2025-11-23 14:49:39,288 INFO micropolis.graphics_setup: [init_view_graphics] Initializing graphics for view: class_id=0, type=1
2025-11-23 14:49:39,289 DEBUG micropolis.graphics_setup: [init_view_graphics] View display attributes: color=1
2025-11-23 14:49:39,291 DEBUG micropolis.graphics_setup: [init_view_graphics] Calling get_view_tiles()...
2025-11-23 14:49:39,292 INFO micropolis.graphics_setup: [get_view_tiles] Loading tiles for view: class_id=0, is_editor=True, is_map=False, type=1
2025-11-23 14:49:39,293 DEBUG micropolis.graphics_setup: [get_view_tiles] Loading tiles for EDITOR view
2025-11-23 14:49:39,294 DEBUG micropolis.graphics_setup: [get_view_tiles] Editor view type: X_Mem_View
2025-11-23 14:49:39,295 INFO micropolis.graphics_setup: [get_view_tiles] Loading big tile image: tiles.png
2025-11-23 14:49:39,296 DEBUG micropolis.graphics_setup: [load_xpm_surface] Attempting to load: tiles.png
2025-11-23 14:49:39,296 DEBUG micropolis.graphics_setup: [get_resource_path] Looking for asset: filename='tiles.png', category=images, normalized='tiles.png'
2025-11-23 14:49:39,297 DEBUG micropolis.graphics_setup: [get_resource_path] Added image path variant: images/tiles.png
2025-11-23 14:49:39,299 DEBUG micropolis.graphics_setup: [get_resource_path] Trying candidate: 'tiles.png'
2025-11-23 14:49:39,300 INFO micropolis.graphics_setup: [get_resource_path] ✓ Resolved 'tiles.png' → 'C:\Users\cyrex\files\projects\micropolis\assets\images\tiles.png'
2025-11-23 14:49:39,300 DEBUG micropolis.graphics_setup: [load_xpm_surface] Resolved path: C:\Users\cyrex\files\projects\micropolis\assets\images\tiles.png
2025-11-23 14:49:39,305 INFO micropolis.graphics_setup: [load_xpm_surface] ✓ Successfully loaded tiles.png (16x15360)
2025-11-23 14:49:39,306 INFO micropolis.graphics_setup: [get_view_tiles] ✓ Loaded big tile image: 16x15360
2025-11-23 14:49:39,307 DEBUG micropolis.graphics_setup: [get_view_tiles] Set view.bigtiles from big_tile_image
2025-11-23 14:49:39,308 INFO micropolis.graphics_setup: [init_view_graphics] ✓ Graphics initialized: bigtiles=True, smalltiles=False
2025-11-23 14:49:39,309 DEBUG micropolis.engine: Editor view tile cache initialized: bigtiles=present
2025-11-23 14:49:39,310 DEBUG micropolis.engine: Created surface for view: 360x300 (class_id=1)
2025-11-23 14:49:39,311 INFO micropolis.graphics_setup: [init_view_graphics] Initializing graphics for view: class_id=1, type=1
2025-11-23 14:49:39,312 DEBUG micropolis.graphics_setup: [init_view_graphics] View display attributes: color=1
2025-11-23 14:49:39,313 DEBUG micropolis.graphics_setup: [init_view_graphics] Calling get_view_tiles()...
2025-11-23 14:49:39,315 INFO micropolis.graphics_setup: [get_view_tiles] Loading tiles for view: class_id=1, is_editor=False, is_map=True, type=1
2025-11-23 14:49:39,316 DEBUG micropolis.graphics_setup: [get_view_tiles] Loading tiles for MAP view
2025-11-23 14:49:39,317 INFO micropolis.graphics_setup: [get_view_tiles] Loading small tile image: tilessm.png
2025-11-23 14:49:39,318 DEBUG micropolis.graphics_setup: [load_xpm_surface] Attempting to load: tilessm.png
2025-11-23 14:49:39,319 DEBUG micropolis.graphics_setup: [get_resource_path] Looking for asset: filename='tilessm.png', category=images, normalized='tilessm.png'
2025-11-23 14:49:39,320 DEBUG micropolis.graphics_setup: [get_resource_path] Added image path variant: images/tilessm.png
2025-11-23 14:49:39,321 DEBUG micropolis.graphics_setup: [get_resource_path] Trying candidate: 'tilessm.png'
2025-11-23 14:49:39,323 INFO micropolis.graphics_setup: [get_resource_path] ✓ Resolved 'tilessm.png' → 'C:\Users\cyrex\files\projects\micropolis\assets\images\tilessm.png'
2025-11-23 14:49:39,324 DEBUG micropolis.graphics_setup: [load_xpm_surface] Resolved path: C:\Users\cyrex\files\projects\micropolis\assets\images\tilessm.png
2025-11-23 14:49:39,326 INFO micropolis.graphics_setup: [load_xpm_surface] ✓ Successfully loaded tilessm.png (4x2880)
2025-11-23 14:49:39,327 INFO micropolis.graphics_setup: [get_view_tiles] ✓ Loaded small tile image: 4x2880
2025-11-23 14:49:39,328 DEBUG micropolis.graphics_setup: [get_view_tiles] Converting small tiles to 4x4 format
2025-11-23 14:49:39,334 INFO micropolis.graphics_setup: [get_view_tiles] ✓ Converted 960 small tiles to 4x4 format (61440 bytes)
2025-11-23 14:49:39,335 INFO micropolis.graphics_setup: [init_view_graphics] ✓ Graphics initialized: bigtiles=False, smalltiles=True
2025-11-23 14:49:39,337 DEBUG micropolis.engine: Map view tile cache initialized: smalltiles=present
2025-11-23 14:49:39,338 INFO micropolis.engine: All view surfaces initialized successfully
2025-11-23 14:49:39,343 INFO micropolis.engine: Editor panel created and registered successfully
2025-11-23 14:49:39,344 INFO micropolis.engine: Tool palette panel created and registered successfully
2025-11-23 14:49:39,345 INFO micropolis.engine: Head panel created and registered successfully
2025-11-23 14:49:39,358 INFO micropolis.engine: Pygame window initialized. Press Ctrl+C to exit
2025-11-23 14:49:54,049 INFO micropolis.engine: Stopping Micropolis...
2025-11-23 14:49:54,050 DEBUG micropolis.engine: Stopped all pygame timers
2025-11-23 14:49:54,052 DEBUG micropolis.engine: Cleaned up tkinter bridge
2025-11-23 14:49:54,052 INFO micropolis.audio: Sound system shut down
2025-11-23 14:49:54,053 DEBUG micropolis.engine: Shut down audio system
2025-11-23 14:49:54,054 DEBUG micropolis.engine: Cleaned up graphics
2025-11-23 14:49:54,055 DEBUG micropolis.engine: Cleared event bus
2025-11-23 14:49:54,056 INFO micropolis.engine: Micropolis stopped successfully
